<?xml version="1.0" encoding="UTF-8"?>
<testsuite xmlns:xsi="http://www.w3.org/2001/XMLSchema-instance" xsi:noNamespaceSchemaLocation="https://maven.apache.org/surefire/maven-surefire-plugin/xsd/surefire-test-report.xsd" version="3.0.2" name="com.example.demo.integration.LessonControllerIntegrationTest" time="0.144" tests="5" errors="0" skipped="0" failures="0">
  <properties>
    <property name="java.specification.version" value="23"/>
    <property name="sun.cpu.isalist" value="amd64"/>
    <property name="sun.jnu.encoding" value="Cp1250"/>
    <property name="java.class.path" value="C:\Users\jakub\OneDrive\Pulpit\bachleor\Bachleor\demo\target\test-classes;C:\Users\jakub\OneDrive\Pulpit\bachleor\Bachleor\demo\target\classes;C:\Users\jakub\.m2\repository\org\springframework\boot\spring-boot-starter-web\3.4.1\spring-boot-starter-web-3.4.1.jar;C:\Users\jakub\.m2\repository\org\springframework\boot\spring-boot-starter\3.4.1\spring-boot-starter-3.4.1.jar;C:\Users\jakub\.m2\repository\org\springframework\boot\spring-boot\3.4.1\spring-boot-3.4.1.jar;C:\Users\jakub\.m2\repository\org\springframework\boot\spring-boot-autoconfigure\3.4.1\spring-boot-autoconfigure-3.4.1.jar;C:\Users\jakub\.m2\repository\org\springframework\boot\spring-boot-starter-logging\3.4.1\spring-boot-starter-logging-3.4.1.jar;C:\Users\jakub\.m2\repository\ch\qos\logback\logback-classic\1.5.12\logback-classic-1.5.12.jar;C:\Users\jakub\.m2\repository\ch\qos\logback\logback-core\1.5.12\logback-core-1.5.12.jar;C:\Users\jakub\.m2\repository\org\apache\logging\log4j\log4j-to-slf4j\2.24.3\log4j-to-slf4j-2.24.3.jar;C:\Users\jakub\.m2\repository\org\apache\logging\log4j\log4j-api\2.24.3\log4j-api-2.24.3.jar;C:\Users\jakub\.m2\repository\org\slf4j\jul-to-slf4j\2.0.16\jul-to-slf4j-2.0.16.jar;C:\Users\jakub\.m2\repository\jakarta\annotation\jakarta.annotation-api\2.1.1\jakarta.annotation-api-2.1.1.jar;C:\Users\jakub\.m2\repository\org\yaml\snakeyaml\2.3\snakeyaml-2.3.jar;C:\Users\jakub\.m2\repository\org\springframework\boot\spring-boot-starter-json\3.4.1\spring-boot-starter-json-3.4.1.jar;C:\Users\jakub\.m2\repository\com\fasterxml\jackson\core\jackson-databind\2.18.2\jackson-databind-2.18.2.jar;C:\Users\jakub\.m2\repository\com\fasterxml\jackson\core\jackson-annotations\2.18.2\jackson-annotations-2.18.2.jar;C:\Users\jakub\.m2\repository\com\fasterxml\jackson\core\jackson-core\2.18.2\jackson-core-2.18.2.jar;C:\Users\jakub\.m2\repository\com\fasterxml\jackson\datatype\jackson-datatype-jdk8\2.18.2\jackson-datatype-jdk8-2.18.2.jar;C:\Users\jakub\.m2\repository\com\fasterxml\jackson\datatype\jackson-datatype-jsr310\2.18.2\jackson-datatype-jsr310-2.18.2.jar;C:\Users\jakub\.m2\repository\com\fasterxml\jackson\module\jackson-module-parameter-names\2.18.2\jackson-module-parameter-names-2.18.2.jar;C:\Users\jakub\.m2\repository\org\springframework\boot\spring-boot-starter-tomcat\3.4.1\spring-boot-starter-tomcat-3.4.1.jar;C:\Users\jakub\.m2\repository\org\apache\tomcat\embed\tomcat-embed-core\10.1.34\tomcat-embed-core-10.1.34.jar;C:\Users\jakub\.m2\repository\org\apache\tomcat\embed\tomcat-embed-websocket\10.1.34\tomcat-embed-websocket-10.1.34.jar;C:\Users\jakub\.m2\repository\org\springframework\spring-web\6.2.1\spring-web-6.2.1.jar;C:\Users\jakub\.m2\repository\io\micrometer\micrometer-observation\1.14.2\micrometer-observation-1.14.2.jar;C:\Users\jakub\.m2\repository\io\micrometer\micrometer-commons\1.14.2\micrometer-commons-1.14.2.jar;C:\Users\jakub\.m2\repository\org\springframework\spring-webmvc\6.2.1\spring-webmvc-6.2.1.jar;C:\Users\jakub\.m2\repository\org\springframework\spring-expression\6.2.1\spring-expression-6.2.1.jar;C:\Users\jakub\.m2\repository\org\springframework\boot\spring-boot-starter-thymeleaf\3.4.1\spring-boot-starter-thymeleaf-3.4.1.jar;C:\Users\jakub\.m2\repository\org\thymeleaf\thymeleaf-spring6\3.1.3.RELEASE\thymeleaf-spring6-3.1.3.RELEASE.jar;C:\Users\jakub\.m2\repository\org\springframework\boot\spring-boot-starter-data-jdbc\3.4.1\spring-boot-starter-data-jdbc-3.4.1.jar;C:\Users\jakub\.m2\repository\org\springframework\boot\spring-boot-starter-jdbc\3.4.1\spring-boot-starter-jdbc-3.4.1.jar;C:\Users\jakub\.m2\repository\com\zaxxer\HikariCP\5.1.0\HikariCP-5.1.0.jar;C:\Users\jakub\.m2\repository\org\springframework\data\spring-data-jdbc\3.4.1\spring-data-jdbc-3.4.1.jar;C:\Users\jakub\.m2\repository\org\springframework\data\spring-data-relational\3.4.1\spring-data-relational-3.4.1.jar;C:\Users\jakub\.m2\repository\org\springframework\data\spring-data-commons\3.4.1\spring-data-commons-3.4.1.jar;C:\Users\jakub\.m2\repository\org\springframework\spring-tx\6.2.1\spring-tx-6.2.1.jar;C:\Users\jakub\.m2\repository\org\springframework\spring-beans\6.2.1\spring-beans-6.2.1.jar;C:\Users\jakub\.m2\repository\org\springframework\spring-core\6.2.1\spring-core-6.2.1.jar;C:\Users\jakub\.m2\repository\org\springframework\spring-jcl\6.2.1\spring-jcl-6.2.1.jar;C:\Users\jakub\.m2\repository\org\springframework\boot\spring-boot-starter-security\3.4.1\spring-boot-starter-security-3.4.1.jar;C:\Users\jakub\.m2\repository\org\springframework\spring-aop\6.2.1\spring-aop-6.2.1.jar;C:\Users\jakub\.m2\repository\org\springframework\security\spring-security-config\6.4.2\spring-security-config-6.4.2.jar;C:\Users\jakub\.m2\repository\org\springframework\security\spring-security-web\6.4.2\spring-security-web-6.4.2.jar;C:\Users\jakub\.m2\repository\org\thymeleaf\extras\thymeleaf-extras-java8time\3.0.4.RELEASE\thymeleaf-extras-java8time-3.0.4.RELEASE.jar;C:\Users\jakub\.m2\repository\org\thymeleaf\thymeleaf\3.1.3.RELEASE\thymeleaf-3.1.3.RELEASE.jar;C:\Users\jakub\.m2\repository\ognl\ognl\3.3.4\ognl-3.3.4.jar;C:\Users\jakub\.m2\repository\org\javassist\javassist\3.29.0-GA\javassist-3.29.0-GA.jar;C:\Users\jakub\.m2\repository\org\attoparser\attoparser\2.0.7.RELEASE\attoparser-2.0.7.RELEASE.jar;C:\Users\jakub\.m2\repository\org\unbescape\unbescape\1.1.6.RELEASE\unbescape-1.1.6.RELEASE.jar;C:\Users\jakub\.m2\repository\org\slf4j\slf4j-api\2.0.16\slf4j-api-2.0.16.jar;C:\Users\jakub\.m2\repository\org\postgresql\postgresql\42.7.4\postgresql-42.7.4.jar;C:\Users\jakub\.m2\repository\org\checkerframework\checker-qual\3.42.0\checker-qual-3.42.0.jar;C:\Users\jakub\.m2\repository\org\springframework\boot\spring-boot-starter-validation\3.4.1\spring-boot-starter-validation-3.4.1.jar;C:\Users\jakub\.m2\repository\org\apache\tomcat\embed\tomcat-embed-el\10.1.34\tomcat-embed-el-10.1.34.jar;C:\Users\jakub\.m2\repository\org\hibernate\validator\hibernate-validator\8.0.2.Final\hibernate-validator-8.0.2.Final.jar;C:\Users\jakub\.m2\repository\jakarta\validation\jakarta.validation-api\3.0.2\jakarta.validation-api-3.0.2.jar;C:\Users\jakub\.m2\repository\org\jboss\logging\jboss-logging\3.6.1.Final\jboss-logging-3.6.1.Final.jar;C:\Users\jakub\.m2\repository\com\fasterxml\classmate\1.7.0\classmate-1.7.0.jar;C:\Users\jakub\.m2\repository\com\h2database\h2\2.3.232\h2-2.3.232.jar;C:\Users\jakub\.m2\repository\org\springframework\session\spring-session-jdbc\3.4.1\spring-session-jdbc-3.4.1.jar;C:\Users\jakub\.m2\repository\org\springframework\session\spring-session-core\3.4.1\spring-session-core-3.4.1.jar;C:\Users\jakub\.m2\repository\org\springframework\spring-context\6.2.1\spring-context-6.2.1.jar;C:\Users\jakub\.m2\repository\org\springframework\spring-jdbc\6.2.1\spring-jdbc-6.2.1.jar;C:\Users\jakub\.m2\repository\org\springframework\boot\spring-boot-starter-test\3.4.1\spring-boot-starter-test-3.4.1.jar;C:\Users\jakub\.m2\repository\org\springframework\boot\spring-boot-test\3.4.1\spring-boot-test-3.4.1.jar;C:\Users\jakub\.m2\repository\org\springframework\boot\spring-boot-test-autoconfigure\3.4.1\spring-boot-test-autoconfigure-3.4.1.jar;C:\Users\jakub\.m2\repository\com\jayway\jsonpath\json-path\2.9.0\json-path-2.9.0.jar;C:\Users\jakub\.m2\repository\jakarta\xml\bind\jakarta.xml.bind-api\4.0.2\jakarta.xml.bind-api-4.0.2.jar;C:\Users\jakub\.m2\repository\jakarta\activation\jakarta.activation-api\2.1.3\jakarta.activation-api-2.1.3.jar;C:\Users\jakub\.m2\repository\net\minidev\json-smart\2.5.1\json-smart-2.5.1.jar;C:\Users\jakub\.m2\repository\net\minidev\accessors-smart\2.5.1\accessors-smart-2.5.1.jar;C:\Users\jakub\.m2\repository\org\ow2\asm\asm\9.6\asm-9.6.jar;C:\Users\jakub\.m2\repository\org\assertj\assertj-core\3.26.3\assertj-core-3.26.3.jar;C:\Users\jakub\.m2\repository\net\bytebuddy\byte-buddy\1.15.11\byte-buddy-1.15.11.jar;C:\Users\jakub\.m2\repository\org\awaitility\awaitility\4.2.2\awaitility-4.2.2.jar;C:\Users\jakub\.m2\repository\org\hamcrest\hamcrest\2.2\hamcrest-2.2.jar;C:\Users\jakub\.m2\repository\org\mockito\mockito-core\5.14.2\mockito-core-5.14.2.jar;C:\Users\jakub\.m2\repository\net\bytebuddy\byte-buddy-agent\1.15.11\byte-buddy-agent-1.15.11.jar;C:\Users\jakub\.m2\repository\org\objenesis\objenesis\3.3\objenesis-3.3.jar;C:\Users\jakub\.m2\repository\org\mockito\mockito-junit-jupiter\5.14.2\mockito-junit-jupiter-5.14.2.jar;C:\Users\jakub\.m2\repository\org\junit\jupiter\junit-jupiter-api\5.11.4\junit-jupiter-api-5.11.4.jar;C:\Users\jakub\.m2\repository\org\opentest4j\opentest4j\1.3.0\opentest4j-1.3.0.jar;C:\Users\jakub\.m2\repository\org\junit\platform\junit-platform-commons\1.11.4\junit-platform-commons-1.11.4.jar;C:\Users\jakub\.m2\repository\org\apiguardian\apiguardian-api\1.1.2\apiguardian-api-1.1.2.jar;C:\Users\jakub\.m2\repository\org\skyscreamer\jsonassert\1.5.3\jsonassert-1.5.3.jar;C:\Users\jakub\.m2\repository\com\vaadin\external\google\android-json\0.0.20131108.vaadin1\android-json-0.0.20131108.vaadin1.jar;C:\Users\jakub\.m2\repository\org\springframework\spring-test\6.2.1\spring-test-6.2.1.jar;C:\Users\jakub\.m2\repository\org\xmlunit\xmlunit-core\2.10.0\xmlunit-core-2.10.0.jar;C:\Users\jakub\.m2\repository\org\thymeleaf\extras\thymeleaf-extras-springsecurity5\3.1.3.RELEASE\thymeleaf-extras-springsecurity5-3.1.3.RELEASE.jar;C:\Users\jakub\.m2\repository\org\thymeleaf\thymeleaf-spring5\3.1.3.RELEASE\thymeleaf-spring5-3.1.3.RELEASE.jar;C:\Users\jakub\.m2\repository\junit\junit\4.13.2\junit-4.13.2.jar;C:\Users\jakub\.m2\repository\org\hamcrest\hamcrest-core\2.2\hamcrest-core-2.2.jar;C:\Users\jakub\.m2\repository\org\apache\maven\plugins\maven-surefire-plugin\3.5.2\maven-surefire-plugin-3.5.2.jar;C:\Users\jakub\.m2\repository\org\apache\maven\surefire\surefire-api\3.5.2\surefire-api-3.5.2.jar;C:\Users\jakub\.m2\repository\org\apache\maven\surefire\surefire-logger-api\3.5.2\surefire-logger-api-3.5.2.jar;C:\Users\jakub\.m2\repository\org\apache\maven\surefire\surefire-shared-utils\3.5.2\surefire-shared-utils-3.5.2.jar;C:\Users\jakub\.m2\repository\org\apache\maven\surefire\surefire-extensions-api\3.5.2\surefire-extensions-api-3.5.2.jar;C:\Users\jakub\.m2\repository\org\apache\maven\surefire\maven-surefire-common\3.5.2\maven-surefire-common-3.5.2.jar;C:\Users\jakub\.m2\repository\org\apache\maven\surefire\surefire-booter\3.5.2\surefire-booter-3.5.2.jar;C:\Users\jakub\.m2\repository\org\apache\maven\surefire\surefire-extensions-spi\3.5.2\surefire-extensions-spi-3.5.2.jar;C:\Users\jakub\.m2\repository\org\apache\maven\resolver\maven-resolver-util\1.4.1\maven-resolver-util-1.4.1.jar;C:\Users\jakub\.m2\repository\org\apache\maven\resolver\maven-resolver-api\1.4.1\maven-resolver-api-1.4.1.jar;C:\Users\jakub\.m2\repository\org\apache\maven\shared\maven-common-artifact-filters\3.4.0\maven-common-artifact-filters-3.4.0.jar;C:\Users\jakub\.m2\repository\org\codehaus\plexus\plexus-java\1.3.0\plexus-java-1.3.0.jar;C:\Users\jakub\.m2\repository\com\thoughtworks\qdox\qdox\2.1.0\qdox-2.1.0.jar;C:\Users\jakub\.m2\repository\org\springframework\security\spring-security-test\6.4.2\spring-security-test-6.4.2.jar;C:\Users\jakub\.m2\repository\org\springframework\security\spring-security-core\6.4.2\spring-security-core-6.4.2.jar;C:\Users\jakub\.m2\repository\org\springframework\security\spring-security-crypto\6.4.2\spring-security-crypto-6.4.2.jar;"/>
    <property name="java.vm.vendor" value="Oracle Corporation"/>
    <property name="sun.arch.data.model" value="64"/>
    <property name="user.variant" value=""/>
    <property name="catalina.useNaming" value="false"/>
    <property name="java.vendor.url" value="https://java.oracle.com/"/>
    <property name="user.timezone" value="Europe/Warsaw"/>
    <property name="org.jboss.logging.provider" value="slf4j"/>
    <property name="user.country.format" value="US"/>
    <property name="os.name" value="Windows 11"/>
    <property name="java.vm.specification.version" value="23"/>
    <property name="sun.java.launcher" value="SUN_STANDARD"/>
    <property name="user.country" value="PL"/>
    <property name="sun.boot.library.path" value="C:\Program Files\Java\jdk-23\bin"/>
    <property name="sun.java.command" value="C:\Users\jakub\AppData\Local\Temp\surefire5131119952607637419\surefirebooter-20250423174738957_3.jar C:\Users\jakub\AppData\Local\Temp\surefire5131119952607637419 2025-04-23T17-47-38_851-jvmRun1 surefire-20250423174738957_1tmp surefire_0-20250423174738957_2tmp"/>
    <property name="jdk.debug" value="release"/>
    <property name="surefire.test.class.path" value="C:\Users\jakub\OneDrive\Pulpit\bachleor\Bachleor\demo\target\test-classes;C:\Users\jakub\OneDrive\Pulpit\bachleor\Bachleor\demo\target\classes;C:\Users\jakub\.m2\repository\org\springframework\boot\spring-boot-starter-web\3.4.1\spring-boot-starter-web-3.4.1.jar;C:\Users\jakub\.m2\repository\org\springframework\boot\spring-boot-starter\3.4.1\spring-boot-starter-3.4.1.jar;C:\Users\jakub\.m2\repository\org\springframework\boot\spring-boot\3.4.1\spring-boot-3.4.1.jar;C:\Users\jakub\.m2\repository\org\springframework\boot\spring-boot-autoconfigure\3.4.1\spring-boot-autoconfigure-3.4.1.jar;C:\Users\jakub\.m2\repository\org\springframework\boot\spring-boot-starter-logging\3.4.1\spring-boot-starter-logging-3.4.1.jar;C:\Users\jakub\.m2\repository\ch\qos\logback\logback-classic\1.5.12\logback-classic-1.5.12.jar;C:\Users\jakub\.m2\repository\ch\qos\logback\logback-core\1.5.12\logback-core-1.5.12.jar;C:\Users\jakub\.m2\repository\org\apache\logging\log4j\log4j-to-slf4j\2.24.3\log4j-to-slf4j-2.24.3.jar;C:\Users\jakub\.m2\repository\org\apache\logging\log4j\log4j-api\2.24.3\log4j-api-2.24.3.jar;C:\Users\jakub\.m2\repository\org\slf4j\jul-to-slf4j\2.0.16\jul-to-slf4j-2.0.16.jar;C:\Users\jakub\.m2\repository\jakarta\annotation\jakarta.annotation-api\2.1.1\jakarta.annotation-api-2.1.1.jar;C:\Users\jakub\.m2\repository\org\yaml\snakeyaml\2.3\snakeyaml-2.3.jar;C:\Users\jakub\.m2\repository\org\springframework\boot\spring-boot-starter-json\3.4.1\spring-boot-starter-json-3.4.1.jar;C:\Users\jakub\.m2\repository\com\fasterxml\jackson\core\jackson-databind\2.18.2\jackson-databind-2.18.2.jar;C:\Users\jakub\.m2\repository\com\fasterxml\jackson\core\jackson-annotations\2.18.2\jackson-annotations-2.18.2.jar;C:\Users\jakub\.m2\repository\com\fasterxml\jackson\core\jackson-core\2.18.2\jackson-core-2.18.2.jar;C:\Users\jakub\.m2\repository\com\fasterxml\jackson\datatype\jackson-datatype-jdk8\2.18.2\jackson-datatype-jdk8-2.18.2.jar;C:\Users\jakub\.m2\repository\com\fasterxml\jackson\datatype\jackson-datatype-jsr310\2.18.2\jackson-datatype-jsr310-2.18.2.jar;C:\Users\jakub\.m2\repository\com\fasterxml\jackson\module\jackson-module-parameter-names\2.18.2\jackson-module-parameter-names-2.18.2.jar;C:\Users\jakub\.m2\repository\org\springframework\boot\spring-boot-starter-tomcat\3.4.1\spring-boot-starter-tomcat-3.4.1.jar;C:\Users\jakub\.m2\repository\org\apache\tomcat\embed\tomcat-embed-core\10.1.34\tomcat-embed-core-10.1.34.jar;C:\Users\jakub\.m2\repository\org\apache\tomcat\embed\tomcat-embed-websocket\10.1.34\tomcat-embed-websocket-10.1.34.jar;C:\Users\jakub\.m2\repository\org\springframework\spring-web\6.2.1\spring-web-6.2.1.jar;C:\Users\jakub\.m2\repository\io\micrometer\micrometer-observation\1.14.2\micrometer-observation-1.14.2.jar;C:\Users\jakub\.m2\repository\io\micrometer\micrometer-commons\1.14.2\micrometer-commons-1.14.2.jar;C:\Users\jakub\.m2\repository\org\springframework\spring-webmvc\6.2.1\spring-webmvc-6.2.1.jar;C:\Users\jakub\.m2\repository\org\springframework\spring-expression\6.2.1\spring-expression-6.2.1.jar;C:\Users\jakub\.m2\repository\org\springframework\boot\spring-boot-starter-thymeleaf\3.4.1\spring-boot-starter-thymeleaf-3.4.1.jar;C:\Users\jakub\.m2\repository\org\thymeleaf\thymeleaf-spring6\3.1.3.RELEASE\thymeleaf-spring6-3.1.3.RELEASE.jar;C:\Users\jakub\.m2\repository\org\springframework\boot\spring-boot-starter-data-jdbc\3.4.1\spring-boot-starter-data-jdbc-3.4.1.jar;C:\Users\jakub\.m2\repository\org\springframework\boot\spring-boot-starter-jdbc\3.4.1\spring-boot-starter-jdbc-3.4.1.jar;C:\Users\jakub\.m2\repository\com\zaxxer\HikariCP\5.1.0\HikariCP-5.1.0.jar;C:\Users\jakub\.m2\repository\org\springframework\data\spring-data-jdbc\3.4.1\spring-data-jdbc-3.4.1.jar;C:\Users\jakub\.m2\repository\org\springframework\data\spring-data-relational\3.4.1\spring-data-relational-3.4.1.jar;C:\Users\jakub\.m2\repository\org\springframework\data\spring-data-commons\3.4.1\spring-data-commons-3.4.1.jar;C:\Users\jakub\.m2\repository\org\springframework\spring-tx\6.2.1\spring-tx-6.2.1.jar;C:\Users\jakub\.m2\repository\org\springframework\spring-beans\6.2.1\spring-beans-6.2.1.jar;C:\Users\jakub\.m2\repository\org\springframework\spring-core\6.2.1\spring-core-6.2.1.jar;C:\Users\jakub\.m2\repository\org\springframework\spring-jcl\6.2.1\spring-jcl-6.2.1.jar;C:\Users\jakub\.m2\repository\org\springframework\boot\spring-boot-starter-security\3.4.1\spring-boot-starter-security-3.4.1.jar;C:\Users\jakub\.m2\repository\org\springframework\spring-aop\6.2.1\spring-aop-6.2.1.jar;C:\Users\jakub\.m2\repository\org\springframework\security\spring-security-config\6.4.2\spring-security-config-6.4.2.jar;C:\Users\jakub\.m2\repository\org\springframework\security\spring-security-web\6.4.2\spring-security-web-6.4.2.jar;C:\Users\jakub\.m2\repository\org\thymeleaf\extras\thymeleaf-extras-java8time\3.0.4.RELEASE\thymeleaf-extras-java8time-3.0.4.RELEASE.jar;C:\Users\jakub\.m2\repository\org\thymeleaf\thymeleaf\3.1.3.RELEASE\thymeleaf-3.1.3.RELEASE.jar;C:\Users\jakub\.m2\repository\ognl\ognl\3.3.4\ognl-3.3.4.jar;C:\Users\jakub\.m2\repository\org\javassist\javassist\3.29.0-GA\javassist-3.29.0-GA.jar;C:\Users\jakub\.m2\repository\org\attoparser\attoparser\2.0.7.RELEASE\attoparser-2.0.7.RELEASE.jar;C:\Users\jakub\.m2\repository\org\unbescape\unbescape\1.1.6.RELEASE\unbescape-1.1.6.RELEASE.jar;C:\Users\jakub\.m2\repository\org\slf4j\slf4j-api\2.0.16\slf4j-api-2.0.16.jar;C:\Users\jakub\.m2\repository\org\postgresql\postgresql\42.7.4\postgresql-42.7.4.jar;C:\Users\jakub\.m2\repository\org\checkerframework\checker-qual\3.42.0\checker-qual-3.42.0.jar;C:\Users\jakub\.m2\repository\org\springframework\boot\spring-boot-starter-validation\3.4.1\spring-boot-starter-validation-3.4.1.jar;C:\Users\jakub\.m2\repository\org\apache\tomcat\embed\tomcat-embed-el\10.1.34\tomcat-embed-el-10.1.34.jar;C:\Users\jakub\.m2\repository\org\hibernate\validator\hibernate-validator\8.0.2.Final\hibernate-validator-8.0.2.Final.jar;C:\Users\jakub\.m2\repository\jakarta\validation\jakarta.validation-api\3.0.2\jakarta.validation-api-3.0.2.jar;C:\Users\jakub\.m2\repository\org\jboss\logging\jboss-logging\3.6.1.Final\jboss-logging-3.6.1.Final.jar;C:\Users\jakub\.m2\repository\com\fasterxml\classmate\1.7.0\classmate-1.7.0.jar;C:\Users\jakub\.m2\repository\com\h2database\h2\2.3.232\h2-2.3.232.jar;C:\Users\jakub\.m2\repository\org\springframework\session\spring-session-jdbc\3.4.1\spring-session-jdbc-3.4.1.jar;C:\Users\jakub\.m2\repository\org\springframework\session\spring-session-core\3.4.1\spring-session-core-3.4.1.jar;C:\Users\jakub\.m2\repository\org\springframework\spring-context\6.2.1\spring-context-6.2.1.jar;C:\Users\jakub\.m2\repository\org\springframework\spring-jdbc\6.2.1\spring-jdbc-6.2.1.jar;C:\Users\jakub\.m2\repository\org\springframework\boot\spring-boot-starter-test\3.4.1\spring-boot-starter-test-3.4.1.jar;C:\Users\jakub\.m2\repository\org\springframework\boot\spring-boot-test\3.4.1\spring-boot-test-3.4.1.jar;C:\Users\jakub\.m2\repository\org\springframework\boot\spring-boot-test-autoconfigure\3.4.1\spring-boot-test-autoconfigure-3.4.1.jar;C:\Users\jakub\.m2\repository\com\jayway\jsonpath\json-path\2.9.0\json-path-2.9.0.jar;C:\Users\jakub\.m2\repository\jakarta\xml\bind\jakarta.xml.bind-api\4.0.2\jakarta.xml.bind-api-4.0.2.jar;C:\Users\jakub\.m2\repository\jakarta\activation\jakarta.activation-api\2.1.3\jakarta.activation-api-2.1.3.jar;C:\Users\jakub\.m2\repository\net\minidev\json-smart\2.5.1\json-smart-2.5.1.jar;C:\Users\jakub\.m2\repository\net\minidev\accessors-smart\2.5.1\accessors-smart-2.5.1.jar;C:\Users\jakub\.m2\repository\org\ow2\asm\asm\9.6\asm-9.6.jar;C:\Users\jakub\.m2\repository\org\assertj\assertj-core\3.26.3\assertj-core-3.26.3.jar;C:\Users\jakub\.m2\repository\net\bytebuddy\byte-buddy\1.15.11\byte-buddy-1.15.11.jar;C:\Users\jakub\.m2\repository\org\awaitility\awaitility\4.2.2\awaitility-4.2.2.jar;C:\Users\jakub\.m2\repository\org\hamcrest\hamcrest\2.2\hamcrest-2.2.jar;C:\Users\jakub\.m2\repository\org\mockito\mockito-core\5.14.2\mockito-core-5.14.2.jar;C:\Users\jakub\.m2\repository\net\bytebuddy\byte-buddy-agent\1.15.11\byte-buddy-agent-1.15.11.jar;C:\Users\jakub\.m2\repository\org\objenesis\objenesis\3.3\objenesis-3.3.jar;C:\Users\jakub\.m2\repository\org\mockito\mockito-junit-jupiter\5.14.2\mockito-junit-jupiter-5.14.2.jar;C:\Users\jakub\.m2\repository\org\junit\jupiter\junit-jupiter-api\5.11.4\junit-jupiter-api-5.11.4.jar;C:\Users\jakub\.m2\repository\org\opentest4j\opentest4j\1.3.0\opentest4j-1.3.0.jar;C:\Users\jakub\.m2\repository\org\junit\platform\junit-platform-commons\1.11.4\junit-platform-commons-1.11.4.jar;C:\Users\jakub\.m2\repository\org\apiguardian\apiguardian-api\1.1.2\apiguardian-api-1.1.2.jar;C:\Users\jakub\.m2\repository\org\skyscreamer\jsonassert\1.5.3\jsonassert-1.5.3.jar;C:\Users\jakub\.m2\repository\com\vaadin\external\google\android-json\0.0.20131108.vaadin1\android-json-0.0.20131108.vaadin1.jar;C:\Users\jakub\.m2\repository\org\springframework\spring-test\6.2.1\spring-test-6.2.1.jar;C:\Users\jakub\.m2\repository\org\xmlunit\xmlunit-core\2.10.0\xmlunit-core-2.10.0.jar;C:\Users\jakub\.m2\repository\org\thymeleaf\extras\thymeleaf-extras-springsecurity5\3.1.3.RELEASE\thymeleaf-extras-springsecurity5-3.1.3.RELEASE.jar;C:\Users\jakub\.m2\repository\org\thymeleaf\thymeleaf-spring5\3.1.3.RELEASE\thymeleaf-spring5-3.1.3.RELEASE.jar;C:\Users\jakub\.m2\repository\junit\junit\4.13.2\junit-4.13.2.jar;C:\Users\jakub\.m2\repository\org\hamcrest\hamcrest-core\2.2\hamcrest-core-2.2.jar;C:\Users\jakub\.m2\repository\org\apache\maven\plugins\maven-surefire-plugin\3.5.2\maven-surefire-plugin-3.5.2.jar;C:\Users\jakub\.m2\repository\org\apache\maven\surefire\surefire-api\3.5.2\surefire-api-3.5.2.jar;C:\Users\jakub\.m2\repository\org\apache\maven\surefire\surefire-logger-api\3.5.2\surefire-logger-api-3.5.2.jar;C:\Users\jakub\.m2\repository\org\apache\maven\surefire\surefire-shared-utils\3.5.2\surefire-shared-utils-3.5.2.jar;C:\Users\jakub\.m2\repository\org\apache\maven\surefire\surefire-extensions-api\3.5.2\surefire-extensions-api-3.5.2.jar;C:\Users\jakub\.m2\repository\org\apache\maven\surefire\maven-surefire-common\3.5.2\maven-surefire-common-3.5.2.jar;C:\Users\jakub\.m2\repository\org\apache\maven\surefire\surefire-booter\3.5.2\surefire-booter-3.5.2.jar;C:\Users\jakub\.m2\repository\org\apache\maven\surefire\surefire-extensions-spi\3.5.2\surefire-extensions-spi-3.5.2.jar;C:\Users\jakub\.m2\repository\org\apache\maven\resolver\maven-resolver-util\1.4.1\maven-resolver-util-1.4.1.jar;C:\Users\jakub\.m2\repository\org\apache\maven\resolver\maven-resolver-api\1.4.1\maven-resolver-api-1.4.1.jar;C:\Users\jakub\.m2\repository\org\apache\maven\shared\maven-common-artifact-filters\3.4.0\maven-common-artifact-filters-3.4.0.jar;C:\Users\jakub\.m2\repository\org\codehaus\plexus\plexus-java\1.3.0\plexus-java-1.3.0.jar;C:\Users\jakub\.m2\repository\com\thoughtworks\qdox\qdox\2.1.0\qdox-2.1.0.jar;C:\Users\jakub\.m2\repository\org\springframework\security\spring-security-test\6.4.2\spring-security-test-6.4.2.jar;C:\Users\jakub\.m2\repository\org\springframework\security\spring-security-core\6.4.2\spring-security-core-6.4.2.jar;C:\Users\jakub\.m2\repository\org\springframework\security\spring-security-crypto\6.4.2\spring-security-crypto-6.4.2.jar;"/>
    <property name="sun.cpu.endian" value="little"/>
    <property name="user.home" value="C:\Users\jakub"/>
    <property name="user.language" value="pl"/>
    <property name="java.specification.vendor" value="Oracle Corporation"/>
    <property name="java.version.date" value="2024-10-15"/>
    <property name="java.home" value="C:\Program Files\Java\jdk-23"/>
    <property name="file.separator" value="\"/>
    <property name="basedir" value="C:\Users\jakub\OneDrive\Pulpit\bachleor\Bachleor\demo"/>
    <property name="java.vm.compressedOopsMode" value="Zero based"/>
    <property name="line.separator" value="&#10;"/>
    <property name="java.vm.specification.vendor" value="Oracle Corporation"/>
    <property name="java.specification.name" value="Java Platform API Specification"/>
    <property name="FILE_LOG_CHARSET" value="UTF-8"/>
    <property name="java.awt.headless" value="true"/>
    <property name="surefire.real.class.path" value="C:\Users\jakub\AppData\Local\Temp\surefire5131119952607637419\surefirebooter-20250423174738957_3.jar"/>
    <property name="user.script" value=""/>
    <property name="sun.management.compiler" value="HotSpot 64-Bit Tiered Compilers"/>
    <property name="java.runtime.version" value="23.0.1+11-39"/>
    <property name="user.name" value="jakub"/>
    <property name="stdout.encoding" value="Cp1250"/>
    <property name="path.separator" value=";"/>
    <property name="os.version" value="10.0"/>
    <property name="java.runtime.name" value="Java(TM) SE Runtime Environment"/>
    <property name="file.encoding" value="UTF-8"/>
    <property name="java.vm.name" value="Java HotSpot(TM) 64-Bit Server VM"/>
    <property name="localRepository" value="C:\Users\jakub\.m2\repository"/>
    <property name="java.vendor.url.bug" value="https://bugreport.java.com/bugreport/"/>
    <property name="java.io.tmpdir" value="C:\Users\jakub\AppData\Local\Temp\"/>
    <property name="catalina.home" value="C:\Users\jakub\AppData\Local\Temp\tomcat.0.11149483153110566461"/>
    <property name="com.zaxxer.hikari.pool_number" value="4"/>
    <property name="java.version" value="23.0.1"/>
    <property name="user.dir" value="C:\Users\jakub\OneDrive\Pulpit\bachleor\Bachleor\demo"/>
    <property name="os.arch" value="amd64"/>
    <property name="java.vm.specification.name" value="Java Virtual Machine Specification"/>
    <property name="PID" value="7688"/>
    <property name="user.language.format" value="en"/>
    <property name="sun.os.patch.level" value=""/>
    <property name="CONSOLE_LOG_CHARSET" value="UTF-8"/>
    <property name="catalina.base" value="C:\Users\jakub\AppData\Local\Temp\tomcat.0.7913544230840003138"/>
    <property name="native.encoding" value="Cp1250"/>
    <property name="java.library.path" value="C:\Program Files\Java\jdk-23\bin;C:\WINDOWS\Sun\Java\bin;C:\WINDOWS\system32;C:\WINDOWS;C:\app\jakub\product\23ai\dbhomeFree\bin;C:\Program Files (x86)\Razer\ChromaBroadcast\bin;C:\Program Files\Razer\ChromaBroadcast\bin;C:\Program Files\Common Files\Oracle\Java\javapath;C:\Windows\system32;C:\Windows;C:\Windows\System32\Wbem;C:\Windows\System32\WindowsPowerShell\v1.0\;C:\Windows\System32\OpenSSH\;C:\Program Files (x86)\NVIDIA Corporation\PhysX\Common;C:\Program Files\NVIDIA Corporation\NVIDIA NvDLISR;C:\Program Files\Git\cmd;C:\Windows\system32\config\systemprofile\AppData\Local\Microsoft\WindowsApps;;C:\WINDOWS\system32;C:\WINDOWS;C:\WINDOWS\System32\Wbem;C:\WINDOWS\System32\WindowsPowerShell\v1.0\;C:\WINDOWS\System32\OpenSSH\;C:\Program Files\dotnet\;C:\Program Files (x86)\Windows Kits\10\Windows Performance Toolkit\;C:\Program Files\CMake\bin;C:\Program Files\nodejs\;C:\Users\jakub\AppData\Local\pnpm;C:\Users\jakub\AppData\Local\Microsoft\WindowsApps;C:\Users\jakub\AppData\Local\Programs\Microsoft VS Code\bin;C:\Users\jakub\apache-maven-3.9.9\bin;C:\Users\jakub\AppData\Roaming\npm;C:\Users\jakub\OneDrive\Pulpit\opencv\build\x64\vc15\bin;C:\Users\jakub\OneDrive\Pulpit\opencv\build\x64\vc15\lib;;."/>
    <property name="java.vm.info" value="mixed mode, sharing"/>
    <property name="stderr.encoding" value="Cp1250"/>
    <property name="java.vendor" value="Oracle Corporation"/>
    <property name="java.vm.version" value="23.0.1+11-39"/>
    <property name="sun.io.unicode.encoding" value="UnicodeLittle"/>
    <property name="java.class.version" value="67.0"/>
  </properties>
  <testcase name="approvedUserSeesLessonDetailWithoutRating" classname="com.example.demo.integration.LessonControllerIntegrationTest" time="0.053">
    <system-out><![CDATA[2025-04-23T17:47:45.582+02:00  INFO 7688 --- [           main] t.c.s.AnnotationConfigContextLoaderUtils : Could not detect default configuration classes for test class [com.example.demo.integration.LessonControllerIntegrationTest]: LessonControllerIntegrationTest does not declare any static, non-private, non-final, nested classes annotated with @Configuration.
2025-04-23T17:47:45.584+02:00  INFO 7688 --- [           main] .b.t.c.SpringBootTestContextBootstrapper : Found @SpringBootConfiguration com.example.demo.ApplicationToPublishScientificDataApplication for test class com.example.demo.integration.LessonControllerIntegrationTest
2025-04-23T17:47:45.587+02:00 DEBUG 7688 --- [           main] o.s.jdbc.datasource.init.ScriptUtils     : Executing SQL script from class path resource [test-schema.sql]
2025-04-23T17:47:45.588+02:00 DEBUG 7688 --- [           main] o.s.jdbc.datasource.init.ScriptUtils     : 0 returned as update count for SQL: DROP TABLE IF EXISTS "comment_likes"
2025-04-23T17:47:45.588+02:00 DEBUG 7688 --- [           main] o.s.jdbc.datasource.init.ScriptUtils     : 0 returned as update count for SQL: DROP TABLE IF EXISTS "comments"
2025-04-23T17:47:45.588+02:00 DEBUG 7688 --- [           main] o.s.jdbc.datasource.init.ScriptUtils     : 0 returned as update count for SQL: DROP TABLE IF EXISTS "posts"
2025-04-23T17:47:45.588+02:00 DEBUG 7688 --- [           main] o.s.jdbc.datasource.init.ScriptUtils     : 0 returned as update count for SQL: DROP TABLE IF EXISTS "app_statistics"
2025-04-23T17:47:45.589+02:00 DEBUG 7688 --- [           main] o.s.jdbc.datasource.init.ScriptUtils     : 0 returned as update count for SQL: DROP TABLE IF EXISTS "task_submissions"
2025-04-23T17:47:45.589+02:00 DEBUG 7688 --- [           main] o.s.jdbc.datasource.init.ScriptUtils     : 0 returned as update count for SQL: DROP TABLE IF EXISTS "lesson_ratings"
2025-04-23T17:47:45.589+02:00 DEBUG 7688 --- [           main] o.s.jdbc.datasource.init.ScriptUtils     : 0 returned as update count for SQL: DROP TABLE IF EXISTS "lesson_tasks"
2025-04-23T17:47:45.589+02:00 DEBUG 7688 --- [           main] o.s.jdbc.datasource.init.ScriptUtils     : 0 returned as update count for SQL: DROP TABLE IF EXISTS "lessons"
2025-04-23T17:47:45.589+02:00 DEBUG 7688 --- [           main] o.s.jdbc.datasource.init.ScriptUtils     : 0 returned as update count for SQL: DROP TABLE IF EXISTS "class_signups"
2025-04-23T17:47:45.589+02:00 DEBUG 7688 --- [           main] o.s.jdbc.datasource.init.ScriptUtils     : 0 returned as update count for SQL: DROP TABLE IF EXISTS "school_classes"
2025-04-23T17:47:45.589+02:00 DEBUG 7688 --- [           main] o.s.jdbc.datasource.init.ScriptUtils     : 0 returned as update count for SQL: DROP TABLE IF EXISTS "users"
2025-04-23T17:47:45.590+02:00 DEBUG 7688 --- [           main] o.s.jdbc.datasource.init.ScriptUtils     : 0 returned as update count for SQL: CREATE TABLE "users" ( id BIGINT PRIMARY KEY AUTO_INCREMENT, username VARCHAR(100) UNIQUE NOT NULL, password VARCHAR(255) NOT NULL, role VARCHAR(20), first_name VARCHAR(100), last_name VARCHAR(100), email VARCHAR(200), student_class BIGINT )
2025-04-23T17:47:45.590+02:00 DEBUG 7688 --- [           main] o.s.jdbc.datasource.init.ScriptUtils     : 0 returned as update count for SQL: CREATE TABLE "class_signups" ( id BIGINT PRIMARY KEY AUTO_INCREMENT, user_id BIGINT NOT NULL, status VARCHAR(50), created_date TIMESTAMP, school_class_id BIGINT )
2025-04-23T17:47:45.591+02:00 DEBUG 7688 --- [           main] o.s.jdbc.datasource.init.ScriptUtils     : 0 returned as update count for SQL: CREATE TABLE "school_classes" ( id BIGSERIAL PRIMARY KEY, name VARCHAR(255) NOT NULL, description TEXT, content TEXT, auto_approve BOOLEAN DEFAULT FALSE, teacher_id BIGINT NOT NULL, signup_deadline TIMESTAMP, CONSTRAINT fk_school_classes_teacher FOREIGN KEY (teacher_id) REFERENCES "users"(id) )
2025-04-23T17:47:45.592+02:00 DEBUG 7688 --- [           main] o.s.jdbc.datasource.init.ScriptUtils     : 0 returned as update count for SQL: CREATE TABLE "lessons" ( id BIGSERIAL PRIMARY KEY, school_class_id BIGINT NOT NULL, title VARCHAR(255) NOT NULL, description TEXT, content TEXT NOT NULL, attachment BYTEA, attachment_filename VARCHAR(255), attachment_content_type VARCHAR(100), solution_required BOOLEAN, solution_due_date TIMESTAMP, CONSTRAINT fk_lessons_school_class FOREIGN KEY (school_class_id) REFERENCES "school_classes"(id) )
2025-04-23T17:47:45.592+02:00 DEBUG 7688 --- [           main] o.s.jdbc.datasource.init.ScriptUtils     : 0 returned as update count for SQL: CREATE TABLE "lesson_tasks" ( id BIGSERIAL PRIMARY KEY, lesson_id BIGINT NOT NULL CONSTRAINT fk_lesson_tasks_lesson REFERENCES "lessons"(id) ON DELETE CASCADE, title VARCHAR(255) NOT NULL, description TEXT, due_date TIMESTAMP, solution_required BOOLEAN NOT NULL DEFAULT FALSE )
2025-04-23T17:47:45.592+02:00 DEBUG 7688 --- [           main] o.s.jdbc.datasource.init.ScriptUtils     : 0 returned as update count for SQL: CREATE TABLE "task_submissions" ( id SERIAL PRIMARY KEY, lesson_task_id BIGINT NOT NULL, user_id BIGINT NOT NULL, solution_text TEXT, solution_file BYTEA, solution_filename VARCHAR(255), solution_content_type VARCHAR(255), submitted_date TIMESTAMP WITHOUT TIME ZONE, grade NUMERIC, teacher_comments TEXT )
2025-04-23T17:47:45.593+02:00 DEBUG 7688 --- [           main] o.s.jdbc.datasource.init.ScriptUtils     : 0 returned as update count for SQL: CREATE TABLE "app_statistics" ( id BIGINT PRIMARY KEY AUTO_INCREMENT, stat_name VARCHAR(100), stat_value BIGINT, timestamp TIMESTAMP )
2025-04-23T17:47:45.593+02:00 DEBUG 7688 --- [           main] o.s.jdbc.datasource.init.ScriptUtils     : 0 returned as update count for SQL: CREATE TABLE "posts" ( id BIGINT PRIMARY KEY AUTO_INCREMENT, title VARCHAR(255), author VARCHAR(255), content TEXT, view_count INT DEFAULT 0, thumbnail BLOB, avg_rating FLOAT, attachment BLOB, thumbnail_filename VARCHAR(255), attachment_filename VARCHAR(255), thumbnail_content_type VARCHAR(255), attachment_content_type VARCHAR(255) )
2025-04-23T17:47:45.593+02:00 DEBUG 7688 --- [           main] o.s.jdbc.datasource.init.ScriptUtils     : 0 returned as update count for SQL: CREATE TABLE IF NOT EXISTS "school_classes" ( id BIGINT PRIMARY KEY AUTO_INCREMENT, name VARCHAR(100), description VARCHAR(500), content TEXT, auto_approve BOOLEAN, teacher_id BIGINT, signup_deadline TIMESTAMP )
2025-04-23T17:47:45.593+02:00 DEBUG 7688 --- [           main] o.s.jdbc.datasource.init.ScriptUtils     : 0 returned as update count for SQL: CREATE TABLE IF NOT EXISTS "comments" ( id BIGINT PRIMARY KEY AUTO_INCREMENT, post_id BIGINT NOT NULL, username VARCHAR(100) NOT NULL, text TEXT NOT NULL, likes INT DEFAULT 0, created_date TIMESTAMP )
2025-04-23T17:47:45.593+02:00 DEBUG 7688 --- [           main] o.s.jdbc.datasource.init.ScriptUtils     : 0 returned as update count for SQL: CREATE TABLE IF NOT EXISTS "comment_likes" ( id BIGINT PRIMARY KEY AUTO_INCREMENT, comment_id BIGINT NOT NULL, username VARCHAR(100) NOT NULL )
2025-04-23T17:47:45.594+02:00 DEBUG 7688 --- [           main] o.s.jdbc.datasource.init.ScriptUtils     : 0 returned as update count for SQL: CREATE TABLE "lesson_ratings" ( id SERIAL PRIMARY KEY, lesson_id BIGINT NOT NULL, user_id BIGINT NOT NULL, rating INTEGER NOT NULL CHECK (rating BETWEEN 1 AND 5), created_date TIMESTAMP NOT NULL, CONSTRAINT fk_lesson FOREIGN KEY (lesson_id) REFERENCES "lessons"(id) )
2025-04-23T17:47:45.594+02:00 DEBUG 7688 --- [           main] o.s.jdbc.datasource.init.ScriptUtils     : Executed SQL script from class path resource [test-schema.sql] in 7 ms.
2025-04-23T17:47:45.596+02:00 DEBUG 7688 --- [           main] o.s.jdbc.core.JdbcTemplate               : Executing SQL update [DELETE FROM "lesson_ratings"]
2025-04-23T17:47:45.596+02:00 DEBUG 7688 --- [           main] o.s.jdbc.core.JdbcTemplate               : Executing SQL update [DELETE FROM "class_signups"]
2025-04-23T17:47:45.596+02:00 DEBUG 7688 --- [           main] o.s.jdbc.core.JdbcTemplate               : Executing SQL update [DELETE FROM "lessons"]
2025-04-23T17:47:45.596+02:00 DEBUG 7688 --- [           main] o.s.jdbc.core.JdbcTemplate               : Executing SQL update [DELETE FROM "school_classes"]
2025-04-23T17:47:45.597+02:00 DEBUG 7688 --- [           main] o.s.jdbc.core.JdbcTemplate               : Executing SQL update [DELETE FROM "users"]
2025-04-23T17:47:45.597+02:00 DEBUG 7688 --- [           main] o.s.jdbc.core.JdbcTemplate               : Executing SQL update and returning generated keys
2025-04-23T17:47:45.597+02:00 DEBUG 7688 --- [           main] o.s.jdbc.core.JdbcTemplate               : Executing prepared SQL statement [INSERT INTO "users" ("EMAIL", "FIRST_NAME", "LAST_NAME", "PASSWORD", "ROLE", "STUDENT_CLASS", "USERNAME") VALUES (?, ?, ?, ?, ?, ?, ?)]
2025-04-23T17:47:45.599+02:00 DEBUG 7688 --- [           main] o.s.jdbc.core.JdbcTemplate               : Executing SQL update and returning generated keys
2025-04-23T17:47:45.599+02:00 DEBUG 7688 --- [           main] o.s.jdbc.core.JdbcTemplate               : Executing prepared SQL statement [INSERT INTO "school_classes" ("AUTO_APPROVE", "CONTENT", "DESCRIPTION", "NAME", "SIGNUP_DEADLINE", "TEACHER_ID") VALUES (?, ?, ?, ?, ?, ?)]
2025-04-23T17:47:45.601+02:00 DEBUG 7688 --- [           main] o.s.jdbc.core.JdbcTemplate               : Executing SQL update and returning generated keys
2025-04-23T17:47:45.601+02:00 DEBUG 7688 --- [           main] o.s.jdbc.core.JdbcTemplate               : Executing prepared SQL statement [INSERT INTO "lessons" ("ATTACHMENT", "ATTACHMENT_CONTENT_TYPE", "ATTACHMENT_FILENAME", "CONTENT", "DESCRIPTION", "SCHOOL_CLASS_ID", "SOLUTION_DUE_DATE", "SOLUTION_REQUIRED", "TITLE") VALUES (?, ?, ?, ?, ?, ?, ?, ?, ?)]
2025-04-23T17:47:45.603+02:00 DEBUG 7688 --- [           main] o.s.jdbc.core.JdbcTemplate               : Executing SQL update and returning generated keys
2025-04-23T17:47:45.603+02:00 DEBUG 7688 --- [           main] o.s.jdbc.core.JdbcTemplate               : Executing prepared SQL statement [INSERT INTO "class_signups" ("CREATED_DATE", "SCHOOL_CLASS_ID", "STATUS", "USER_ID") VALUES (?, ?, ?, ?)]
2025-04-23T17:47:45.608+02:00 DEBUG 7688 --- [           main] w.c.HttpSessionSecurityContextRepository : Created HttpSession as SecurityContext is non-default
2025-04-23T17:47:45.608+02:00 DEBUG 7688 --- [           main] w.c.HttpSessionSecurityContextRepository : Stored SecurityContextImpl [Authentication=UsernamePasswordAuthenticationToken [Principal=org.springframework.security.core.userdetails.User [Username=john, Password=[PROTECTED], Enabled=true, AccountNonExpired=true, CredentialsNonExpired=true, AccountNonLocked=true, Granted Authorities=[ROLE_USER]], Credentials=[PROTECTED], Authenticated=true, Details=null, Granted Authorities=[ROLE_USER]]] to HttpSession [org.springframework.mock.web.MockHttpSession@36f329e7]
2025-04-23T17:47:45.609+02:00 DEBUG 7688 --- [           main] o.s.security.web.FilterChainProxy        : Securing GET /lessons/1
2025-04-23T17:47:45.609+02:00 DEBUG 7688 --- [           main] w.c.HttpSessionSecurityContextRepository : Retrieved SecurityContextImpl [Authentication=UsernamePasswordAuthenticationToken [Principal=org.springframework.security.core.userdetails.User [Username=john, Password=[PROTECTED], Enabled=true, AccountNonExpired=true, CredentialsNonExpired=true, AccountNonLocked=true, Granted Authorities=[ROLE_USER]], Credentials=[PROTECTED], Authenticated=true, Details=null, Granted Authorities=[ROLE_USER]]]
2025-04-23T17:47:45.609+02:00 DEBUG 7688 --- [           main] o.s.security.web.FilterChainProxy        : Secured GET /lessons/1
2025-04-23T17:47:45.611+02:00 DEBUG 7688 --- [           main] o.s.jdbc.core.JdbcTemplate               : Executing prepared SQL query
2025-04-23T17:47:45.611+02:00 DEBUG 7688 --- [           main] o.s.jdbc.core.JdbcTemplate               : Executing prepared SQL statement [SELECT "users"."ID" AS "ID", "users"."ROLE" AS "ROLE", "users"."EMAIL" AS "EMAIL", "users"."LAST_NAME" AS "LAST_NAME", "users"."PASSWORD" AS "PASSWORD", "users"."USERNAME" AS "USERNAME", "users"."FIRST_NAME" AS "FIRST_NAME", "users"."STUDENT_CLASS" AS "STUDENT_CLASS" FROM "users" WHERE "users"."USERNAME" = ?]
2025-04-23T17:47:45.613+02:00 DEBUG 7688 --- [           main] o.s.jdbc.core.JdbcTemplate               : Executing prepared SQL query
2025-04-23T17:47:45.613+02:00 DEBUG 7688 --- [           main] o.s.jdbc.core.JdbcTemplate               : Executing prepared SQL statement [SELECT "lessons"."ID" AS "ID", "lessons"."TITLE" AS "TITLE", "lessons"."CONTENT" AS "CONTENT", "lessons"."ATTACHMENT" AS "ATTACHMENT", "lessons"."DESCRIPTION" AS "DESCRIPTION", "lessons"."SCHOOL_CLASS_ID" AS "SCHOOL_CLASS_ID", "lessons"."SOLUTION_DUE_DATE" AS "SOLUTION_DUE_DATE", "lessons"."SOLUTION_REQUIRED" AS "SOLUTION_REQUIRED", "lessons"."ATTACHMENT_FILENAME" AS "ATTACHMENT_FILENAME", "lessons"."ATTACHMENT_CONTENT_TYPE" AS "ATTACHMENT_CONTENT_TYPE" FROM "lessons" WHERE "lessons"."ID" = ?]
2025-04-23T17:47:45.615+02:00 DEBUG 7688 --- [           main] o.s.jdbc.core.JdbcTemplate               : Executing prepared SQL query
2025-04-23T17:47:45.615+02:00 DEBUG 7688 --- [           main] o.s.jdbc.core.JdbcTemplate               : Executing prepared SQL statement [SELECT "users"."ID" AS "ID", "users"."ROLE" AS "ROLE", "users"."EMAIL" AS "EMAIL", "users"."LAST_NAME" AS "LAST_NAME", "users"."PASSWORD" AS "PASSWORD", "users"."USERNAME" AS "USERNAME", "users"."FIRST_NAME" AS "FIRST_NAME", "users"."STUDENT_CLASS" AS "STUDENT_CLASS" FROM "users" WHERE "users"."USERNAME" = ?]
2025-04-23T17:47:45.616+02:00 DEBUG 7688 --- [           main] o.s.jdbc.core.JdbcTemplate               : Executing prepared SQL query
2025-04-23T17:47:45.616+02:00 DEBUG 7688 --- [           main] o.s.jdbc.core.JdbcTemplate               : Executing prepared SQL statement [SELECT "class_signups"."ID" AS "ID", "class_signups"."USER_ID" AS "USER_ID", "class_signups"."STATUS" AS "STATUS", "class_signups"."CREATED_DATE" AS "CREATED_DATE", "class_signups"."SCHOOL_CLASS_ID" AS "SCHOOL_CLASS_ID" FROM "class_signups" WHERE "class_signups"."SCHOOL_CLASS_ID" = ? AND ("class_signups"."USER_ID" = ?)]
2025-04-23T17:47:45.617+02:00 DEBUG 7688 --- [           main] o.s.jdbc.core.JdbcTemplate               : Executing prepared SQL query
2025-04-23T17:47:45.617+02:00 DEBUG 7688 --- [           main] o.s.jdbc.core.JdbcTemplate               : Executing prepared SQL statement [SELECT "lesson_ratings"."ID" AS "ID", "lesson_ratings"."RATING" AS "RATING", "lesson_ratings"."USER_ID" AS "USER_ID", "lesson_ratings"."LESSON_ID" AS "LESSON_ID", "lesson_ratings"."CREATED_DATE" AS "CREATED_DATE" FROM "lesson_ratings" WHERE "lesson_ratings"."LESSON_ID" = ?]
2025-04-23T17:47:45.619+02:00 DEBUG 7688 --- [           main] o.s.jdbc.core.JdbcTemplate               : Executing prepared SQL query
2025-04-23T17:47:45.619+02:00 DEBUG 7688 --- [           main] o.s.jdbc.core.JdbcTemplate               : Executing prepared SQL statement [SELECT "lesson_ratings"."ID" AS "ID", "lesson_ratings"."RATING" AS "RATING", "lesson_ratings"."USER_ID" AS "USER_ID", "lesson_ratings"."LESSON_ID" AS "LESSON_ID", "lesson_ratings"."CREATED_DATE" AS "CREATED_DATE" FROM "lesson_ratings" WHERE "lesson_ratings"."LESSON_ID" = ? AND ("lesson_ratings"."USER_ID" = ?)]
2025-04-23T17:47:45.625+02:00  WARN 7688 --- [           main] actStandardFragmentInsertionTagProcessor : [THYMELEAF][main][lessonDetail] Deprecated unwrapped fragment expression "common :: footer" found in template lessonDetail, line 37, col 6. Please use the complete syntax of fragment expressions instead ("~{common :: footer}"). The old, unwrapped syntax for fragment expressions will be removed in future versions of Thymeleaf.
]]></system-out>
  </testcase>
  <testcase name="approvedUserSeesLessonDetailWithRating" classname="com.example.demo.integration.LessonControllerIntegrationTest" time="0.029">
    <system-out><![CDATA[2025-04-23T17:47:45.640+02:00 DEBUG 7688 --- [           main] o.s.jdbc.datasource.init.ScriptUtils     : Executing SQL script from class path resource [test-schema.sql]
2025-04-23T17:47:45.642+02:00 DEBUG 7688 --- [           main] o.s.jdbc.datasource.init.ScriptUtils     : 0 returned as update count for SQL: DROP TABLE IF EXISTS "comment_likes"
2025-04-23T17:47:45.642+02:00 DEBUG 7688 --- [           main] o.s.jdbc.datasource.init.ScriptUtils     : 0 returned as update count for SQL: DROP TABLE IF EXISTS "comments"
2025-04-23T17:47:45.642+02:00 DEBUG 7688 --- [           main] o.s.jdbc.datasource.init.ScriptUtils     : 0 returned as update count for SQL: DROP TABLE IF EXISTS "posts"
2025-04-23T17:47:45.642+02:00 DEBUG 7688 --- [           main] o.s.jdbc.datasource.init.ScriptUtils     : 0 returned as update count for SQL: DROP TABLE IF EXISTS "app_statistics"
2025-04-23T17:47:45.643+02:00 DEBUG 7688 --- [           main] o.s.jdbc.datasource.init.ScriptUtils     : 0 returned as update count for SQL: DROP TABLE IF EXISTS "task_submissions"
2025-04-23T17:47:45.643+02:00 DEBUG 7688 --- [           main] o.s.jdbc.datasource.init.ScriptUtils     : 0 returned as update count for SQL: DROP TABLE IF EXISTS "lesson_ratings"
2025-04-23T17:47:45.643+02:00 DEBUG 7688 --- [           main] o.s.jdbc.datasource.init.ScriptUtils     : 0 returned as update count for SQL: DROP TABLE IF EXISTS "lesson_tasks"
2025-04-23T17:47:45.643+02:00 DEBUG 7688 --- [           main] o.s.jdbc.datasource.init.ScriptUtils     : 0 returned as update count for SQL: DROP TABLE IF EXISTS "lessons"
2025-04-23T17:47:45.643+02:00 DEBUG 7688 --- [           main] o.s.jdbc.datasource.init.ScriptUtils     : 0 returned as update count for SQL: DROP TABLE IF EXISTS "class_signups"
2025-04-23T17:47:45.643+02:00 DEBUG 7688 --- [           main] o.s.jdbc.datasource.init.ScriptUtils     : 0 returned as update count for SQL: DROP TABLE IF EXISTS "school_classes"
2025-04-23T17:47:45.643+02:00 DEBUG 7688 --- [           main] o.s.jdbc.datasource.init.ScriptUtils     : 0 returned as update count for SQL: DROP TABLE IF EXISTS "users"
2025-04-23T17:47:45.644+02:00 DEBUG 7688 --- [           main] o.s.jdbc.datasource.init.ScriptUtils     : 0 returned as update count for SQL: CREATE TABLE "users" ( id BIGINT PRIMARY KEY AUTO_INCREMENT, username VARCHAR(100) UNIQUE NOT NULL, password VARCHAR(255) NOT NULL, role VARCHAR(20), first_name VARCHAR(100), last_name VARCHAR(100), email VARCHAR(200), student_class BIGINT )
2025-04-23T17:47:45.644+02:00 DEBUG 7688 --- [           main] o.s.jdbc.datasource.init.ScriptUtils     : 0 returned as update count for SQL: CREATE TABLE "class_signups" ( id BIGINT PRIMARY KEY AUTO_INCREMENT, user_id BIGINT NOT NULL, status VARCHAR(50), created_date TIMESTAMP, school_class_id BIGINT )
2025-04-23T17:47:45.644+02:00 DEBUG 7688 --- [           main] o.s.jdbc.datasource.init.ScriptUtils     : 0 returned as update count for SQL: CREATE TABLE "school_classes" ( id BIGSERIAL PRIMARY KEY, name VARCHAR(255) NOT NULL, description TEXT, content TEXT, auto_approve BOOLEAN DEFAULT FALSE, teacher_id BIGINT NOT NULL, signup_deadline TIMESTAMP, CONSTRAINT fk_school_classes_teacher FOREIGN KEY (teacher_id) REFERENCES "users"(id) )
2025-04-23T17:47:45.645+02:00 DEBUG 7688 --- [           main] o.s.jdbc.datasource.init.ScriptUtils     : 0 returned as update count for SQL: CREATE TABLE "lessons" ( id BIGSERIAL PRIMARY KEY, school_class_id BIGINT NOT NULL, title VARCHAR(255) NOT NULL, description TEXT, content TEXT NOT NULL, attachment BYTEA, attachment_filename VARCHAR(255), attachment_content_type VARCHAR(100), solution_required BOOLEAN, solution_due_date TIMESTAMP, CONSTRAINT fk_lessons_school_class FOREIGN KEY (school_class_id) REFERENCES "school_classes"(id) )
2025-04-23T17:47:45.645+02:00 DEBUG 7688 --- [           main] o.s.jdbc.datasource.init.ScriptUtils     : 0 returned as update count for SQL: CREATE TABLE "lesson_tasks" ( id BIGSERIAL PRIMARY KEY, lesson_id BIGINT NOT NULL CONSTRAINT fk_lesson_tasks_lesson REFERENCES "lessons"(id) ON DELETE CASCADE, title VARCHAR(255) NOT NULL, description TEXT, due_date TIMESTAMP, solution_required BOOLEAN NOT NULL DEFAULT FALSE )
2025-04-23T17:47:45.646+02:00 DEBUG 7688 --- [           main] o.s.jdbc.datasource.init.ScriptUtils     : 0 returned as update count for SQL: CREATE TABLE "task_submissions" ( id SERIAL PRIMARY KEY, lesson_task_id BIGINT NOT NULL, user_id BIGINT NOT NULL, solution_text TEXT, solution_file BYTEA, solution_filename VARCHAR(255), solution_content_type VARCHAR(255), submitted_date TIMESTAMP WITHOUT TIME ZONE, grade NUMERIC, teacher_comments TEXT )
2025-04-23T17:47:45.646+02:00 DEBUG 7688 --- [           main] o.s.jdbc.datasource.init.ScriptUtils     : 0 returned as update count for SQL: CREATE TABLE "app_statistics" ( id BIGINT PRIMARY KEY AUTO_INCREMENT, stat_name VARCHAR(100), stat_value BIGINT, timestamp TIMESTAMP )
2025-04-23T17:47:45.646+02:00 DEBUG 7688 --- [           main] o.s.jdbc.datasource.init.ScriptUtils     : 0 returned as update count for SQL: CREATE TABLE "posts" ( id BIGINT PRIMARY KEY AUTO_INCREMENT, title VARCHAR(255), author VARCHAR(255), content TEXT, view_count INT DEFAULT 0, thumbnail BLOB, avg_rating FLOAT, attachment BLOB, thumbnail_filename VARCHAR(255), attachment_filename VARCHAR(255), thumbnail_content_type VARCHAR(255), attachment_content_type VARCHAR(255) )
2025-04-23T17:47:45.646+02:00 DEBUG 7688 --- [           main] o.s.jdbc.datasource.init.ScriptUtils     : 0 returned as update count for SQL: CREATE TABLE IF NOT EXISTS "school_classes" ( id BIGINT PRIMARY KEY AUTO_INCREMENT, name VARCHAR(100), description VARCHAR(500), content TEXT, auto_approve BOOLEAN, teacher_id BIGINT, signup_deadline TIMESTAMP )
2025-04-23T17:47:45.646+02:00 DEBUG 7688 --- [           main] o.s.jdbc.datasource.init.ScriptUtils     : 0 returned as update count for SQL: CREATE TABLE IF NOT EXISTS "comments" ( id BIGINT PRIMARY KEY AUTO_INCREMENT, post_id BIGINT NOT NULL, username VARCHAR(100) NOT NULL, text TEXT NOT NULL, likes INT DEFAULT 0, created_date TIMESTAMP )
2025-04-23T17:47:45.647+02:00 DEBUG 7688 --- [           main] o.s.jdbc.datasource.init.ScriptUtils     : 0 returned as update count for SQL: CREATE TABLE IF NOT EXISTS "comment_likes" ( id BIGINT PRIMARY KEY AUTO_INCREMENT, comment_id BIGINT NOT NULL, username VARCHAR(100) NOT NULL )
2025-04-23T17:47:45.647+02:00 DEBUG 7688 --- [           main] o.s.jdbc.datasource.init.ScriptUtils     : 0 returned as update count for SQL: CREATE TABLE "lesson_ratings" ( id SERIAL PRIMARY KEY, lesson_id BIGINT NOT NULL, user_id BIGINT NOT NULL, rating INTEGER NOT NULL CHECK (rating BETWEEN 1 AND 5), created_date TIMESTAMP NOT NULL, CONSTRAINT fk_lesson FOREIGN KEY (lesson_id) REFERENCES "lessons"(id) )
2025-04-23T17:47:45.647+02:00 DEBUG 7688 --- [           main] o.s.jdbc.datasource.init.ScriptUtils     : Executed SQL script from class path resource [test-schema.sql] in 7 ms.
2025-04-23T17:47:45.648+02:00 DEBUG 7688 --- [           main] o.s.jdbc.core.JdbcTemplate               : Executing SQL update [DELETE FROM "lesson_ratings"]
2025-04-23T17:47:45.649+02:00 DEBUG 7688 --- [           main] o.s.jdbc.core.JdbcTemplate               : Executing SQL update [DELETE FROM "class_signups"]
2025-04-23T17:47:45.649+02:00 DEBUG 7688 --- [           main] o.s.jdbc.core.JdbcTemplate               : Executing SQL update [DELETE FROM "lessons"]
2025-04-23T17:47:45.649+02:00 DEBUG 7688 --- [           main] o.s.jdbc.core.JdbcTemplate               : Executing SQL update [DELETE FROM "school_classes"]
2025-04-23T17:47:45.649+02:00 DEBUG 7688 --- [           main] o.s.jdbc.core.JdbcTemplate               : Executing SQL update [DELETE FROM "users"]
2025-04-23T17:47:45.650+02:00 DEBUG 7688 --- [           main] o.s.jdbc.core.JdbcTemplate               : Executing SQL update and returning generated keys
2025-04-23T17:47:45.650+02:00 DEBUG 7688 --- [           main] o.s.jdbc.core.JdbcTemplate               : Executing prepared SQL statement [INSERT INTO "users" ("EMAIL", "FIRST_NAME", "LAST_NAME", "PASSWORD", "ROLE", "STUDENT_CLASS", "USERNAME") VALUES (?, ?, ?, ?, ?, ?, ?)]
2025-04-23T17:47:45.651+02:00 DEBUG 7688 --- [           main] o.s.jdbc.core.JdbcTemplate               : Executing SQL update and returning generated keys
2025-04-23T17:47:45.651+02:00 DEBUG 7688 --- [           main] o.s.jdbc.core.JdbcTemplate               : Executing prepared SQL statement [INSERT INTO "school_classes" ("AUTO_APPROVE", "CONTENT", "DESCRIPTION", "NAME", "SIGNUP_DEADLINE", "TEACHER_ID") VALUES (?, ?, ?, ?, ?, ?)]
2025-04-23T17:47:45.651+02:00 DEBUG 7688 --- [           main] o.s.jdbc.core.JdbcTemplate               : Executing SQL update and returning generated keys
2025-04-23T17:47:45.651+02:00 DEBUG 7688 --- [           main] o.s.jdbc.core.JdbcTemplate               : Executing prepared SQL statement [INSERT INTO "lessons" ("ATTACHMENT", "ATTACHMENT_CONTENT_TYPE", "ATTACHMENT_FILENAME", "CONTENT", "DESCRIPTION", "SCHOOL_CLASS_ID", "SOLUTION_DUE_DATE", "SOLUTION_REQUIRED", "TITLE") VALUES (?, ?, ?, ?, ?, ?, ?, ?, ?)]
2025-04-23T17:47:45.652+02:00 DEBUG 7688 --- [           main] o.s.jdbc.core.JdbcTemplate               : Executing SQL update and returning generated keys
2025-04-23T17:47:45.652+02:00 DEBUG 7688 --- [           main] o.s.jdbc.core.JdbcTemplate               : Executing prepared SQL statement [INSERT INTO "class_signups" ("CREATED_DATE", "SCHOOL_CLASS_ID", "STATUS", "USER_ID") VALUES (?, ?, ?, ?)]
2025-04-23T17:47:45.654+02:00 DEBUG 7688 --- [           main] o.s.jdbc.core.JdbcTemplate               : Executing SQL update and returning generated keys
2025-04-23T17:47:45.654+02:00 DEBUG 7688 --- [           main] o.s.jdbc.core.JdbcTemplate               : Executing prepared SQL statement [INSERT INTO "lesson_ratings" ("CREATED_DATE", "LESSON_ID", "RATING", "USER_ID") VALUES (?, ?, ?, ?)]
2025-04-23T17:47:45.656+02:00 DEBUG 7688 --- [           main] w.c.HttpSessionSecurityContextRepository : Created HttpSession as SecurityContext is non-default
2025-04-23T17:47:45.656+02:00 DEBUG 7688 --- [           main] w.c.HttpSessionSecurityContextRepository : Stored SecurityContextImpl [Authentication=UsernamePasswordAuthenticationToken [Principal=org.springframework.security.core.userdetails.User [Username=john, Password=[PROTECTED], Enabled=true, AccountNonExpired=true, CredentialsNonExpired=true, AccountNonLocked=true, Granted Authorities=[ROLE_USER]], Credentials=[PROTECTED], Authenticated=true, Details=null, Granted Authorities=[ROLE_USER]]] to HttpSession [org.springframework.mock.web.MockHttpSession@66049424]
2025-04-23T17:47:45.656+02:00 DEBUG 7688 --- [           main] o.s.security.web.FilterChainProxy        : Securing GET /lessons/1
2025-04-23T17:47:45.657+02:00 DEBUG 7688 --- [           main] w.c.HttpSessionSecurityContextRepository : Retrieved SecurityContextImpl [Authentication=UsernamePasswordAuthenticationToken [Principal=org.springframework.security.core.userdetails.User [Username=john, Password=[PROTECTED], Enabled=true, AccountNonExpired=true, CredentialsNonExpired=true, AccountNonLocked=true, Granted Authorities=[ROLE_USER]], Credentials=[PROTECTED], Authenticated=true, Details=null, Granted Authorities=[ROLE_USER]]]
2025-04-23T17:47:45.657+02:00 DEBUG 7688 --- [           main] o.s.security.web.FilterChainProxy        : Secured GET /lessons/1
2025-04-23T17:47:45.657+02:00 DEBUG 7688 --- [           main] o.s.jdbc.core.JdbcTemplate               : Executing prepared SQL query
2025-04-23T17:47:45.657+02:00 DEBUG 7688 --- [           main] o.s.jdbc.core.JdbcTemplate               : Executing prepared SQL statement [SELECT "users"."ID" AS "ID", "users"."ROLE" AS "ROLE", "users"."EMAIL" AS "EMAIL", "users"."LAST_NAME" AS "LAST_NAME", "users"."PASSWORD" AS "PASSWORD", "users"."USERNAME" AS "USERNAME", "users"."FIRST_NAME" AS "FIRST_NAME", "users"."STUDENT_CLASS" AS "STUDENT_CLASS" FROM "users" WHERE "users"."USERNAME" = ?]
2025-04-23T17:47:45.658+02:00 DEBUG 7688 --- [           main] o.s.jdbc.core.JdbcTemplate               : Executing prepared SQL query
2025-04-23T17:47:45.658+02:00 DEBUG 7688 --- [           main] o.s.jdbc.core.JdbcTemplate               : Executing prepared SQL statement [SELECT "lessons"."ID" AS "ID", "lessons"."TITLE" AS "TITLE", "lessons"."CONTENT" AS "CONTENT", "lessons"."ATTACHMENT" AS "ATTACHMENT", "lessons"."DESCRIPTION" AS "DESCRIPTION", "lessons"."SCHOOL_CLASS_ID" AS "SCHOOL_CLASS_ID", "lessons"."SOLUTION_DUE_DATE" AS "SOLUTION_DUE_DATE", "lessons"."SOLUTION_REQUIRED" AS "SOLUTION_REQUIRED", "lessons"."ATTACHMENT_FILENAME" AS "ATTACHMENT_FILENAME", "lessons"."ATTACHMENT_CONTENT_TYPE" AS "ATTACHMENT_CONTENT_TYPE" FROM "lessons" WHERE "lessons"."ID" = ?]
2025-04-23T17:47:45.659+02:00 DEBUG 7688 --- [           main] o.s.jdbc.core.JdbcTemplate               : Executing prepared SQL query
2025-04-23T17:47:45.659+02:00 DEBUG 7688 --- [           main] o.s.jdbc.core.JdbcTemplate               : Executing prepared SQL statement [SELECT "users"."ID" AS "ID", "users"."ROLE" AS "ROLE", "users"."EMAIL" AS "EMAIL", "users"."LAST_NAME" AS "LAST_NAME", "users"."PASSWORD" AS "PASSWORD", "users"."USERNAME" AS "USERNAME", "users"."FIRST_NAME" AS "FIRST_NAME", "users"."STUDENT_CLASS" AS "STUDENT_CLASS" FROM "users" WHERE "users"."USERNAME" = ?]
2025-04-23T17:47:45.659+02:00 DEBUG 7688 --- [           main] o.s.jdbc.core.JdbcTemplate               : Executing prepared SQL query
2025-04-23T17:47:45.659+02:00 DEBUG 7688 --- [           main] o.s.jdbc.core.JdbcTemplate               : Executing prepared SQL statement [SELECT "class_signups"."ID" AS "ID", "class_signups"."USER_ID" AS "USER_ID", "class_signups"."STATUS" AS "STATUS", "class_signups"."CREATED_DATE" AS "CREATED_DATE", "class_signups"."SCHOOL_CLASS_ID" AS "SCHOOL_CLASS_ID" FROM "class_signups" WHERE "class_signups"."SCHOOL_CLASS_ID" = ? AND ("class_signups"."USER_ID" = ?)]
2025-04-23T17:47:45.661+02:00 DEBUG 7688 --- [           main] o.s.jdbc.core.JdbcTemplate               : Executing prepared SQL query
2025-04-23T17:47:45.661+02:00 DEBUG 7688 --- [           main] o.s.jdbc.core.JdbcTemplate               : Executing prepared SQL statement [SELECT "lesson_ratings"."ID" AS "ID", "lesson_ratings"."RATING" AS "RATING", "lesson_ratings"."USER_ID" AS "USER_ID", "lesson_ratings"."LESSON_ID" AS "LESSON_ID", "lesson_ratings"."CREATED_DATE" AS "CREATED_DATE" FROM "lesson_ratings" WHERE "lesson_ratings"."LESSON_ID" = ?]
2025-04-23T17:47:45.662+02:00 DEBUG 7688 --- [           main] o.s.jdbc.core.JdbcTemplate               : Executing prepared SQL query
2025-04-23T17:47:45.662+02:00 DEBUG 7688 --- [           main] o.s.jdbc.core.JdbcTemplate               : Executing prepared SQL statement [SELECT "lesson_ratings"."ID" AS "ID", "lesson_ratings"."RATING" AS "RATING", "lesson_ratings"."USER_ID" AS "USER_ID", "lesson_ratings"."LESSON_ID" AS "LESSON_ID", "lesson_ratings"."CREATED_DATE" AS "CREATED_DATE" FROM "lesson_ratings" WHERE "lesson_ratings"."LESSON_ID" = ? AND ("lesson_ratings"."USER_ID" = ?)]
2025-04-23T17:47:45.665+02:00  WARN 7688 --- [           main] actStandardFragmentInsertionTagProcessor : [THYMELEAF][main][lessonDetail] Deprecated unwrapped fragment expression "common :: footer" found in template lessonDetail, line 37, col 6. Please use the complete syntax of fragment expressions instead ("~{common :: footer}"). The old, unwrapped syntax for fragment expressions will be removed in future versions of Thymeleaf.
]]></system-out>
  </testcase>
  <testcase name="lessonNotFoundRedirectsToClasses" classname="com.example.demo.integration.LessonControllerIntegrationTest" time="0.02">
    <system-out><![CDATA[2025-04-23T17:47:45.670+02:00 DEBUG 7688 --- [           main] o.s.jdbc.datasource.init.ScriptUtils     : Executing SQL script from class path resource [test-schema.sql]
2025-04-23T17:47:45.671+02:00 DEBUG 7688 --- [           main] o.s.jdbc.datasource.init.ScriptUtils     : 0 returned as update count for SQL: DROP TABLE IF EXISTS "comment_likes"
2025-04-23T17:47:45.671+02:00 DEBUG 7688 --- [           main] o.s.jdbc.datasource.init.ScriptUtils     : 0 returned as update count for SQL: DROP TABLE IF EXISTS "comments"
2025-04-23T17:47:45.671+02:00 DEBUG 7688 --- [           main] o.s.jdbc.datasource.init.ScriptUtils     : 0 returned as update count for SQL: DROP TABLE IF EXISTS "posts"
2025-04-23T17:47:45.671+02:00 DEBUG 7688 --- [           main] o.s.jdbc.datasource.init.ScriptUtils     : 0 returned as update count for SQL: DROP TABLE IF EXISTS "app_statistics"
2025-04-23T17:47:45.672+02:00 DEBUG 7688 --- [           main] o.s.jdbc.datasource.init.ScriptUtils     : 0 returned as update count for SQL: DROP TABLE IF EXISTS "task_submissions"
2025-04-23T17:47:45.672+02:00 DEBUG 7688 --- [           main] o.s.jdbc.datasource.init.ScriptUtils     : 0 returned as update count for SQL: DROP TABLE IF EXISTS "lesson_ratings"
2025-04-23T17:47:45.672+02:00 DEBUG 7688 --- [           main] o.s.jdbc.datasource.init.ScriptUtils     : 0 returned as update count for SQL: DROP TABLE IF EXISTS "lesson_tasks"
2025-04-23T17:47:45.672+02:00 DEBUG 7688 --- [           main] o.s.jdbc.datasource.init.ScriptUtils     : 0 returned as update count for SQL: DROP TABLE IF EXISTS "lessons"
2025-04-23T17:47:45.672+02:00 DEBUG 7688 --- [           main] o.s.jdbc.datasource.init.ScriptUtils     : 0 returned as update count for SQL: DROP TABLE IF EXISTS "class_signups"
2025-04-23T17:47:45.673+02:00 DEBUG 7688 --- [           main] o.s.jdbc.datasource.init.ScriptUtils     : 0 returned as update count for SQL: DROP TABLE IF EXISTS "school_classes"
2025-04-23T17:47:45.673+02:00 DEBUG 7688 --- [           main] o.s.jdbc.datasource.init.ScriptUtils     : 0 returned as update count for SQL: DROP TABLE IF EXISTS "users"
2025-04-23T17:47:45.673+02:00 DEBUG 7688 --- [           main] o.s.jdbc.datasource.init.ScriptUtils     : 0 returned as update count for SQL: CREATE TABLE "users" ( id BIGINT PRIMARY KEY AUTO_INCREMENT, username VARCHAR(100) UNIQUE NOT NULL, password VARCHAR(255) NOT NULL, role VARCHAR(20), first_name VARCHAR(100), last_name VARCHAR(100), email VARCHAR(200), student_class BIGINT )
2025-04-23T17:47:45.673+02:00 DEBUG 7688 --- [           main] o.s.jdbc.datasource.init.ScriptUtils     : 0 returned as update count for SQL: CREATE TABLE "class_signups" ( id BIGINT PRIMARY KEY AUTO_INCREMENT, user_id BIGINT NOT NULL, status VARCHAR(50), created_date TIMESTAMP, school_class_id BIGINT )
2025-04-23T17:47:45.674+02:00 DEBUG 7688 --- [           main] o.s.jdbc.datasource.init.ScriptUtils     : 0 returned as update count for SQL: CREATE TABLE "school_classes" ( id BIGSERIAL PRIMARY KEY, name VARCHAR(255) NOT NULL, description TEXT, content TEXT, auto_approve BOOLEAN DEFAULT FALSE, teacher_id BIGINT NOT NULL, signup_deadline TIMESTAMP, CONSTRAINT fk_school_classes_teacher FOREIGN KEY (teacher_id) REFERENCES "users"(id) )
2025-04-23T17:47:45.676+02:00 DEBUG 7688 --- [           main] o.s.jdbc.datasource.init.ScriptUtils     : 0 returned as update count for SQL: CREATE TABLE "lessons" ( id BIGSERIAL PRIMARY KEY, school_class_id BIGINT NOT NULL, title VARCHAR(255) NOT NULL, description TEXT, content TEXT NOT NULL, attachment BYTEA, attachment_filename VARCHAR(255), attachment_content_type VARCHAR(100), solution_required BOOLEAN, solution_due_date TIMESTAMP, CONSTRAINT fk_lessons_school_class FOREIGN KEY (school_class_id) REFERENCES "school_classes"(id) )
2025-04-23T17:47:45.676+02:00 DEBUG 7688 --- [           main] o.s.jdbc.datasource.init.ScriptUtils     : 0 returned as update count for SQL: CREATE TABLE "lesson_tasks" ( id BIGSERIAL PRIMARY KEY, lesson_id BIGINT NOT NULL CONSTRAINT fk_lesson_tasks_lesson REFERENCES "lessons"(id) ON DELETE CASCADE, title VARCHAR(255) NOT NULL, description TEXT, due_date TIMESTAMP, solution_required BOOLEAN NOT NULL DEFAULT FALSE )
2025-04-23T17:47:45.677+02:00 DEBUG 7688 --- [           main] o.s.jdbc.datasource.init.ScriptUtils     : 0 returned as update count for SQL: CREATE TABLE "task_submissions" ( id SERIAL PRIMARY KEY, lesson_task_id BIGINT NOT NULL, user_id BIGINT NOT NULL, solution_text TEXT, solution_file BYTEA, solution_filename VARCHAR(255), solution_content_type VARCHAR(255), submitted_date TIMESTAMP WITHOUT TIME ZONE, grade NUMERIC, teacher_comments TEXT )
2025-04-23T17:47:45.677+02:00 DEBUG 7688 --- [           main] o.s.jdbc.datasource.init.ScriptUtils     : 0 returned as update count for SQL: CREATE TABLE "app_statistics" ( id BIGINT PRIMARY KEY AUTO_INCREMENT, stat_name VARCHAR(100), stat_value BIGINT, timestamp TIMESTAMP )
2025-04-23T17:47:45.677+02:00 DEBUG 7688 --- [           main] o.s.jdbc.datasource.init.ScriptUtils     : 0 returned as update count for SQL: CREATE TABLE "posts" ( id BIGINT PRIMARY KEY AUTO_INCREMENT, title VARCHAR(255), author VARCHAR(255), content TEXT, view_count INT DEFAULT 0, thumbnail BLOB, avg_rating FLOAT, attachment BLOB, thumbnail_filename VARCHAR(255), attachment_filename VARCHAR(255), thumbnail_content_type VARCHAR(255), attachment_content_type VARCHAR(255) )
2025-04-23T17:47:45.677+02:00 DEBUG 7688 --- [           main] o.s.jdbc.datasource.init.ScriptUtils     : 0 returned as update count for SQL: CREATE TABLE IF NOT EXISTS "school_classes" ( id BIGINT PRIMARY KEY AUTO_INCREMENT, name VARCHAR(100), description VARCHAR(500), content TEXT, auto_approve BOOLEAN, teacher_id BIGINT, signup_deadline TIMESTAMP )
2025-04-23T17:47:45.678+02:00 DEBUG 7688 --- [           main] o.s.jdbc.datasource.init.ScriptUtils     : 0 returned as update count for SQL: CREATE TABLE IF NOT EXISTS "comments" ( id BIGINT PRIMARY KEY AUTO_INCREMENT, post_id BIGINT NOT NULL, username VARCHAR(100) NOT NULL, text TEXT NOT NULL, likes INT DEFAULT 0, created_date TIMESTAMP )
2025-04-23T17:47:45.678+02:00 DEBUG 7688 --- [           main] o.s.jdbc.datasource.init.ScriptUtils     : 0 returned as update count for SQL: CREATE TABLE IF NOT EXISTS "comment_likes" ( id BIGINT PRIMARY KEY AUTO_INCREMENT, comment_id BIGINT NOT NULL, username VARCHAR(100) NOT NULL )
2025-04-23T17:47:45.679+02:00 DEBUG 7688 --- [           main] o.s.jdbc.datasource.init.ScriptUtils     : 0 returned as update count for SQL: CREATE TABLE "lesson_ratings" ( id SERIAL PRIMARY KEY, lesson_id BIGINT NOT NULL, user_id BIGINT NOT NULL, rating INTEGER NOT NULL CHECK (rating BETWEEN 1 AND 5), created_date TIMESTAMP NOT NULL, CONSTRAINT fk_lesson FOREIGN KEY (lesson_id) REFERENCES "lessons"(id) )
2025-04-23T17:47:45.679+02:00 DEBUG 7688 --- [           main] o.s.jdbc.datasource.init.ScriptUtils     : Executed SQL script from class path resource [test-schema.sql] in 9 ms.
2025-04-23T17:47:45.680+02:00 DEBUG 7688 --- [           main] o.s.jdbc.core.JdbcTemplate               : Executing SQL update [DELETE FROM "lesson_ratings"]
2025-04-23T17:47:45.680+02:00 DEBUG 7688 --- [           main] o.s.jdbc.core.JdbcTemplate               : Executing SQL update [DELETE FROM "class_signups"]
2025-04-23T17:47:45.680+02:00 DEBUG 7688 --- [           main] o.s.jdbc.core.JdbcTemplate               : Executing SQL update [DELETE FROM "lessons"]
2025-04-23T17:47:45.680+02:00 DEBUG 7688 --- [           main] o.s.jdbc.core.JdbcTemplate               : Executing SQL update [DELETE FROM "school_classes"]
2025-04-23T17:47:45.680+02:00 DEBUG 7688 --- [           main] o.s.jdbc.core.JdbcTemplate               : Executing SQL update [DELETE FROM "users"]
2025-04-23T17:47:45.682+02:00 DEBUG 7688 --- [           main] o.s.jdbc.core.JdbcTemplate               : Executing SQL update and returning generated keys
2025-04-23T17:47:45.682+02:00 DEBUG 7688 --- [           main] o.s.jdbc.core.JdbcTemplate               : Executing prepared SQL statement [INSERT INTO "users" ("EMAIL", "FIRST_NAME", "LAST_NAME", "PASSWORD", "ROLE", "STUDENT_CLASS", "USERNAME") VALUES (?, ?, ?, ?, ?, ?, ?)]
2025-04-23T17:47:45.683+02:00 DEBUG 7688 --- [           main] o.s.jdbc.core.JdbcTemplate               : Executing SQL update and returning generated keys
2025-04-23T17:47:45.683+02:00 DEBUG 7688 --- [           main] o.s.jdbc.core.JdbcTemplate               : Executing prepared SQL statement [INSERT INTO "school_classes" ("AUTO_APPROVE", "CONTENT", "DESCRIPTION", "NAME", "SIGNUP_DEADLINE", "TEACHER_ID") VALUES (?, ?, ?, ?, ?, ?)]
2025-04-23T17:47:45.683+02:00 DEBUG 7688 --- [           main] o.s.jdbc.core.JdbcTemplate               : Executing SQL update and returning generated keys
2025-04-23T17:47:45.683+02:00 DEBUG 7688 --- [           main] o.s.jdbc.core.JdbcTemplate               : Executing prepared SQL statement [INSERT INTO "lessons" ("ATTACHMENT", "ATTACHMENT_CONTENT_TYPE", "ATTACHMENT_FILENAME", "CONTENT", "DESCRIPTION", "SCHOOL_CLASS_ID", "SOLUTION_DUE_DATE", "SOLUTION_REQUIRED", "TITLE") VALUES (?, ?, ?, ?, ?, ?, ?, ?, ?)]
2025-04-23T17:47:45.684+02:00 DEBUG 7688 --- [           main] o.s.security.web.FilterChainProxy        : Securing GET /lessons/999
2025-04-23T17:47:45.684+02:00 DEBUG 7688 --- [           main] o.s.s.w.a.AnonymousAuthenticationFilter  : Set SecurityContextHolder to anonymous SecurityContext
2025-04-23T17:47:45.686+02:00 DEBUG 7688 --- [           main] o.s.s.w.s.HttpSessionRequestCache        : Saved request http://localhost/lessons/999?continue to session
2025-04-23T17:47:45.687+02:00 DEBUG 7688 --- [           main] o.s.s.web.DefaultRedirectStrategy        : Redirecting to http://localhost/login
]]></system-out>
  </testcase>
  <testcase name="userNotSignedUpRedirectsToClassPage" classname="com.example.demo.integration.LessonControllerIntegrationTest" time="0.02">
    <system-out><![CDATA[2025-04-23T17:47:45.690+02:00 DEBUG 7688 --- [           main] o.s.jdbc.datasource.init.ScriptUtils     : Executing SQL script from class path resource [test-schema.sql]
2025-04-23T17:47:45.690+02:00 DEBUG 7688 --- [           main] o.s.jdbc.datasource.init.ScriptUtils     : 0 returned as update count for SQL: DROP TABLE IF EXISTS "comment_likes"
2025-04-23T17:47:45.691+02:00 DEBUG 7688 --- [           main] o.s.jdbc.datasource.init.ScriptUtils     : 0 returned as update count for SQL: DROP TABLE IF EXISTS "comments"
2025-04-23T17:47:45.691+02:00 DEBUG 7688 --- [           main] o.s.jdbc.datasource.init.ScriptUtils     : 0 returned as update count for SQL: DROP TABLE IF EXISTS "posts"
2025-04-23T17:47:45.691+02:00 DEBUG 7688 --- [           main] o.s.jdbc.datasource.init.ScriptUtils     : 0 returned as update count for SQL: DROP TABLE IF EXISTS "app_statistics"
2025-04-23T17:47:45.691+02:00 DEBUG 7688 --- [           main] o.s.jdbc.datasource.init.ScriptUtils     : 0 returned as update count for SQL: DROP TABLE IF EXISTS "task_submissions"
2025-04-23T17:47:45.691+02:00 DEBUG 7688 --- [           main] o.s.jdbc.datasource.init.ScriptUtils     : 0 returned as update count for SQL: DROP TABLE IF EXISTS "lesson_ratings"
2025-04-23T17:47:45.692+02:00 DEBUG 7688 --- [           main] o.s.jdbc.datasource.init.ScriptUtils     : 0 returned as update count for SQL: DROP TABLE IF EXISTS "lesson_tasks"
2025-04-23T17:47:45.692+02:00 DEBUG 7688 --- [           main] o.s.jdbc.datasource.init.ScriptUtils     : 0 returned as update count for SQL: DROP TABLE IF EXISTS "lessons"
2025-04-23T17:47:45.692+02:00 DEBUG 7688 --- [           main] o.s.jdbc.datasource.init.ScriptUtils     : 0 returned as update count for SQL: DROP TABLE IF EXISTS "class_signups"
2025-04-23T17:47:45.692+02:00 DEBUG 7688 --- [           main] o.s.jdbc.datasource.init.ScriptUtils     : 0 returned as update count for SQL: DROP TABLE IF EXISTS "school_classes"
2025-04-23T17:47:45.692+02:00 DEBUG 7688 --- [           main] o.s.jdbc.datasource.init.ScriptUtils     : 0 returned as update count for SQL: DROP TABLE IF EXISTS "users"
2025-04-23T17:47:45.692+02:00 DEBUG 7688 --- [           main] o.s.jdbc.datasource.init.ScriptUtils     : 0 returned as update count for SQL: CREATE TABLE "users" ( id BIGINT PRIMARY KEY AUTO_INCREMENT, username VARCHAR(100) UNIQUE NOT NULL, password VARCHAR(255) NOT NULL, role VARCHAR(20), first_name VARCHAR(100), last_name VARCHAR(100), email VARCHAR(200), student_class BIGINT )
2025-04-23T17:47:45.692+02:00 DEBUG 7688 --- [           main] o.s.jdbc.datasource.init.ScriptUtils     : 0 returned as update count for SQL: CREATE TABLE "class_signups" ( id BIGINT PRIMARY KEY AUTO_INCREMENT, user_id BIGINT NOT NULL, status VARCHAR(50), created_date TIMESTAMP, school_class_id BIGINT )
2025-04-23T17:47:45.693+02:00 DEBUG 7688 --- [           main] o.s.jdbc.datasource.init.ScriptUtils     : 0 returned as update count for SQL: CREATE TABLE "school_classes" ( id BIGSERIAL PRIMARY KEY, name VARCHAR(255) NOT NULL, description TEXT, content TEXT, auto_approve BOOLEAN DEFAULT FALSE, teacher_id BIGINT NOT NULL, signup_deadline TIMESTAMP, CONSTRAINT fk_school_classes_teacher FOREIGN KEY (teacher_id) REFERENCES "users"(id) )
2025-04-23T17:47:45.693+02:00 DEBUG 7688 --- [           main] o.s.jdbc.datasource.init.ScriptUtils     : 0 returned as update count for SQL: CREATE TABLE "lessons" ( id BIGSERIAL PRIMARY KEY, school_class_id BIGINT NOT NULL, title VARCHAR(255) NOT NULL, description TEXT, content TEXT NOT NULL, attachment BYTEA, attachment_filename VARCHAR(255), attachment_content_type VARCHAR(100), solution_required BOOLEAN, solution_due_date TIMESTAMP, CONSTRAINT fk_lessons_school_class FOREIGN KEY (school_class_id) REFERENCES "school_classes"(id) )
2025-04-23T17:47:45.693+02:00 DEBUG 7688 --- [           main] o.s.jdbc.datasource.init.ScriptUtils     : 0 returned as update count for SQL: CREATE TABLE "lesson_tasks" ( id BIGSERIAL PRIMARY KEY, lesson_id BIGINT NOT NULL CONSTRAINT fk_lesson_tasks_lesson REFERENCES "lessons"(id) ON DELETE CASCADE, title VARCHAR(255) NOT NULL, description TEXT, due_date TIMESTAMP, solution_required BOOLEAN NOT NULL DEFAULT FALSE )
2025-04-23T17:47:45.693+02:00 DEBUG 7688 --- [           main] o.s.jdbc.datasource.init.ScriptUtils     : 0 returned as update count for SQL: CREATE TABLE "task_submissions" ( id SERIAL PRIMARY KEY, lesson_task_id BIGINT NOT NULL, user_id BIGINT NOT NULL, solution_text TEXT, solution_file BYTEA, solution_filename VARCHAR(255), solution_content_type VARCHAR(255), submitted_date TIMESTAMP WITHOUT TIME ZONE, grade NUMERIC, teacher_comments TEXT )
2025-04-23T17:47:45.694+02:00 DEBUG 7688 --- [           main] o.s.jdbc.datasource.init.ScriptUtils     : 0 returned as update count for SQL: CREATE TABLE "app_statistics" ( id BIGINT PRIMARY KEY AUTO_INCREMENT, stat_name VARCHAR(100), stat_value BIGINT, timestamp TIMESTAMP )
2025-04-23T17:47:45.694+02:00 DEBUG 7688 --- [           main] o.s.jdbc.datasource.init.ScriptUtils     : 0 returned as update count for SQL: CREATE TABLE "posts" ( id BIGINT PRIMARY KEY AUTO_INCREMENT, title VARCHAR(255), author VARCHAR(255), content TEXT, view_count INT DEFAULT 0, thumbnail BLOB, avg_rating FLOAT, attachment BLOB, thumbnail_filename VARCHAR(255), attachment_filename VARCHAR(255), thumbnail_content_type VARCHAR(255), attachment_content_type VARCHAR(255) )
2025-04-23T17:47:45.694+02:00 DEBUG 7688 --- [           main] o.s.jdbc.datasource.init.ScriptUtils     : 0 returned as update count for SQL: CREATE TABLE IF NOT EXISTS "school_classes" ( id BIGINT PRIMARY KEY AUTO_INCREMENT, name VARCHAR(100), description VARCHAR(500), content TEXT, auto_approve BOOLEAN, teacher_id BIGINT, signup_deadline TIMESTAMP )
2025-04-23T17:47:45.694+02:00 DEBUG 7688 --- [           main] o.s.jdbc.datasource.init.ScriptUtils     : 0 returned as update count for SQL: CREATE TABLE IF NOT EXISTS "comments" ( id BIGINT PRIMARY KEY AUTO_INCREMENT, post_id BIGINT NOT NULL, username VARCHAR(100) NOT NULL, text TEXT NOT NULL, likes INT DEFAULT 0, created_date TIMESTAMP )
2025-04-23T17:47:45.694+02:00 DEBUG 7688 --- [           main] o.s.jdbc.datasource.init.ScriptUtils     : 0 returned as update count for SQL: CREATE TABLE IF NOT EXISTS "comment_likes" ( id BIGINT PRIMARY KEY AUTO_INCREMENT, comment_id BIGINT NOT NULL, username VARCHAR(100) NOT NULL )
2025-04-23T17:47:45.695+02:00 DEBUG 7688 --- [           main] o.s.jdbc.datasource.init.ScriptUtils     : 0 returned as update count for SQL: CREATE TABLE "lesson_ratings" ( id SERIAL PRIMARY KEY, lesson_id BIGINT NOT NULL, user_id BIGINT NOT NULL, rating INTEGER NOT NULL CHECK (rating BETWEEN 1 AND 5), created_date TIMESTAMP NOT NULL, CONSTRAINT fk_lesson FOREIGN KEY (lesson_id) REFERENCES "lessons"(id) )
2025-04-23T17:47:45.695+02:00 DEBUG 7688 --- [           main] o.s.jdbc.datasource.init.ScriptUtils     : Executed SQL script from class path resource [test-schema.sql] in 5 ms.
2025-04-23T17:47:45.697+02:00 DEBUG 7688 --- [           main] o.s.jdbc.core.JdbcTemplate               : Executing SQL update [DELETE FROM "lesson_ratings"]
2025-04-23T17:47:45.697+02:00 DEBUG 7688 --- [           main] o.s.jdbc.core.JdbcTemplate               : Executing SQL update [DELETE FROM "class_signups"]
2025-04-23T17:47:45.697+02:00 DEBUG 7688 --- [           main] o.s.jdbc.core.JdbcTemplate               : Executing SQL update [DELETE FROM "lessons"]
2025-04-23T17:47:45.698+02:00 DEBUG 7688 --- [           main] o.s.jdbc.core.JdbcTemplate               : Executing SQL update [DELETE FROM "school_classes"]
2025-04-23T17:47:45.698+02:00 DEBUG 7688 --- [           main] o.s.jdbc.core.JdbcTemplate               : Executing SQL update [DELETE FROM "users"]
2025-04-23T17:47:45.699+02:00 DEBUG 7688 --- [           main] o.s.jdbc.core.JdbcTemplate               : Executing SQL update and returning generated keys
2025-04-23T17:47:45.699+02:00 DEBUG 7688 --- [           main] o.s.jdbc.core.JdbcTemplate               : Executing prepared SQL statement [INSERT INTO "users" ("EMAIL", "FIRST_NAME", "LAST_NAME", "PASSWORD", "ROLE", "STUDENT_CLASS", "USERNAME") VALUES (?, ?, ?, ?, ?, ?, ?)]
2025-04-23T17:47:45.700+02:00 DEBUG 7688 --- [           main] o.s.jdbc.core.JdbcTemplate               : Executing SQL update and returning generated keys
2025-04-23T17:47:45.700+02:00 DEBUG 7688 --- [           main] o.s.jdbc.core.JdbcTemplate               : Executing prepared SQL statement [INSERT INTO "school_classes" ("AUTO_APPROVE", "CONTENT", "DESCRIPTION", "NAME", "SIGNUP_DEADLINE", "TEACHER_ID") VALUES (?, ?, ?, ?, ?, ?)]
2025-04-23T17:47:45.701+02:00 DEBUG 7688 --- [           main] o.s.jdbc.core.JdbcTemplate               : Executing SQL update and returning generated keys
2025-04-23T17:47:45.701+02:00 DEBUG 7688 --- [           main] o.s.jdbc.core.JdbcTemplate               : Executing prepared SQL statement [INSERT INTO "lessons" ("ATTACHMENT", "ATTACHMENT_CONTENT_TYPE", "ATTACHMENT_FILENAME", "CONTENT", "DESCRIPTION", "SCHOOL_CLASS_ID", "SOLUTION_DUE_DATE", "SOLUTION_REQUIRED", "TITLE") VALUES (?, ?, ?, ?, ?, ?, ?, ?, ?)]
2025-04-23T17:47:45.702+02:00 DEBUG 7688 --- [           main] w.c.HttpSessionSecurityContextRepository : Created HttpSession as SecurityContext is non-default
2025-04-23T17:47:45.702+02:00 DEBUG 7688 --- [           main] w.c.HttpSessionSecurityContextRepository : Stored SecurityContextImpl [Authentication=UsernamePasswordAuthenticationToken [Principal=org.springframework.security.core.userdetails.User [Username=john, Password=[PROTECTED], Enabled=true, AccountNonExpired=true, CredentialsNonExpired=true, AccountNonLocked=true, Granted Authorities=[ROLE_USER]], Credentials=[PROTECTED], Authenticated=true, Details=null, Granted Authorities=[ROLE_USER]]] to HttpSession [org.springframework.mock.web.MockHttpSession@372e01e0]
2025-04-23T17:47:45.702+02:00 DEBUG 7688 --- [           main] o.s.security.web.FilterChainProxy        : Securing GET /lessons/1
2025-04-23T17:47:45.702+02:00 DEBUG 7688 --- [           main] w.c.HttpSessionSecurityContextRepository : Retrieved SecurityContextImpl [Authentication=UsernamePasswordAuthenticationToken [Principal=org.springframework.security.core.userdetails.User [Username=john, Password=[PROTECTED], Enabled=true, AccountNonExpired=true, CredentialsNonExpired=true, AccountNonLocked=true, Granted Authorities=[ROLE_USER]], Credentials=[PROTECTED], Authenticated=true, Details=null, Granted Authorities=[ROLE_USER]]]
2025-04-23T17:47:45.702+02:00 DEBUG 7688 --- [           main] o.s.security.web.FilterChainProxy        : Secured GET /lessons/1
2025-04-23T17:47:45.704+02:00 DEBUG 7688 --- [           main] o.s.jdbc.core.JdbcTemplate               : Executing prepared SQL query
2025-04-23T17:47:45.704+02:00 DEBUG 7688 --- [           main] o.s.jdbc.core.JdbcTemplate               : Executing prepared SQL statement [SELECT "users"."ID" AS "ID", "users"."ROLE" AS "ROLE", "users"."EMAIL" AS "EMAIL", "users"."LAST_NAME" AS "LAST_NAME", "users"."PASSWORD" AS "PASSWORD", "users"."USERNAME" AS "USERNAME", "users"."FIRST_NAME" AS "FIRST_NAME", "users"."STUDENT_CLASS" AS "STUDENT_CLASS" FROM "users" WHERE "users"."USERNAME" = ?]
2025-04-23T17:47:45.704+02:00 DEBUG 7688 --- [           main] o.s.jdbc.core.JdbcTemplate               : Executing prepared SQL query
2025-04-23T17:47:45.704+02:00 DEBUG 7688 --- [           main] o.s.jdbc.core.JdbcTemplate               : Executing prepared SQL statement [SELECT "lessons"."ID" AS "ID", "lessons"."TITLE" AS "TITLE", "lessons"."CONTENT" AS "CONTENT", "lessons"."ATTACHMENT" AS "ATTACHMENT", "lessons"."DESCRIPTION" AS "DESCRIPTION", "lessons"."SCHOOL_CLASS_ID" AS "SCHOOL_CLASS_ID", "lessons"."SOLUTION_DUE_DATE" AS "SOLUTION_DUE_DATE", "lessons"."SOLUTION_REQUIRED" AS "SOLUTION_REQUIRED", "lessons"."ATTACHMENT_FILENAME" AS "ATTACHMENT_FILENAME", "lessons"."ATTACHMENT_CONTENT_TYPE" AS "ATTACHMENT_CONTENT_TYPE" FROM "lessons" WHERE "lessons"."ID" = ?]
2025-04-23T17:47:45.705+02:00 DEBUG 7688 --- [           main] o.s.jdbc.core.JdbcTemplate               : Executing prepared SQL query
2025-04-23T17:47:45.705+02:00 DEBUG 7688 --- [           main] o.s.jdbc.core.JdbcTemplate               : Executing prepared SQL statement [SELECT "users"."ID" AS "ID", "users"."ROLE" AS "ROLE", "users"."EMAIL" AS "EMAIL", "users"."LAST_NAME" AS "LAST_NAME", "users"."PASSWORD" AS "PASSWORD", "users"."USERNAME" AS "USERNAME", "users"."FIRST_NAME" AS "FIRST_NAME", "users"."STUDENT_CLASS" AS "STUDENT_CLASS" FROM "users" WHERE "users"."USERNAME" = ?]
2025-04-23T17:47:45.706+02:00 DEBUG 7688 --- [           main] o.s.jdbc.core.JdbcTemplate               : Executing prepared SQL query
2025-04-23T17:47:45.706+02:00 DEBUG 7688 --- [           main] o.s.jdbc.core.JdbcTemplate               : Executing prepared SQL statement [SELECT "class_signups"."ID" AS "ID", "class_signups"."USER_ID" AS "USER_ID", "class_signups"."STATUS" AS "STATUS", "class_signups"."CREATED_DATE" AS "CREATED_DATE", "class_signups"."SCHOOL_CLASS_ID" AS "SCHOOL_CLASS_ID" FROM "class_signups" WHERE "class_signups"."SCHOOL_CLASS_ID" = ? AND ("class_signups"."USER_ID" = ?)]
]]></system-out>
  </testcase>
  <testcase name="notLoggedInRedirectsToLogin" classname="com.example.demo.integration.LessonControllerIntegrationTest" time="0.016">
    <system-out><![CDATA[2025-04-23T17:47:45.710+02:00 DEBUG 7688 --- [           main] o.s.jdbc.datasource.init.ScriptUtils     : Executing SQL script from class path resource [test-schema.sql]
2025-04-23T17:47:45.711+02:00 DEBUG 7688 --- [           main] o.s.jdbc.datasource.init.ScriptUtils     : 0 returned as update count for SQL: DROP TABLE IF EXISTS "comment_likes"
2025-04-23T17:47:45.711+02:00 DEBUG 7688 --- [           main] o.s.jdbc.datasource.init.ScriptUtils     : 0 returned as update count for SQL: DROP TABLE IF EXISTS "comments"
2025-04-23T17:47:45.711+02:00 DEBUG 7688 --- [           main] o.s.jdbc.datasource.init.ScriptUtils     : 0 returned as update count for SQL: DROP TABLE IF EXISTS "posts"
2025-04-23T17:47:45.711+02:00 DEBUG 7688 --- [           main] o.s.jdbc.datasource.init.ScriptUtils     : 0 returned as update count for SQL: DROP TABLE IF EXISTS "app_statistics"
2025-04-23T17:47:45.711+02:00 DEBUG 7688 --- [           main] o.s.jdbc.datasource.init.ScriptUtils     : 0 returned as update count for SQL: DROP TABLE IF EXISTS "task_submissions"
2025-04-23T17:47:45.711+02:00 DEBUG 7688 --- [           main] o.s.jdbc.datasource.init.ScriptUtils     : 0 returned as update count for SQL: DROP TABLE IF EXISTS "lesson_ratings"
2025-04-23T17:47:45.713+02:00 DEBUG 7688 --- [           main] o.s.jdbc.datasource.init.ScriptUtils     : 0 returned as update count for SQL: DROP TABLE IF EXISTS "lesson_tasks"
2025-04-23T17:47:45.713+02:00 DEBUG 7688 --- [           main] o.s.jdbc.datasource.init.ScriptUtils     : 0 returned as update count for SQL: DROP TABLE IF EXISTS "lessons"
2025-04-23T17:47:45.713+02:00 DEBUG 7688 --- [           main] o.s.jdbc.datasource.init.ScriptUtils     : 0 returned as update count for SQL: DROP TABLE IF EXISTS "class_signups"
2025-04-23T17:47:45.713+02:00 DEBUG 7688 --- [           main] o.s.jdbc.datasource.init.ScriptUtils     : 0 returned as update count for SQL: DROP TABLE IF EXISTS "school_classes"
2025-04-23T17:47:45.713+02:00 DEBUG 7688 --- [           main] o.s.jdbc.datasource.init.ScriptUtils     : 0 returned as update count for SQL: DROP TABLE IF EXISTS "users"
2025-04-23T17:47:45.713+02:00 DEBUG 7688 --- [           main] o.s.jdbc.datasource.init.ScriptUtils     : 0 returned as update count for SQL: CREATE TABLE "users" ( id BIGINT PRIMARY KEY AUTO_INCREMENT, username VARCHAR(100) UNIQUE NOT NULL, password VARCHAR(255) NOT NULL, role VARCHAR(20), first_name VARCHAR(100), last_name VARCHAR(100), email VARCHAR(200), student_class BIGINT )
2025-04-23T17:47:45.714+02:00 DEBUG 7688 --- [           main] o.s.jdbc.datasource.init.ScriptUtils     : 0 returned as update count for SQL: CREATE TABLE "class_signups" ( id BIGINT PRIMARY KEY AUTO_INCREMENT, user_id BIGINT NOT NULL, status VARCHAR(50), created_date TIMESTAMP, school_class_id BIGINT )
2025-04-23T17:47:45.714+02:00 DEBUG 7688 --- [           main] o.s.jdbc.datasource.init.ScriptUtils     : 0 returned as update count for SQL: CREATE TABLE "school_classes" ( id BIGSERIAL PRIMARY KEY, name VARCHAR(255) NOT NULL, description TEXT, content TEXT, auto_approve BOOLEAN DEFAULT FALSE, teacher_id BIGINT NOT NULL, signup_deadline TIMESTAMP, CONSTRAINT fk_school_classes_teacher FOREIGN KEY (teacher_id) REFERENCES "users"(id) )
2025-04-23T17:47:45.715+02:00 DEBUG 7688 --- [           main] o.s.jdbc.datasource.init.ScriptUtils     : 0 returned as update count for SQL: CREATE TABLE "lessons" ( id BIGSERIAL PRIMARY KEY, school_class_id BIGINT NOT NULL, title VARCHAR(255) NOT NULL, description TEXT, content TEXT NOT NULL, attachment BYTEA, attachment_filename VARCHAR(255), attachment_content_type VARCHAR(100), solution_required BOOLEAN, solution_due_date TIMESTAMP, CONSTRAINT fk_lessons_school_class FOREIGN KEY (school_class_id) REFERENCES "school_classes"(id) )
2025-04-23T17:47:45.715+02:00 DEBUG 7688 --- [           main] o.s.jdbc.datasource.init.ScriptUtils     : 0 returned as update count for SQL: CREATE TABLE "lesson_tasks" ( id BIGSERIAL PRIMARY KEY, lesson_id BIGINT NOT NULL CONSTRAINT fk_lesson_tasks_lesson REFERENCES "lessons"(id) ON DELETE CASCADE, title VARCHAR(255) NOT NULL, description TEXT, due_date TIMESTAMP, solution_required BOOLEAN NOT NULL DEFAULT FALSE )
2025-04-23T17:47:45.717+02:00 DEBUG 7688 --- [           main] o.s.jdbc.datasource.init.ScriptUtils     : 0 returned as update count for SQL: CREATE TABLE "task_submissions" ( id SERIAL PRIMARY KEY, lesson_task_id BIGINT NOT NULL, user_id BIGINT NOT NULL, solution_text TEXT, solution_file BYTEA, solution_filename VARCHAR(255), solution_content_type VARCHAR(255), submitted_date TIMESTAMP WITHOUT TIME ZONE, grade NUMERIC, teacher_comments TEXT )
2025-04-23T17:47:45.717+02:00 DEBUG 7688 --- [           main] o.s.jdbc.datasource.init.ScriptUtils     : 0 returned as update count for SQL: CREATE TABLE "app_statistics" ( id BIGINT PRIMARY KEY AUTO_INCREMENT, stat_name VARCHAR(100), stat_value BIGINT, timestamp TIMESTAMP )
2025-04-23T17:47:45.718+02:00 DEBUG 7688 --- [           main] o.s.jdbc.datasource.init.ScriptUtils     : 0 returned as update count for SQL: CREATE TABLE "posts" ( id BIGINT PRIMARY KEY AUTO_INCREMENT, title VARCHAR(255), author VARCHAR(255), content TEXT, view_count INT DEFAULT 0, thumbnail BLOB, avg_rating FLOAT, attachment BLOB, thumbnail_filename VARCHAR(255), attachment_filename VARCHAR(255), thumbnail_content_type VARCHAR(255), attachment_content_type VARCHAR(255) )
2025-04-23T17:47:45.718+02:00 DEBUG 7688 --- [           main] o.s.jdbc.datasource.init.ScriptUtils     : 0 returned as update count for SQL: CREATE TABLE IF NOT EXISTS "school_classes" ( id BIGINT PRIMARY KEY AUTO_INCREMENT, name VARCHAR(100), description VARCHAR(500), content TEXT, auto_approve BOOLEAN, teacher_id BIGINT, signup_deadline TIMESTAMP )
2025-04-23T17:47:45.718+02:00 DEBUG 7688 --- [           main] o.s.jdbc.datasource.init.ScriptUtils     : 0 returned as update count for SQL: CREATE TABLE IF NOT EXISTS "comments" ( id BIGINT PRIMARY KEY AUTO_INCREMENT, post_id BIGINT NOT NULL, username VARCHAR(100) NOT NULL, text TEXT NOT NULL, likes INT DEFAULT 0, created_date TIMESTAMP )
2025-04-23T17:47:45.719+02:00 DEBUG 7688 --- [           main] o.s.jdbc.datasource.init.ScriptUtils     : 0 returned as update count for SQL: CREATE TABLE IF NOT EXISTS "comment_likes" ( id BIGINT PRIMARY KEY AUTO_INCREMENT, comment_id BIGINT NOT NULL, username VARCHAR(100) NOT NULL )
2025-04-23T17:47:45.719+02:00 DEBUG 7688 --- [           main] o.s.jdbc.datasource.init.ScriptUtils     : 0 returned as update count for SQL: CREATE TABLE "lesson_ratings" ( id SERIAL PRIMARY KEY, lesson_id BIGINT NOT NULL, user_id BIGINT NOT NULL, rating INTEGER NOT NULL CHECK (rating BETWEEN 1 AND 5), created_date TIMESTAMP NOT NULL, CONSTRAINT fk_lesson FOREIGN KEY (lesson_id) REFERENCES "lessons"(id) )
2025-04-23T17:47:45.719+02:00 DEBUG 7688 --- [           main] o.s.jdbc.datasource.init.ScriptUtils     : Executed SQL script from class path resource [test-schema.sql] in 9 ms.
2025-04-23T17:47:45.720+02:00 DEBUG 7688 --- [           main] o.s.jdbc.core.JdbcTemplate               : Executing SQL update [DELETE FROM "lesson_ratings"]
2025-04-23T17:47:45.720+02:00 DEBUG 7688 --- [           main] o.s.jdbc.core.JdbcTemplate               : Executing SQL update [DELETE FROM "class_signups"]
2025-04-23T17:47:45.721+02:00 DEBUG 7688 --- [           main] o.s.jdbc.core.JdbcTemplate               : Executing SQL update [DELETE FROM "lessons"]
2025-04-23T17:47:45.721+02:00 DEBUG 7688 --- [           main] o.s.jdbc.core.JdbcTemplate               : Executing SQL update [DELETE FROM "school_classes"]
2025-04-23T17:47:45.721+02:00 DEBUG 7688 --- [           main] o.s.jdbc.core.JdbcTemplate               : Executing SQL update [DELETE FROM "users"]
2025-04-23T17:47:45.721+02:00 DEBUG 7688 --- [           main] o.s.jdbc.core.JdbcTemplate               : Executing SQL update and returning generated keys
2025-04-23T17:47:45.721+02:00 DEBUG 7688 --- [           main] o.s.jdbc.core.JdbcTemplate               : Executing prepared SQL statement [INSERT INTO "users" ("EMAIL", "FIRST_NAME", "LAST_NAME", "PASSWORD", "ROLE", "STUDENT_CLASS", "USERNAME") VALUES (?, ?, ?, ?, ?, ?, ?)]
2025-04-23T17:47:45.722+02:00 DEBUG 7688 --- [           main] o.s.jdbc.core.JdbcTemplate               : Executing SQL update and returning generated keys
2025-04-23T17:47:45.722+02:00 DEBUG 7688 --- [           main] o.s.jdbc.core.JdbcTemplate               : Executing prepared SQL statement [INSERT INTO "school_classes" ("AUTO_APPROVE", "CONTENT", "DESCRIPTION", "NAME", "SIGNUP_DEADLINE", "TEACHER_ID") VALUES (?, ?, ?, ?, ?, ?)]
2025-04-23T17:47:45.723+02:00 DEBUG 7688 --- [           main] o.s.jdbc.core.JdbcTemplate               : Executing SQL update and returning generated keys
2025-04-23T17:47:45.723+02:00 DEBUG 7688 --- [           main] o.s.jdbc.core.JdbcTemplate               : Executing prepared SQL statement [INSERT INTO "lessons" ("ATTACHMENT", "ATTACHMENT_CONTENT_TYPE", "ATTACHMENT_FILENAME", "CONTENT", "DESCRIPTION", "SCHOOL_CLASS_ID", "SOLUTION_DUE_DATE", "SOLUTION_REQUIRED", "TITLE") VALUES (?, ?, ?, ?, ?, ?, ?, ?, ?)]
2025-04-23T17:47:45.723+02:00 DEBUG 7688 --- [           main] o.s.security.web.FilterChainProxy        : Securing GET /lessons/1
2025-04-23T17:47:45.723+02:00 DEBUG 7688 --- [           main] o.s.s.w.a.AnonymousAuthenticationFilter  : Set SecurityContextHolder to anonymous SecurityContext
2025-04-23T17:47:45.724+02:00 DEBUG 7688 --- [           main] o.s.s.w.s.HttpSessionRequestCache        : Saved request http://localhost/lessons/1?continue to session
2025-04-23T17:47:45.724+02:00 DEBUG 7688 --- [           main] o.s.s.web.DefaultRedirectStrategy        : Redirecting to http://localhost/login
]]></system-out>
  </testcase>
</testsuite>