<?xml version="1.0" encoding="UTF-8"?>
<testsuite xmlns:xsi="http://www.w3.org/2001/XMLSchema-instance" xsi:noNamespaceSchemaLocation="https://maven.apache.org/surefire/maven-surefire-plugin/xsd/surefire-test-report.xsd" version="3.0.2" name="com.example.demo.integration.TeacherIntegrationTests" time="0.23" tests="4" errors="0" skipped="0" failures="0">
  <properties>
    <property name="java.specification.version" value="23"/>
    <property name="sun.cpu.isalist" value="amd64"/>
    <property name="sun.jnu.encoding" value="Cp1250"/>
    <property name="java.class.path" value="C:\Users\jakub\OneDrive\Pulpit\bachleor\Bachleor\demo\target\test-classes;C:\Users\jakub\OneDrive\Pulpit\bachleor\Bachleor\demo\target\classes;C:\Users\jakub\.m2\repository\org\springframework\boot\spring-boot-starter-web\3.4.1\spring-boot-starter-web-3.4.1.jar;C:\Users\jakub\.m2\repository\org\springframework\boot\spring-boot-starter\3.4.1\spring-boot-starter-3.4.1.jar;C:\Users\jakub\.m2\repository\org\springframework\boot\spring-boot\3.4.1\spring-boot-3.4.1.jar;C:\Users\jakub\.m2\repository\org\springframework\boot\spring-boot-autoconfigure\3.4.1\spring-boot-autoconfigure-3.4.1.jar;C:\Users\jakub\.m2\repository\org\springframework\boot\spring-boot-starter-logging\3.4.1\spring-boot-starter-logging-3.4.1.jar;C:\Users\jakub\.m2\repository\ch\qos\logback\logback-classic\1.5.12\logback-classic-1.5.12.jar;C:\Users\jakub\.m2\repository\ch\qos\logback\logback-core\1.5.12\logback-core-1.5.12.jar;C:\Users\jakub\.m2\repository\org\apache\logging\log4j\log4j-to-slf4j\2.24.3\log4j-to-slf4j-2.24.3.jar;C:\Users\jakub\.m2\repository\org\apache\logging\log4j\log4j-api\2.24.3\log4j-api-2.24.3.jar;C:\Users\jakub\.m2\repository\org\slf4j\jul-to-slf4j\2.0.16\jul-to-slf4j-2.0.16.jar;C:\Users\jakub\.m2\repository\jakarta\annotation\jakarta.annotation-api\2.1.1\jakarta.annotation-api-2.1.1.jar;C:\Users\jakub\.m2\repository\org\yaml\snakeyaml\2.3\snakeyaml-2.3.jar;C:\Users\jakub\.m2\repository\org\springframework\boot\spring-boot-starter-json\3.4.1\spring-boot-starter-json-3.4.1.jar;C:\Users\jakub\.m2\repository\com\fasterxml\jackson\core\jackson-databind\2.18.2\jackson-databind-2.18.2.jar;C:\Users\jakub\.m2\repository\com\fasterxml\jackson\core\jackson-annotations\2.18.2\jackson-annotations-2.18.2.jar;C:\Users\jakub\.m2\repository\com\fasterxml\jackson\core\jackson-core\2.18.2\jackson-core-2.18.2.jar;C:\Users\jakub\.m2\repository\com\fasterxml\jackson\datatype\jackson-datatype-jdk8\2.18.2\jackson-datatype-jdk8-2.18.2.jar;C:\Users\jakub\.m2\repository\com\fasterxml\jackson\datatype\jackson-datatype-jsr310\2.18.2\jackson-datatype-jsr310-2.18.2.jar;C:\Users\jakub\.m2\repository\com\fasterxml\jackson\module\jackson-module-parameter-names\2.18.2\jackson-module-parameter-names-2.18.2.jar;C:\Users\jakub\.m2\repository\org\springframework\boot\spring-boot-starter-tomcat\3.4.1\spring-boot-starter-tomcat-3.4.1.jar;C:\Users\jakub\.m2\repository\org\apache\tomcat\embed\tomcat-embed-core\10.1.34\tomcat-embed-core-10.1.34.jar;C:\Users\jakub\.m2\repository\org\apache\tomcat\embed\tomcat-embed-websocket\10.1.34\tomcat-embed-websocket-10.1.34.jar;C:\Users\jakub\.m2\repository\org\springframework\spring-web\6.2.1\spring-web-6.2.1.jar;C:\Users\jakub\.m2\repository\io\micrometer\micrometer-observation\1.14.2\micrometer-observation-1.14.2.jar;C:\Users\jakub\.m2\repository\io\micrometer\micrometer-commons\1.14.2\micrometer-commons-1.14.2.jar;C:\Users\jakub\.m2\repository\org\springframework\spring-webmvc\6.2.1\spring-webmvc-6.2.1.jar;C:\Users\jakub\.m2\repository\org\springframework\spring-expression\6.2.1\spring-expression-6.2.1.jar;C:\Users\jakub\.m2\repository\org\springframework\boot\spring-boot-starter-thymeleaf\3.4.1\spring-boot-starter-thymeleaf-3.4.1.jar;C:\Users\jakub\.m2\repository\org\thymeleaf\thymeleaf-spring6\3.1.3.RELEASE\thymeleaf-spring6-3.1.3.RELEASE.jar;C:\Users\jakub\.m2\repository\org\springframework\boot\spring-boot-starter-data-jdbc\3.4.1\spring-boot-starter-data-jdbc-3.4.1.jar;C:\Users\jakub\.m2\repository\org\springframework\boot\spring-boot-starter-jdbc\3.4.1\spring-boot-starter-jdbc-3.4.1.jar;C:\Users\jakub\.m2\repository\com\zaxxer\HikariCP\5.1.0\HikariCP-5.1.0.jar;C:\Users\jakub\.m2\repository\org\springframework\data\spring-data-jdbc\3.4.1\spring-data-jdbc-3.4.1.jar;C:\Users\jakub\.m2\repository\org\springframework\data\spring-data-relational\3.4.1\spring-data-relational-3.4.1.jar;C:\Users\jakub\.m2\repository\org\springframework\data\spring-data-commons\3.4.1\spring-data-commons-3.4.1.jar;C:\Users\jakub\.m2\repository\org\springframework\spring-tx\6.2.1\spring-tx-6.2.1.jar;C:\Users\jakub\.m2\repository\org\springframework\spring-beans\6.2.1\spring-beans-6.2.1.jar;C:\Users\jakub\.m2\repository\org\springframework\spring-core\6.2.1\spring-core-6.2.1.jar;C:\Users\jakub\.m2\repository\org\springframework\spring-jcl\6.2.1\spring-jcl-6.2.1.jar;C:\Users\jakub\.m2\repository\org\springframework\boot\spring-boot-starter-security\3.4.1\spring-boot-starter-security-3.4.1.jar;C:\Users\jakub\.m2\repository\org\springframework\spring-aop\6.2.1\spring-aop-6.2.1.jar;C:\Users\jakub\.m2\repository\org\springframework\security\spring-security-config\6.4.2\spring-security-config-6.4.2.jar;C:\Users\jakub\.m2\repository\org\springframework\security\spring-security-web\6.4.2\spring-security-web-6.4.2.jar;C:\Users\jakub\.m2\repository\org\thymeleaf\extras\thymeleaf-extras-java8time\3.0.4.RELEASE\thymeleaf-extras-java8time-3.0.4.RELEASE.jar;C:\Users\jakub\.m2\repository\org\thymeleaf\thymeleaf\3.1.3.RELEASE\thymeleaf-3.1.3.RELEASE.jar;C:\Users\jakub\.m2\repository\ognl\ognl\3.3.4\ognl-3.3.4.jar;C:\Users\jakub\.m2\repository\org\javassist\javassist\3.29.0-GA\javassist-3.29.0-GA.jar;C:\Users\jakub\.m2\repository\org\attoparser\attoparser\2.0.7.RELEASE\attoparser-2.0.7.RELEASE.jar;C:\Users\jakub\.m2\repository\org\unbescape\unbescape\1.1.6.RELEASE\unbescape-1.1.6.RELEASE.jar;C:\Users\jakub\.m2\repository\org\slf4j\slf4j-api\2.0.16\slf4j-api-2.0.16.jar;C:\Users\jakub\.m2\repository\org\postgresql\postgresql\42.7.4\postgresql-42.7.4.jar;C:\Users\jakub\.m2\repository\org\checkerframework\checker-qual\3.42.0\checker-qual-3.42.0.jar;C:\Users\jakub\.m2\repository\org\springframework\boot\spring-boot-starter-validation\3.4.1\spring-boot-starter-validation-3.4.1.jar;C:\Users\jakub\.m2\repository\org\apache\tomcat\embed\tomcat-embed-el\10.1.34\tomcat-embed-el-10.1.34.jar;C:\Users\jakub\.m2\repository\org\hibernate\validator\hibernate-validator\8.0.2.Final\hibernate-validator-8.0.2.Final.jar;C:\Users\jakub\.m2\repository\jakarta\validation\jakarta.validation-api\3.0.2\jakarta.validation-api-3.0.2.jar;C:\Users\jakub\.m2\repository\org\jboss\logging\jboss-logging\3.6.1.Final\jboss-logging-3.6.1.Final.jar;C:\Users\jakub\.m2\repository\com\fasterxml\classmate\1.7.0\classmate-1.7.0.jar;C:\Users\jakub\.m2\repository\com\h2database\h2\2.3.232\h2-2.3.232.jar;C:\Users\jakub\.m2\repository\org\springframework\session\spring-session-jdbc\3.4.1\spring-session-jdbc-3.4.1.jar;C:\Users\jakub\.m2\repository\org\springframework\session\spring-session-core\3.4.1\spring-session-core-3.4.1.jar;C:\Users\jakub\.m2\repository\org\springframework\spring-context\6.2.1\spring-context-6.2.1.jar;C:\Users\jakub\.m2\repository\org\springframework\spring-jdbc\6.2.1\spring-jdbc-6.2.1.jar;C:\Users\jakub\.m2\repository\org\springframework\boot\spring-boot-starter-test\3.4.1\spring-boot-starter-test-3.4.1.jar;C:\Users\jakub\.m2\repository\org\springframework\boot\spring-boot-test\3.4.1\spring-boot-test-3.4.1.jar;C:\Users\jakub\.m2\repository\org\springframework\boot\spring-boot-test-autoconfigure\3.4.1\spring-boot-test-autoconfigure-3.4.1.jar;C:\Users\jakub\.m2\repository\com\jayway\jsonpath\json-path\2.9.0\json-path-2.9.0.jar;C:\Users\jakub\.m2\repository\jakarta\xml\bind\jakarta.xml.bind-api\4.0.2\jakarta.xml.bind-api-4.0.2.jar;C:\Users\jakub\.m2\repository\jakarta\activation\jakarta.activation-api\2.1.3\jakarta.activation-api-2.1.3.jar;C:\Users\jakub\.m2\repository\net\minidev\json-smart\2.5.1\json-smart-2.5.1.jar;C:\Users\jakub\.m2\repository\net\minidev\accessors-smart\2.5.1\accessors-smart-2.5.1.jar;C:\Users\jakub\.m2\repository\org\ow2\asm\asm\9.6\asm-9.6.jar;C:\Users\jakub\.m2\repository\org\assertj\assertj-core\3.26.3\assertj-core-3.26.3.jar;C:\Users\jakub\.m2\repository\net\bytebuddy\byte-buddy\1.15.11\byte-buddy-1.15.11.jar;C:\Users\jakub\.m2\repository\org\awaitility\awaitility\4.2.2\awaitility-4.2.2.jar;C:\Users\jakub\.m2\repository\org\hamcrest\hamcrest\2.2\hamcrest-2.2.jar;C:\Users\jakub\.m2\repository\org\mockito\mockito-core\5.14.2\mockito-core-5.14.2.jar;C:\Users\jakub\.m2\repository\net\bytebuddy\byte-buddy-agent\1.15.11\byte-buddy-agent-1.15.11.jar;C:\Users\jakub\.m2\repository\org\objenesis\objenesis\3.3\objenesis-3.3.jar;C:\Users\jakub\.m2\repository\org\mockito\mockito-junit-jupiter\5.14.2\mockito-junit-jupiter-5.14.2.jar;C:\Users\jakub\.m2\repository\org\junit\jupiter\junit-jupiter-api\5.11.4\junit-jupiter-api-5.11.4.jar;C:\Users\jakub\.m2\repository\org\opentest4j\opentest4j\1.3.0\opentest4j-1.3.0.jar;C:\Users\jakub\.m2\repository\org\junit\platform\junit-platform-commons\1.11.4\junit-platform-commons-1.11.4.jar;C:\Users\jakub\.m2\repository\org\apiguardian\apiguardian-api\1.1.2\apiguardian-api-1.1.2.jar;C:\Users\jakub\.m2\repository\org\skyscreamer\jsonassert\1.5.3\jsonassert-1.5.3.jar;C:\Users\jakub\.m2\repository\com\vaadin\external\google\android-json\0.0.20131108.vaadin1\android-json-0.0.20131108.vaadin1.jar;C:\Users\jakub\.m2\repository\org\springframework\spring-test\6.2.1\spring-test-6.2.1.jar;C:\Users\jakub\.m2\repository\org\xmlunit\xmlunit-core\2.10.0\xmlunit-core-2.10.0.jar;C:\Users\jakub\.m2\repository\org\thymeleaf\extras\thymeleaf-extras-springsecurity5\3.1.3.RELEASE\thymeleaf-extras-springsecurity5-3.1.3.RELEASE.jar;C:\Users\jakub\.m2\repository\org\thymeleaf\thymeleaf-spring5\3.1.3.RELEASE\thymeleaf-spring5-3.1.3.RELEASE.jar;C:\Users\jakub\.m2\repository\junit\junit\4.13.2\junit-4.13.2.jar;C:\Users\jakub\.m2\repository\org\hamcrest\hamcrest-core\2.2\hamcrest-core-2.2.jar;C:\Users\jakub\.m2\repository\org\apache\maven\plugins\maven-surefire-plugin\3.5.2\maven-surefire-plugin-3.5.2.jar;C:\Users\jakub\.m2\repository\org\apache\maven\surefire\surefire-api\3.5.2\surefire-api-3.5.2.jar;C:\Users\jakub\.m2\repository\org\apache\maven\surefire\surefire-logger-api\3.5.2\surefire-logger-api-3.5.2.jar;C:\Users\jakub\.m2\repository\org\apache\maven\surefire\surefire-shared-utils\3.5.2\surefire-shared-utils-3.5.2.jar;C:\Users\jakub\.m2\repository\org\apache\maven\surefire\surefire-extensions-api\3.5.2\surefire-extensions-api-3.5.2.jar;C:\Users\jakub\.m2\repository\org\apache\maven\surefire\maven-surefire-common\3.5.2\maven-surefire-common-3.5.2.jar;C:\Users\jakub\.m2\repository\org\apache\maven\surefire\surefire-booter\3.5.2\surefire-booter-3.5.2.jar;C:\Users\jakub\.m2\repository\org\apache\maven\surefire\surefire-extensions-spi\3.5.2\surefire-extensions-spi-3.5.2.jar;C:\Users\jakub\.m2\repository\org\apache\maven\resolver\maven-resolver-util\1.4.1\maven-resolver-util-1.4.1.jar;C:\Users\jakub\.m2\repository\org\apache\maven\resolver\maven-resolver-api\1.4.1\maven-resolver-api-1.4.1.jar;C:\Users\jakub\.m2\repository\org\apache\maven\shared\maven-common-artifact-filters\3.4.0\maven-common-artifact-filters-3.4.0.jar;C:\Users\jakub\.m2\repository\org\codehaus\plexus\plexus-java\1.3.0\plexus-java-1.3.0.jar;C:\Users\jakub\.m2\repository\com\thoughtworks\qdox\qdox\2.1.0\qdox-2.1.0.jar;C:\Users\jakub\.m2\repository\org\springframework\security\spring-security-test\6.4.2\spring-security-test-6.4.2.jar;C:\Users\jakub\.m2\repository\org\springframework\security\spring-security-core\6.4.2\spring-security-core-6.4.2.jar;C:\Users\jakub\.m2\repository\org\springframework\security\spring-security-crypto\6.4.2\spring-security-crypto-6.4.2.jar;"/>
    <property name="java.vm.vendor" value="Oracle Corporation"/>
    <property name="sun.arch.data.model" value="64"/>
    <property name="user.variant" value=""/>
    <property name="catalina.useNaming" value="false"/>
    <property name="java.vendor.url" value="https://java.oracle.com/"/>
    <property name="user.timezone" value="Europe/Warsaw"/>
    <property name="org.jboss.logging.provider" value="slf4j"/>
    <property name="user.country.format" value="US"/>
    <property name="os.name" value="Windows 11"/>
    <property name="java.vm.specification.version" value="23"/>
    <property name="sun.java.launcher" value="SUN_STANDARD"/>
    <property name="user.country" value="PL"/>
    <property name="sun.boot.library.path" value="C:\Program Files\Java\jdk-23\bin"/>
    <property name="sun.java.command" value="C:\Users\jakub\AppData\Local\Temp\surefire5131119952607637419\surefirebooter-20250423174738957_3.jar C:\Users\jakub\AppData\Local\Temp\surefire5131119952607637419 2025-04-23T17-47-38_851-jvmRun1 surefire-20250423174738957_1tmp surefire_0-20250423174738957_2tmp"/>
    <property name="jdk.debug" value="release"/>
    <property name="surefire.test.class.path" value="C:\Users\jakub\OneDrive\Pulpit\bachleor\Bachleor\demo\target\test-classes;C:\Users\jakub\OneDrive\Pulpit\bachleor\Bachleor\demo\target\classes;C:\Users\jakub\.m2\repository\org\springframework\boot\spring-boot-starter-web\3.4.1\spring-boot-starter-web-3.4.1.jar;C:\Users\jakub\.m2\repository\org\springframework\boot\spring-boot-starter\3.4.1\spring-boot-starter-3.4.1.jar;C:\Users\jakub\.m2\repository\org\springframework\boot\spring-boot\3.4.1\spring-boot-3.4.1.jar;C:\Users\jakub\.m2\repository\org\springframework\boot\spring-boot-autoconfigure\3.4.1\spring-boot-autoconfigure-3.4.1.jar;C:\Users\jakub\.m2\repository\org\springframework\boot\spring-boot-starter-logging\3.4.1\spring-boot-starter-logging-3.4.1.jar;C:\Users\jakub\.m2\repository\ch\qos\logback\logback-classic\1.5.12\logback-classic-1.5.12.jar;C:\Users\jakub\.m2\repository\ch\qos\logback\logback-core\1.5.12\logback-core-1.5.12.jar;C:\Users\jakub\.m2\repository\org\apache\logging\log4j\log4j-to-slf4j\2.24.3\log4j-to-slf4j-2.24.3.jar;C:\Users\jakub\.m2\repository\org\apache\logging\log4j\log4j-api\2.24.3\log4j-api-2.24.3.jar;C:\Users\jakub\.m2\repository\org\slf4j\jul-to-slf4j\2.0.16\jul-to-slf4j-2.0.16.jar;C:\Users\jakub\.m2\repository\jakarta\annotation\jakarta.annotation-api\2.1.1\jakarta.annotation-api-2.1.1.jar;C:\Users\jakub\.m2\repository\org\yaml\snakeyaml\2.3\snakeyaml-2.3.jar;C:\Users\jakub\.m2\repository\org\springframework\boot\spring-boot-starter-json\3.4.1\spring-boot-starter-json-3.4.1.jar;C:\Users\jakub\.m2\repository\com\fasterxml\jackson\core\jackson-databind\2.18.2\jackson-databind-2.18.2.jar;C:\Users\jakub\.m2\repository\com\fasterxml\jackson\core\jackson-annotations\2.18.2\jackson-annotations-2.18.2.jar;C:\Users\jakub\.m2\repository\com\fasterxml\jackson\core\jackson-core\2.18.2\jackson-core-2.18.2.jar;C:\Users\jakub\.m2\repository\com\fasterxml\jackson\datatype\jackson-datatype-jdk8\2.18.2\jackson-datatype-jdk8-2.18.2.jar;C:\Users\jakub\.m2\repository\com\fasterxml\jackson\datatype\jackson-datatype-jsr310\2.18.2\jackson-datatype-jsr310-2.18.2.jar;C:\Users\jakub\.m2\repository\com\fasterxml\jackson\module\jackson-module-parameter-names\2.18.2\jackson-module-parameter-names-2.18.2.jar;C:\Users\jakub\.m2\repository\org\springframework\boot\spring-boot-starter-tomcat\3.4.1\spring-boot-starter-tomcat-3.4.1.jar;C:\Users\jakub\.m2\repository\org\apache\tomcat\embed\tomcat-embed-core\10.1.34\tomcat-embed-core-10.1.34.jar;C:\Users\jakub\.m2\repository\org\apache\tomcat\embed\tomcat-embed-websocket\10.1.34\tomcat-embed-websocket-10.1.34.jar;C:\Users\jakub\.m2\repository\org\springframework\spring-web\6.2.1\spring-web-6.2.1.jar;C:\Users\jakub\.m2\repository\io\micrometer\micrometer-observation\1.14.2\micrometer-observation-1.14.2.jar;C:\Users\jakub\.m2\repository\io\micrometer\micrometer-commons\1.14.2\micrometer-commons-1.14.2.jar;C:\Users\jakub\.m2\repository\org\springframework\spring-webmvc\6.2.1\spring-webmvc-6.2.1.jar;C:\Users\jakub\.m2\repository\org\springframework\spring-expression\6.2.1\spring-expression-6.2.1.jar;C:\Users\jakub\.m2\repository\org\springframework\boot\spring-boot-starter-thymeleaf\3.4.1\spring-boot-starter-thymeleaf-3.4.1.jar;C:\Users\jakub\.m2\repository\org\thymeleaf\thymeleaf-spring6\3.1.3.RELEASE\thymeleaf-spring6-3.1.3.RELEASE.jar;C:\Users\jakub\.m2\repository\org\springframework\boot\spring-boot-starter-data-jdbc\3.4.1\spring-boot-starter-data-jdbc-3.4.1.jar;C:\Users\jakub\.m2\repository\org\springframework\boot\spring-boot-starter-jdbc\3.4.1\spring-boot-starter-jdbc-3.4.1.jar;C:\Users\jakub\.m2\repository\com\zaxxer\HikariCP\5.1.0\HikariCP-5.1.0.jar;C:\Users\jakub\.m2\repository\org\springframework\data\spring-data-jdbc\3.4.1\spring-data-jdbc-3.4.1.jar;C:\Users\jakub\.m2\repository\org\springframework\data\spring-data-relational\3.4.1\spring-data-relational-3.4.1.jar;C:\Users\jakub\.m2\repository\org\springframework\data\spring-data-commons\3.4.1\spring-data-commons-3.4.1.jar;C:\Users\jakub\.m2\repository\org\springframework\spring-tx\6.2.1\spring-tx-6.2.1.jar;C:\Users\jakub\.m2\repository\org\springframework\spring-beans\6.2.1\spring-beans-6.2.1.jar;C:\Users\jakub\.m2\repository\org\springframework\spring-core\6.2.1\spring-core-6.2.1.jar;C:\Users\jakub\.m2\repository\org\springframework\spring-jcl\6.2.1\spring-jcl-6.2.1.jar;C:\Users\jakub\.m2\repository\org\springframework\boot\spring-boot-starter-security\3.4.1\spring-boot-starter-security-3.4.1.jar;C:\Users\jakub\.m2\repository\org\springframework\spring-aop\6.2.1\spring-aop-6.2.1.jar;C:\Users\jakub\.m2\repository\org\springframework\security\spring-security-config\6.4.2\spring-security-config-6.4.2.jar;C:\Users\jakub\.m2\repository\org\springframework\security\spring-security-web\6.4.2\spring-security-web-6.4.2.jar;C:\Users\jakub\.m2\repository\org\thymeleaf\extras\thymeleaf-extras-java8time\3.0.4.RELEASE\thymeleaf-extras-java8time-3.0.4.RELEASE.jar;C:\Users\jakub\.m2\repository\org\thymeleaf\thymeleaf\3.1.3.RELEASE\thymeleaf-3.1.3.RELEASE.jar;C:\Users\jakub\.m2\repository\ognl\ognl\3.3.4\ognl-3.3.4.jar;C:\Users\jakub\.m2\repository\org\javassist\javassist\3.29.0-GA\javassist-3.29.0-GA.jar;C:\Users\jakub\.m2\repository\org\attoparser\attoparser\2.0.7.RELEASE\attoparser-2.0.7.RELEASE.jar;C:\Users\jakub\.m2\repository\org\unbescape\unbescape\1.1.6.RELEASE\unbescape-1.1.6.RELEASE.jar;C:\Users\jakub\.m2\repository\org\slf4j\slf4j-api\2.0.16\slf4j-api-2.0.16.jar;C:\Users\jakub\.m2\repository\org\postgresql\postgresql\42.7.4\postgresql-42.7.4.jar;C:\Users\jakub\.m2\repository\org\checkerframework\checker-qual\3.42.0\checker-qual-3.42.0.jar;C:\Users\jakub\.m2\repository\org\springframework\boot\spring-boot-starter-validation\3.4.1\spring-boot-starter-validation-3.4.1.jar;C:\Users\jakub\.m2\repository\org\apache\tomcat\embed\tomcat-embed-el\10.1.34\tomcat-embed-el-10.1.34.jar;C:\Users\jakub\.m2\repository\org\hibernate\validator\hibernate-validator\8.0.2.Final\hibernate-validator-8.0.2.Final.jar;C:\Users\jakub\.m2\repository\jakarta\validation\jakarta.validation-api\3.0.2\jakarta.validation-api-3.0.2.jar;C:\Users\jakub\.m2\repository\org\jboss\logging\jboss-logging\3.6.1.Final\jboss-logging-3.6.1.Final.jar;C:\Users\jakub\.m2\repository\com\fasterxml\classmate\1.7.0\classmate-1.7.0.jar;C:\Users\jakub\.m2\repository\com\h2database\h2\2.3.232\h2-2.3.232.jar;C:\Users\jakub\.m2\repository\org\springframework\session\spring-session-jdbc\3.4.1\spring-session-jdbc-3.4.1.jar;C:\Users\jakub\.m2\repository\org\springframework\session\spring-session-core\3.4.1\spring-session-core-3.4.1.jar;C:\Users\jakub\.m2\repository\org\springframework\spring-context\6.2.1\spring-context-6.2.1.jar;C:\Users\jakub\.m2\repository\org\springframework\spring-jdbc\6.2.1\spring-jdbc-6.2.1.jar;C:\Users\jakub\.m2\repository\org\springframework\boot\spring-boot-starter-test\3.4.1\spring-boot-starter-test-3.4.1.jar;C:\Users\jakub\.m2\repository\org\springframework\boot\spring-boot-test\3.4.1\spring-boot-test-3.4.1.jar;C:\Users\jakub\.m2\repository\org\springframework\boot\spring-boot-test-autoconfigure\3.4.1\spring-boot-test-autoconfigure-3.4.1.jar;C:\Users\jakub\.m2\repository\com\jayway\jsonpath\json-path\2.9.0\json-path-2.9.0.jar;C:\Users\jakub\.m2\repository\jakarta\xml\bind\jakarta.xml.bind-api\4.0.2\jakarta.xml.bind-api-4.0.2.jar;C:\Users\jakub\.m2\repository\jakarta\activation\jakarta.activation-api\2.1.3\jakarta.activation-api-2.1.3.jar;C:\Users\jakub\.m2\repository\net\minidev\json-smart\2.5.1\json-smart-2.5.1.jar;C:\Users\jakub\.m2\repository\net\minidev\accessors-smart\2.5.1\accessors-smart-2.5.1.jar;C:\Users\jakub\.m2\repository\org\ow2\asm\asm\9.6\asm-9.6.jar;C:\Users\jakub\.m2\repository\org\assertj\assertj-core\3.26.3\assertj-core-3.26.3.jar;C:\Users\jakub\.m2\repository\net\bytebuddy\byte-buddy\1.15.11\byte-buddy-1.15.11.jar;C:\Users\jakub\.m2\repository\org\awaitility\awaitility\4.2.2\awaitility-4.2.2.jar;C:\Users\jakub\.m2\repository\org\hamcrest\hamcrest\2.2\hamcrest-2.2.jar;C:\Users\jakub\.m2\repository\org\mockito\mockito-core\5.14.2\mockito-core-5.14.2.jar;C:\Users\jakub\.m2\repository\net\bytebuddy\byte-buddy-agent\1.15.11\byte-buddy-agent-1.15.11.jar;C:\Users\jakub\.m2\repository\org\objenesis\objenesis\3.3\objenesis-3.3.jar;C:\Users\jakub\.m2\repository\org\mockito\mockito-junit-jupiter\5.14.2\mockito-junit-jupiter-5.14.2.jar;C:\Users\jakub\.m2\repository\org\junit\jupiter\junit-jupiter-api\5.11.4\junit-jupiter-api-5.11.4.jar;C:\Users\jakub\.m2\repository\org\opentest4j\opentest4j\1.3.0\opentest4j-1.3.0.jar;C:\Users\jakub\.m2\repository\org\junit\platform\junit-platform-commons\1.11.4\junit-platform-commons-1.11.4.jar;C:\Users\jakub\.m2\repository\org\apiguardian\apiguardian-api\1.1.2\apiguardian-api-1.1.2.jar;C:\Users\jakub\.m2\repository\org\skyscreamer\jsonassert\1.5.3\jsonassert-1.5.3.jar;C:\Users\jakub\.m2\repository\com\vaadin\external\google\android-json\0.0.20131108.vaadin1\android-json-0.0.20131108.vaadin1.jar;C:\Users\jakub\.m2\repository\org\springframework\spring-test\6.2.1\spring-test-6.2.1.jar;C:\Users\jakub\.m2\repository\org\xmlunit\xmlunit-core\2.10.0\xmlunit-core-2.10.0.jar;C:\Users\jakub\.m2\repository\org\thymeleaf\extras\thymeleaf-extras-springsecurity5\3.1.3.RELEASE\thymeleaf-extras-springsecurity5-3.1.3.RELEASE.jar;C:\Users\jakub\.m2\repository\org\thymeleaf\thymeleaf-spring5\3.1.3.RELEASE\thymeleaf-spring5-3.1.3.RELEASE.jar;C:\Users\jakub\.m2\repository\junit\junit\4.13.2\junit-4.13.2.jar;C:\Users\jakub\.m2\repository\org\hamcrest\hamcrest-core\2.2\hamcrest-core-2.2.jar;C:\Users\jakub\.m2\repository\org\apache\maven\plugins\maven-surefire-plugin\3.5.2\maven-surefire-plugin-3.5.2.jar;C:\Users\jakub\.m2\repository\org\apache\maven\surefire\surefire-api\3.5.2\surefire-api-3.5.2.jar;C:\Users\jakub\.m2\repository\org\apache\maven\surefire\surefire-logger-api\3.5.2\surefire-logger-api-3.5.2.jar;C:\Users\jakub\.m2\repository\org\apache\maven\surefire\surefire-shared-utils\3.5.2\surefire-shared-utils-3.5.2.jar;C:\Users\jakub\.m2\repository\org\apache\maven\surefire\surefire-extensions-api\3.5.2\surefire-extensions-api-3.5.2.jar;C:\Users\jakub\.m2\repository\org\apache\maven\surefire\maven-surefire-common\3.5.2\maven-surefire-common-3.5.2.jar;C:\Users\jakub\.m2\repository\org\apache\maven\surefire\surefire-booter\3.5.2\surefire-booter-3.5.2.jar;C:\Users\jakub\.m2\repository\org\apache\maven\surefire\surefire-extensions-spi\3.5.2\surefire-extensions-spi-3.5.2.jar;C:\Users\jakub\.m2\repository\org\apache\maven\resolver\maven-resolver-util\1.4.1\maven-resolver-util-1.4.1.jar;C:\Users\jakub\.m2\repository\org\apache\maven\resolver\maven-resolver-api\1.4.1\maven-resolver-api-1.4.1.jar;C:\Users\jakub\.m2\repository\org\apache\maven\shared\maven-common-artifact-filters\3.4.0\maven-common-artifact-filters-3.4.0.jar;C:\Users\jakub\.m2\repository\org\codehaus\plexus\plexus-java\1.3.0\plexus-java-1.3.0.jar;C:\Users\jakub\.m2\repository\com\thoughtworks\qdox\qdox\2.1.0\qdox-2.1.0.jar;C:\Users\jakub\.m2\repository\org\springframework\security\spring-security-test\6.4.2\spring-security-test-6.4.2.jar;C:\Users\jakub\.m2\repository\org\springframework\security\spring-security-core\6.4.2\spring-security-core-6.4.2.jar;C:\Users\jakub\.m2\repository\org\springframework\security\spring-security-crypto\6.4.2\spring-security-crypto-6.4.2.jar;"/>
    <property name="sun.cpu.endian" value="little"/>
    <property name="user.home" value="C:\Users\jakub"/>
    <property name="user.language" value="pl"/>
    <property name="java.specification.vendor" value="Oracle Corporation"/>
    <property name="java.version.date" value="2024-10-15"/>
    <property name="java.home" value="C:\Program Files\Java\jdk-23"/>
    <property name="file.separator" value="\"/>
    <property name="basedir" value="C:\Users\jakub\OneDrive\Pulpit\bachleor\Bachleor\demo"/>
    <property name="java.vm.compressedOopsMode" value="Zero based"/>
    <property name="line.separator" value="&#10;"/>
    <property name="java.vm.specification.vendor" value="Oracle Corporation"/>
    <property name="java.specification.name" value="Java Platform API Specification"/>
    <property name="FILE_LOG_CHARSET" value="UTF-8"/>
    <property name="java.awt.headless" value="true"/>
    <property name="surefire.real.class.path" value="C:\Users\jakub\AppData\Local\Temp\surefire5131119952607637419\surefirebooter-20250423174738957_3.jar"/>
    <property name="user.script" value=""/>
    <property name="sun.management.compiler" value="HotSpot 64-Bit Tiered Compilers"/>
    <property name="java.runtime.version" value="23.0.1+11-39"/>
    <property name="user.name" value="jakub"/>
    <property name="stdout.encoding" value="Cp1250"/>
    <property name="path.separator" value=";"/>
    <property name="os.version" value="10.0"/>
    <property name="java.runtime.name" value="Java(TM) SE Runtime Environment"/>
    <property name="file.encoding" value="UTF-8"/>
    <property name="java.vm.name" value="Java HotSpot(TM) 64-Bit Server VM"/>
    <property name="localRepository" value="C:\Users\jakub\.m2\repository"/>
    <property name="java.vendor.url.bug" value="https://bugreport.java.com/bugreport/"/>
    <property name="java.io.tmpdir" value="C:\Users\jakub\AppData\Local\Temp\"/>
    <property name="catalina.home" value="C:\Users\jakub\AppData\Local\Temp\tomcat.0.11149483153110566461"/>
    <property name="com.zaxxer.hikari.pool_number" value="6"/>
    <property name="java.version" value="23.0.1"/>
    <property name="user.dir" value="C:\Users\jakub\OneDrive\Pulpit\bachleor\Bachleor\demo"/>
    <property name="os.arch" value="amd64"/>
    <property name="java.vm.specification.name" value="Java Virtual Machine Specification"/>
    <property name="PID" value="7688"/>
    <property name="user.language.format" value="en"/>
    <property name="sun.os.patch.level" value=""/>
    <property name="CONSOLE_LOG_CHARSET" value="UTF-8"/>
    <property name="catalina.base" value="C:\Users\jakub\AppData\Local\Temp\tomcat.0.7913544230840003138"/>
    <property name="native.encoding" value="Cp1250"/>
    <property name="java.library.path" value="C:\Program Files\Java\jdk-23\bin;C:\WINDOWS\Sun\Java\bin;C:\WINDOWS\system32;C:\WINDOWS;C:\app\jakub\product\23ai\dbhomeFree\bin;C:\Program Files (x86)\Razer\ChromaBroadcast\bin;C:\Program Files\Razer\ChromaBroadcast\bin;C:\Program Files\Common Files\Oracle\Java\javapath;C:\Windows\system32;C:\Windows;C:\Windows\System32\Wbem;C:\Windows\System32\WindowsPowerShell\v1.0\;C:\Windows\System32\OpenSSH\;C:\Program Files (x86)\NVIDIA Corporation\PhysX\Common;C:\Program Files\NVIDIA Corporation\NVIDIA NvDLISR;C:\Program Files\Git\cmd;C:\Windows\system32\config\systemprofile\AppData\Local\Microsoft\WindowsApps;;C:\WINDOWS\system32;C:\WINDOWS;C:\WINDOWS\System32\Wbem;C:\WINDOWS\System32\WindowsPowerShell\v1.0\;C:\WINDOWS\System32\OpenSSH\;C:\Program Files\dotnet\;C:\Program Files (x86)\Windows Kits\10\Windows Performance Toolkit\;C:\Program Files\CMake\bin;C:\Program Files\nodejs\;C:\Users\jakub\AppData\Local\pnpm;C:\Users\jakub\AppData\Local\Microsoft\WindowsApps;C:\Users\jakub\AppData\Local\Programs\Microsoft VS Code\bin;C:\Users\jakub\apache-maven-3.9.9\bin;C:\Users\jakub\AppData\Roaming\npm;C:\Users\jakub\OneDrive\Pulpit\opencv\build\x64\vc15\bin;C:\Users\jakub\OneDrive\Pulpit\opencv\build\x64\vc15\lib;;."/>
    <property name="java.vm.info" value="mixed mode, sharing"/>
    <property name="stderr.encoding" value="Cp1250"/>
    <property name="java.vendor" value="Oracle Corporation"/>
    <property name="java.vm.version" value="23.0.1+11-39"/>
    <property name="sun.io.unicode.encoding" value="UnicodeLittle"/>
    <property name="java.class.version" value="67.0"/>
  </properties>
  <testcase name="lessonManagement" classname="com.example.demo.integration.TeacherIntegrationTests" time="0.056">
    <system-out><![CDATA[2025-04-23T17:47:46.347+02:00  INFO 7688 --- [           main] t.c.s.AnnotationConfigContextLoaderUtils : Could not detect default configuration classes for test class [com.example.demo.integration.TeacherIntegrationTests]: TeacherIntegrationTests does not declare any static, non-private, non-final, nested classes annotated with @Configuration.
2025-04-23T17:47:46.349+02:00  INFO 7688 --- [           main] .b.t.c.SpringBootTestContextBootstrapper : Found @SpringBootConfiguration com.example.demo.ApplicationToPublishScientificDataApplication for test class com.example.demo.integration.TeacherIntegrationTests
2025-04-23T17:47:46.353+02:00 DEBUG 7688 --- [           main] o.s.jdbc.datasource.init.ScriptUtils     : Executing SQL script from class path resource [test-schema.sql]
2025-04-23T17:47:46.354+02:00 DEBUG 7688 --- [           main] o.s.jdbc.datasource.init.ScriptUtils     : 0 returned as update count for SQL: DROP TABLE IF EXISTS "comment_likes"
2025-04-23T17:47:46.354+02:00 DEBUG 7688 --- [           main] o.s.jdbc.datasource.init.ScriptUtils     : 0 returned as update count for SQL: DROP TABLE IF EXISTS "comments"
2025-04-23T17:47:46.354+02:00 DEBUG 7688 --- [           main] o.s.jdbc.datasource.init.ScriptUtils     : 0 returned as update count for SQL: DROP TABLE IF EXISTS "posts"
2025-04-23T17:47:46.354+02:00 DEBUG 7688 --- [           main] o.s.jdbc.datasource.init.ScriptUtils     : 0 returned as update count for SQL: DROP TABLE IF EXISTS "app_statistics"
2025-04-23T17:47:46.354+02:00 DEBUG 7688 --- [           main] o.s.jdbc.datasource.init.ScriptUtils     : 0 returned as update count for SQL: DROP TABLE IF EXISTS "task_submissions"
2025-04-23T17:47:46.354+02:00 DEBUG 7688 --- [           main] o.s.jdbc.datasource.init.ScriptUtils     : 0 returned as update count for SQL: DROP TABLE IF EXISTS "lesson_ratings"
2025-04-23T17:47:46.354+02:00 DEBUG 7688 --- [           main] o.s.jdbc.datasource.init.ScriptUtils     : 0 returned as update count for SQL: DROP TABLE IF EXISTS "lesson_tasks"
2025-04-23T17:47:46.355+02:00 DEBUG 7688 --- [           main] o.s.jdbc.datasource.init.ScriptUtils     : 0 returned as update count for SQL: DROP TABLE IF EXISTS "lessons"
2025-04-23T17:47:46.355+02:00 DEBUG 7688 --- [           main] o.s.jdbc.datasource.init.ScriptUtils     : 0 returned as update count for SQL: DROP TABLE IF EXISTS "class_signups"
2025-04-23T17:47:46.355+02:00 DEBUG 7688 --- [           main] o.s.jdbc.datasource.init.ScriptUtils     : 0 returned as update count for SQL: DROP TABLE IF EXISTS "school_classes"
2025-04-23T17:47:46.355+02:00 DEBUG 7688 --- [           main] o.s.jdbc.datasource.init.ScriptUtils     : 0 returned as update count for SQL: DROP TABLE IF EXISTS "users"
2025-04-23T17:47:46.355+02:00 DEBUG 7688 --- [           main] o.s.jdbc.datasource.init.ScriptUtils     : 0 returned as update count for SQL: CREATE TABLE "users" ( id BIGINT PRIMARY KEY AUTO_INCREMENT, username VARCHAR(100) UNIQUE NOT NULL, password VARCHAR(255) NOT NULL, role VARCHAR(20), first_name VARCHAR(100), last_name VARCHAR(100), email VARCHAR(200), student_class BIGINT )
2025-04-23T17:47:46.355+02:00 DEBUG 7688 --- [           main] o.s.jdbc.datasource.init.ScriptUtils     : 0 returned as update count for SQL: CREATE TABLE "class_signups" ( id BIGINT PRIMARY KEY AUTO_INCREMENT, user_id BIGINT NOT NULL, status VARCHAR(50), created_date TIMESTAMP, school_class_id BIGINT )
2025-04-23T17:47:46.356+02:00 DEBUG 7688 --- [           main] o.s.jdbc.datasource.init.ScriptUtils     : 0 returned as update count for SQL: CREATE TABLE "school_classes" ( id BIGSERIAL PRIMARY KEY, name VARCHAR(255) NOT NULL, description TEXT, content TEXT, auto_approve BOOLEAN DEFAULT FALSE, teacher_id BIGINT NOT NULL, signup_deadline TIMESTAMP, CONSTRAINT fk_school_classes_teacher FOREIGN KEY (teacher_id) REFERENCES "users"(id) )
2025-04-23T17:47:46.356+02:00 DEBUG 7688 --- [           main] o.s.jdbc.datasource.init.ScriptUtils     : 0 returned as update count for SQL: CREATE TABLE "lessons" ( id BIGSERIAL PRIMARY KEY, school_class_id BIGINT NOT NULL, title VARCHAR(255) NOT NULL, description TEXT, content TEXT NOT NULL, attachment BYTEA, attachment_filename VARCHAR(255), attachment_content_type VARCHAR(100), solution_required BOOLEAN, solution_due_date TIMESTAMP, CONSTRAINT fk_lessons_school_class FOREIGN KEY (school_class_id) REFERENCES "school_classes"(id) )
2025-04-23T17:47:46.356+02:00 DEBUG 7688 --- [           main] o.s.jdbc.datasource.init.ScriptUtils     : 0 returned as update count for SQL: CREATE TABLE "lesson_tasks" ( id BIGSERIAL PRIMARY KEY, lesson_id BIGINT NOT NULL CONSTRAINT fk_lesson_tasks_lesson REFERENCES "lessons"(id) ON DELETE CASCADE, title VARCHAR(255) NOT NULL, description TEXT, due_date TIMESTAMP, solution_required BOOLEAN NOT NULL DEFAULT FALSE )
2025-04-23T17:47:46.356+02:00 DEBUG 7688 --- [           main] o.s.jdbc.datasource.init.ScriptUtils     : 0 returned as update count for SQL: CREATE TABLE "task_submissions" ( id SERIAL PRIMARY KEY, lesson_task_id BIGINT NOT NULL, user_id BIGINT NOT NULL, solution_text TEXT, solution_file BYTEA, solution_filename VARCHAR(255), solution_content_type VARCHAR(255), submitted_date TIMESTAMP WITHOUT TIME ZONE, grade NUMERIC, teacher_comments TEXT )
2025-04-23T17:47:46.357+02:00 DEBUG 7688 --- [           main] o.s.jdbc.datasource.init.ScriptUtils     : 0 returned as update count for SQL: CREATE TABLE "app_statistics" ( id BIGINT PRIMARY KEY AUTO_INCREMENT, stat_name VARCHAR(100), stat_value BIGINT, timestamp TIMESTAMP )
2025-04-23T17:47:46.357+02:00 DEBUG 7688 --- [           main] o.s.jdbc.datasource.init.ScriptUtils     : 0 returned as update count for SQL: CREATE TABLE "posts" ( id BIGINT PRIMARY KEY AUTO_INCREMENT, title VARCHAR(255), author VARCHAR(255), content TEXT, view_count INT DEFAULT 0, thumbnail BLOB, avg_rating FLOAT, attachment BLOB, thumbnail_filename VARCHAR(255), attachment_filename VARCHAR(255), thumbnail_content_type VARCHAR(255), attachment_content_type VARCHAR(255) )
2025-04-23T17:47:46.357+02:00 DEBUG 7688 --- [           main] o.s.jdbc.datasource.init.ScriptUtils     : 0 returned as update count for SQL: CREATE TABLE IF NOT EXISTS "school_classes" ( id BIGINT PRIMARY KEY AUTO_INCREMENT, name VARCHAR(100), description VARCHAR(500), content TEXT, auto_approve BOOLEAN, teacher_id BIGINT, signup_deadline TIMESTAMP )
2025-04-23T17:47:46.357+02:00 DEBUG 7688 --- [           main] o.s.jdbc.datasource.init.ScriptUtils     : 0 returned as update count for SQL: CREATE TABLE IF NOT EXISTS "comments" ( id BIGINT PRIMARY KEY AUTO_INCREMENT, post_id BIGINT NOT NULL, username VARCHAR(100) NOT NULL, text TEXT NOT NULL, likes INT DEFAULT 0, created_date TIMESTAMP )
2025-04-23T17:47:46.357+02:00 DEBUG 7688 --- [           main] o.s.jdbc.datasource.init.ScriptUtils     : 0 returned as update count for SQL: CREATE TABLE IF NOT EXISTS "comment_likes" ( id BIGINT PRIMARY KEY AUTO_INCREMENT, comment_id BIGINT NOT NULL, username VARCHAR(100) NOT NULL )
2025-04-23T17:47:46.357+02:00 DEBUG 7688 --- [           main] o.s.jdbc.datasource.init.ScriptUtils     : 0 returned as update count for SQL: CREATE TABLE "lesson_ratings" ( id SERIAL PRIMARY KEY, lesson_id BIGINT NOT NULL, user_id BIGINT NOT NULL, rating INTEGER NOT NULL CHECK (rating BETWEEN 1 AND 5), created_date TIMESTAMP NOT NULL, CONSTRAINT fk_lesson FOREIGN KEY (lesson_id) REFERENCES "lessons"(id) )
2025-04-23T17:47:46.357+02:00 DEBUG 7688 --- [           main] o.s.jdbc.datasource.init.ScriptUtils     : Executed SQL script from class path resource [test-schema.sql] in 4 ms.
2025-04-23T17:47:46.360+02:00 DEBUG 7688 --- [           main] o.s.jdbc.core.JdbcTemplate               : Executing SQL update [DELETE FROM "task_submissions"]
2025-04-23T17:47:46.361+02:00 DEBUG 7688 --- [           main] o.s.jdbc.core.JdbcTemplate               : Executing SQL update [DELETE FROM "lesson_tasks"]
2025-04-23T17:47:46.361+02:00 DEBUG 7688 --- [           main] o.s.jdbc.core.JdbcTemplate               : Executing SQL update [DELETE FROM "lessons"]
2025-04-23T17:47:46.361+02:00 DEBUG 7688 --- [           main] o.s.jdbc.core.JdbcTemplate               : Executing SQL update [DELETE FROM "class_signups"]
2025-04-23T17:47:46.361+02:00 DEBUG 7688 --- [           main] o.s.jdbc.core.JdbcTemplate               : Executing SQL update [DELETE FROM "posts"]
2025-04-23T17:47:46.362+02:00 DEBUG 7688 --- [           main] o.s.jdbc.core.JdbcTemplate               : Executing SQL update [DELETE FROM "users"]
2025-04-23T17:47:46.362+02:00 DEBUG 7688 --- [           main] o.s.jdbc.core.JdbcTemplate               : Executing SQL update [DELETE FROM "school_classes"]
2025-04-23T17:47:46.362+02:00 DEBUG 7688 --- [           main] o.s.jdbc.core.JdbcTemplate               : Executing SQL update and returning generated keys
2025-04-23T17:47:46.362+02:00 DEBUG 7688 --- [           main] o.s.jdbc.core.JdbcTemplate               : Executing prepared SQL statement [INSERT INTO "users" ("EMAIL", "FIRST_NAME", "LAST_NAME", "PASSWORD", "ROLE", "STUDENT_CLASS", "USERNAME") VALUES (?, ?, ?, ?, ?, ?, ?)]
2025-04-23T17:47:46.363+02:00 DEBUG 7688 --- [           main] o.s.jdbc.core.JdbcTemplate               : Executing SQL update and returning generated keys
2025-04-23T17:47:46.363+02:00 DEBUG 7688 --- [           main] o.s.jdbc.core.JdbcTemplate               : Executing prepared SQL statement [INSERT INTO "users" ("EMAIL", "FIRST_NAME", "LAST_NAME", "PASSWORD", "ROLE", "STUDENT_CLASS", "USERNAME") VALUES (?, ?, ?, ?, ?, ?, ?)]
2025-04-23T17:47:46.363+02:00 DEBUG 7688 --- [           main] o.s.jdbc.core.JdbcTemplate               : Executing SQL update and returning generated keys
2025-04-23T17:47:46.363+02:00 DEBUG 7688 --- [           main] o.s.jdbc.core.JdbcTemplate               : Executing prepared SQL statement [INSERT INTO "school_classes" ("AUTO_APPROVE", "CONTENT", "DESCRIPTION", "NAME", "SIGNUP_DEADLINE", "TEACHER_ID") VALUES (?, ?, ?, ?, ?, ?)]
2025-04-23T17:47:46.365+02:00 DEBUG 7688 --- [           main] o.s.jdbc.core.JdbcTemplate               : Executing SQL update and returning generated keys
2025-04-23T17:47:46.365+02:00 DEBUG 7688 --- [           main] o.s.jdbc.core.JdbcTemplate               : Executing prepared SQL statement [INSERT INTO "school_classes" ("AUTO_APPROVE", "CONTENT", "DESCRIPTION", "NAME", "SIGNUP_DEADLINE", "TEACHER_ID") VALUES (?, ?, ?, ?, ?, ?)]
2025-04-23T17:47:46.365+02:00 DEBUG 7688 --- [           main] o.s.jdbc.core.JdbcTemplate               : Executing SQL update and returning generated keys
2025-04-23T17:47:46.365+02:00 DEBUG 7688 --- [           main] o.s.jdbc.core.JdbcTemplate               : Executing prepared SQL statement [INSERT INTO "lessons" ("ATTACHMENT", "ATTACHMENT_CONTENT_TYPE", "ATTACHMENT_FILENAME", "CONTENT", "DESCRIPTION", "SCHOOL_CLASS_ID", "SOLUTION_DUE_DATE", "SOLUTION_REQUIRED", "TITLE") VALUES (?, ?, ?, ?, ?, ?, ?, ?, ?)]
2025-04-23T17:47:46.366+02:00 DEBUG 7688 --- [           main] o.s.jdbc.core.JdbcTemplate               : Executing SQL update and returning generated keys
2025-04-23T17:47:46.367+02:00 DEBUG 7688 --- [           main] o.s.jdbc.core.JdbcTemplate               : Executing prepared SQL statement [INSERT INTO "lesson_tasks" ("DESCRIPTION", "DUE_DATE", "LESSON_ID", "SOLUTION_REQUIRED", "TITLE") VALUES (?, ?, ?, ?, ?)]
2025-04-23T17:47:46.368+02:00 DEBUG 7688 --- [           main] o.s.jdbc.core.JdbcTemplate               : Executing SQL update and returning generated keys
2025-04-23T17:47:46.368+02:00 DEBUG 7688 --- [           main] o.s.jdbc.core.JdbcTemplate               : Executing prepared SQL statement [INSERT INTO "task_submissions" ("GRADE", "LESSON_TASK_ID", "SOLUTION_CONTENT_TYPE", "SOLUTION_FILE", "SOLUTION_FILENAME", "SOLUTION_TEXT", "SUBMITTED_DATE", "TEACHER_COMMENTS", "USER_ID") VALUES (?, ?, ?, ?, ?, ?, ?, ?, ?)]
2025-04-23T17:47:46.372+02:00 DEBUG 7688 --- [           main] o.s.jdbc.core.JdbcTemplate               : Executing SQL update and returning generated keys
2025-04-23T17:47:46.372+02:00 DEBUG 7688 --- [           main] o.s.jdbc.core.JdbcTemplate               : Executing prepared SQL statement [INSERT INTO "posts" ("ATTACHMENT", "ATTACHMENT_CONTENT_TYPE", "ATTACHMENT_FILENAME", "AUTHOR", "AVG_RATING", "CONTENT", "THUMBNAIL", "THUMBNAIL_CONTENT_TYPE", "THUMBNAIL_FILENAME", "TITLE", "VIEW_COUNT") VALUES (?, ?, ?, ?, ?, ?, ?, ?, ?, ?, ?)]
2025-04-23T17:47:46.373+02:00 DEBUG 7688 --- [           main] w.c.HttpSessionSecurityContextRepository : Created HttpSession as SecurityContext is non-default
2025-04-23T17:47:46.373+02:00 DEBUG 7688 --- [           main] w.c.HttpSessionSecurityContextRepository : Stored SecurityContextImpl [Authentication=UsernamePasswordAuthenticationToken [Principal=org.springframework.security.core.userdetails.User [Username=t, Password=[PROTECTED], Enabled=true, AccountNonExpired=true, CredentialsNonExpired=true, AccountNonLocked=true, Granted Authorities=[ROLE_TEACHER]], Credentials=[PROTECTED], Authenticated=true, Details=null, Granted Authorities=[ROLE_TEACHER]]] to HttpSession [org.springframework.mock.web.MockHttpSession@24b2e53b]
2025-04-23T17:47:46.373+02:00 DEBUG 7688 --- [           main] o.s.security.web.FilterChainProxy        : Securing GET /teacher/classes/2/lessons
2025-04-23T17:47:46.373+02:00 DEBUG 7688 --- [           main] w.c.HttpSessionSecurityContextRepository : Retrieved SecurityContextImpl [Authentication=UsernamePasswordAuthenticationToken [Principal=org.springframework.security.core.userdetails.User [Username=t, Password=[PROTECTED], Enabled=true, AccountNonExpired=true, CredentialsNonExpired=true, AccountNonLocked=true, Granted Authorities=[ROLE_TEACHER]], Credentials=[PROTECTED], Authenticated=true, Details=null, Granted Authorities=[ROLE_TEACHER]]]
2025-04-23T17:47:46.373+02:00 DEBUG 7688 --- [           main] o.s.security.web.FilterChainProxy        : Secured GET /teacher/classes/2/lessons
2025-04-23T17:47:46.375+02:00 DEBUG 7688 --- [           main] o.s.jdbc.core.JdbcTemplate               : Executing prepared SQL query
2025-04-23T17:47:46.375+02:00 DEBUG 7688 --- [           main] o.s.jdbc.core.JdbcTemplate               : Executing prepared SQL statement [SELECT "users"."ID" AS "ID", "users"."ROLE" AS "ROLE", "users"."EMAIL" AS "EMAIL", "users"."LAST_NAME" AS "LAST_NAME", "users"."PASSWORD" AS "PASSWORD", "users"."USERNAME" AS "USERNAME", "users"."FIRST_NAME" AS "FIRST_NAME", "users"."STUDENT_CLASS" AS "STUDENT_CLASS" FROM "users" WHERE "users"."USERNAME" = ?]
2025-04-23T17:47:46.376+02:00 DEBUG 7688 --- [           main] o.s.jdbc.core.JdbcTemplate               : Executing prepared SQL query
2025-04-23T17:47:46.376+02:00 DEBUG 7688 --- [           main] o.s.jdbc.core.JdbcTemplate               : Executing prepared SQL statement [SELECT "users"."ID" AS "ID", "users"."ROLE" AS "ROLE", "users"."EMAIL" AS "EMAIL", "users"."LAST_NAME" AS "LAST_NAME", "users"."PASSWORD" AS "PASSWORD", "users"."USERNAME" AS "USERNAME", "users"."FIRST_NAME" AS "FIRST_NAME", "users"."STUDENT_CLASS" AS "STUDENT_CLASS" FROM "users" WHERE "users"."USERNAME" = ?]
2025-04-23T17:47:46.377+02:00 DEBUG 7688 --- [           main] o.s.jdbc.core.JdbcTemplate               : Executing prepared SQL query
2025-04-23T17:47:46.377+02:00 DEBUG 7688 --- [           main] o.s.jdbc.core.JdbcTemplate               : Executing prepared SQL statement [SELECT "school_classes"."ID" AS "ID", "school_classes"."NAME" AS "NAME", "school_classes"."CONTENT" AS "CONTENT", "school_classes"."TEACHER_ID" AS "TEACHER_ID", "school_classes"."AUTO_APPROVE" AS "AUTO_APPROVE", "school_classes"."DESCRIPTION" AS "DESCRIPTION", "school_classes"."SIGNUP_DEADLINE" AS "SIGNUP_DEADLINE" FROM "school_classes" WHERE "school_classes"."ID" = ?]
2025-04-23T17:47:46.379+02:00 DEBUG 7688 --- [           main] o.s.jdbc.core.JdbcTemplate               : Executing prepared SQL query
2025-04-23T17:47:46.379+02:00 DEBUG 7688 --- [           main] o.s.jdbc.core.JdbcTemplate               : Executing prepared SQL statement [SELECT "lessons"."ID" AS "ID", "lessons"."TITLE" AS "TITLE", "lessons"."CONTENT" AS "CONTENT", "lessons"."ATTACHMENT" AS "ATTACHMENT", "lessons"."DESCRIPTION" AS "DESCRIPTION", "lessons"."SCHOOL_CLASS_ID" AS "SCHOOL_CLASS_ID", "lessons"."SOLUTION_DUE_DATE" AS "SOLUTION_DUE_DATE", "lessons"."SOLUTION_REQUIRED" AS "SOLUTION_REQUIRED", "lessons"."ATTACHMENT_FILENAME" AS "ATTACHMENT_FILENAME", "lessons"."ATTACHMENT_CONTENT_TYPE" AS "ATTACHMENT_CONTENT_TYPE" FROM "lessons" WHERE "lessons"."SCHOOL_CLASS_ID" = ?]
2025-04-23T17:47:46.390+02:00 DEBUG 7688 --- [           main] w.c.HttpSessionSecurityContextRepository : Created HttpSession as SecurityContext is non-default
2025-04-23T17:47:46.391+02:00 DEBUG 7688 --- [           main] w.c.HttpSessionSecurityContextRepository : Stored SecurityContextImpl [Authentication=UsernamePasswordAuthenticationToken [Principal=org.springframework.security.core.userdetails.User [Username=t, Password=[PROTECTED], Enabled=true, AccountNonExpired=true, CredentialsNonExpired=true, AccountNonLocked=true, Granted Authorities=[ROLE_TEACHER]], Credentials=[PROTECTED], Authenticated=true, Details=null, Granted Authorities=[ROLE_TEACHER]]] to HttpSession [org.springframework.mock.web.MockHttpSession@5596f2bb]
2025-04-23T17:47:46.391+02:00 DEBUG 7688 --- [           main] o.s.security.web.FilterChainProxy        : Securing GET /teacher/classes/2/lessons/new
2025-04-23T17:47:46.391+02:00 DEBUG 7688 --- [           main] w.c.HttpSessionSecurityContextRepository : Retrieved SecurityContextImpl [Authentication=UsernamePasswordAuthenticationToken [Principal=org.springframework.security.core.userdetails.User [Username=t, Password=[PROTECTED], Enabled=true, AccountNonExpired=true, CredentialsNonExpired=true, AccountNonLocked=true, Granted Authorities=[ROLE_TEACHER]], Credentials=[PROTECTED], Authenticated=true, Details=null, Granted Authorities=[ROLE_TEACHER]]]
2025-04-23T17:47:46.391+02:00 DEBUG 7688 --- [           main] o.s.security.web.FilterChainProxy        : Secured GET /teacher/classes/2/lessons/new
2025-04-23T17:47:46.391+02:00 DEBUG 7688 --- [           main] o.s.jdbc.core.JdbcTemplate               : Executing prepared SQL query
2025-04-23T17:47:46.391+02:00 DEBUG 7688 --- [           main] o.s.jdbc.core.JdbcTemplate               : Executing prepared SQL statement [SELECT "users"."ID" AS "ID", "users"."ROLE" AS "ROLE", "users"."EMAIL" AS "EMAIL", "users"."LAST_NAME" AS "LAST_NAME", "users"."PASSWORD" AS "PASSWORD", "users"."USERNAME" AS "USERNAME", "users"."FIRST_NAME" AS "FIRST_NAME", "users"."STUDENT_CLASS" AS "STUDENT_CLASS" FROM "users" WHERE "users"."USERNAME" = ?]
2025-04-23T17:47:46.397+02:00  WARN 7688 --- [           main] actStandardFragmentInsertionTagProcessor : [THYMELEAF][main][teacherLessonForm] Deprecated unwrapped fragment expression "common:: footer" found in template teacherLessonForm, line 50, col 6. Please use the complete syntax of fragment expressions instead ("~{common:: footer}"). The old, unwrapped syntax for fragment expressions will be removed in future versions of Thymeleaf.
2025-04-23T17:47:46.399+02:00 DEBUG 7688 --- [           main] w.c.HttpSessionSecurityContextRepository : Created HttpSession as SecurityContext is non-default
2025-04-23T17:47:46.399+02:00 DEBUG 7688 --- [           main] w.c.HttpSessionSecurityContextRepository : Stored SecurityContextImpl [Authentication=UsernamePasswordAuthenticationToken [Principal=org.springframework.security.core.userdetails.User [Username=t, Password=[PROTECTED], Enabled=true, AccountNonExpired=true, CredentialsNonExpired=true, AccountNonLocked=true, Granted Authorities=[ROLE_TEACHER]], Credentials=[PROTECTED], Authenticated=true, Details=null, Granted Authorities=[ROLE_TEACHER]]] to HttpSession [org.springframework.mock.web.MockHttpSession@4fcbb165]
2025-04-23T17:47:46.400+02:00 DEBUG 7688 --- [           main] o.s.security.web.FilterChainProxy        : Securing POST /teacher/classes/2/lessons/new
2025-04-23T17:47:46.400+02:00 DEBUG 7688 --- [           main] w.c.HttpSessionSecurityContextRepository : Retrieved SecurityContextImpl [Authentication=UsernamePasswordAuthenticationToken [Principal=org.springframework.security.core.userdetails.User [Username=t, Password=[PROTECTED], Enabled=true, AccountNonExpired=true, CredentialsNonExpired=true, AccountNonLocked=true, Granted Authorities=[ROLE_TEACHER]], Credentials=[PROTECTED], Authenticated=true, Details=null, Granted Authorities=[ROLE_TEACHER]]]
2025-04-23T17:47:46.400+02:00 DEBUG 7688 --- [           main] o.s.security.web.FilterChainProxy        : Secured POST /teacher/classes/2/lessons/new
2025-04-23T17:47:46.401+02:00 DEBUG 7688 --- [           main] o.s.jdbc.core.JdbcTemplate               : Executing prepared SQL query
2025-04-23T17:47:46.401+02:00 DEBUG 7688 --- [           main] o.s.jdbc.core.JdbcTemplate               : Executing prepared SQL statement [SELECT "users"."ID" AS "ID", "users"."ROLE" AS "ROLE", "users"."EMAIL" AS "EMAIL", "users"."LAST_NAME" AS "LAST_NAME", "users"."PASSWORD" AS "PASSWORD", "users"."USERNAME" AS "USERNAME", "users"."FIRST_NAME" AS "FIRST_NAME", "users"."STUDENT_CLASS" AS "STUDENT_CLASS" FROM "users" WHERE "users"."USERNAME" = ?]
2025-04-23T17:47:46.405+02:00 DEBUG 7688 --- [           main] o.s.jdbc.core.JdbcTemplate               : Executing SQL update and returning generated keys
2025-04-23T17:47:46.405+02:00 DEBUG 7688 --- [           main] o.s.jdbc.core.JdbcTemplate               : Executing prepared SQL statement [INSERT INTO "lessons" ("ATTACHMENT", "ATTACHMENT_CONTENT_TYPE", "ATTACHMENT_FILENAME", "CONTENT", "DESCRIPTION", "SCHOOL_CLASS_ID", "SOLUTION_DUE_DATE", "SOLUTION_REQUIRED", "TITLE") VALUES (?, ?, ?, ?, ?, ?, ?, ?, ?)]
]]></system-out>
  </testcase>
  <testcase name="panelAndClassesEndpoints" classname="com.example.demo.integration.TeacherIntegrationTests" time="0.048">
    <system-out><![CDATA[2025-04-23T17:47:46.410+02:00 DEBUG 7688 --- [           main] o.s.jdbc.datasource.init.ScriptUtils     : Executing SQL script from class path resource [test-schema.sql]
2025-04-23T17:47:46.410+02:00 DEBUG 7688 --- [           main] o.s.jdbc.datasource.init.ScriptUtils     : 0 returned as update count for SQL: DROP TABLE IF EXISTS "comment_likes"
2025-04-23T17:47:46.411+02:00 DEBUG 7688 --- [           main] o.s.jdbc.datasource.init.ScriptUtils     : 0 returned as update count for SQL: DROP TABLE IF EXISTS "comments"
2025-04-23T17:47:46.411+02:00 DEBUG 7688 --- [           main] o.s.jdbc.datasource.init.ScriptUtils     : 0 returned as update count for SQL: DROP TABLE IF EXISTS "posts"
2025-04-23T17:47:46.411+02:00 DEBUG 7688 --- [           main] o.s.jdbc.datasource.init.ScriptUtils     : 0 returned as update count for SQL: DROP TABLE IF EXISTS "app_statistics"
2025-04-23T17:47:46.411+02:00 DEBUG 7688 --- [           main] o.s.jdbc.datasource.init.ScriptUtils     : 0 returned as update count for SQL: DROP TABLE IF EXISTS "task_submissions"
2025-04-23T17:47:46.411+02:00 DEBUG 7688 --- [           main] o.s.jdbc.datasource.init.ScriptUtils     : 0 returned as update count for SQL: DROP TABLE IF EXISTS "lesson_ratings"
2025-04-23T17:47:46.411+02:00 DEBUG 7688 --- [           main] o.s.jdbc.datasource.init.ScriptUtils     : 0 returned as update count for SQL: DROP TABLE IF EXISTS "lesson_tasks"
2025-04-23T17:47:46.411+02:00 DEBUG 7688 --- [           main] o.s.jdbc.datasource.init.ScriptUtils     : 0 returned as update count for SQL: DROP TABLE IF EXISTS "lessons"
2025-04-23T17:47:46.411+02:00 DEBUG 7688 --- [           main] o.s.jdbc.datasource.init.ScriptUtils     : 0 returned as update count for SQL: DROP TABLE IF EXISTS "class_signups"
2025-04-23T17:47:46.411+02:00 DEBUG 7688 --- [           main] o.s.jdbc.datasource.init.ScriptUtils     : 0 returned as update count for SQL: DROP TABLE IF EXISTS "school_classes"
2025-04-23T17:47:46.411+02:00 DEBUG 7688 --- [           main] o.s.jdbc.datasource.init.ScriptUtils     : 0 returned as update count for SQL: DROP TABLE IF EXISTS "users"
2025-04-23T17:47:46.411+02:00 DEBUG 7688 --- [           main] o.s.jdbc.datasource.init.ScriptUtils     : 0 returned as update count for SQL: CREATE TABLE "users" ( id BIGINT PRIMARY KEY AUTO_INCREMENT, username VARCHAR(100) UNIQUE NOT NULL, password VARCHAR(255) NOT NULL, role VARCHAR(20), first_name VARCHAR(100), last_name VARCHAR(100), email VARCHAR(200), student_class BIGINT )
2025-04-23T17:47:46.412+02:00 DEBUG 7688 --- [           main] o.s.jdbc.datasource.init.ScriptUtils     : 0 returned as update count for SQL: CREATE TABLE "class_signups" ( id BIGINT PRIMARY KEY AUTO_INCREMENT, user_id BIGINT NOT NULL, status VARCHAR(50), created_date TIMESTAMP, school_class_id BIGINT )
2025-04-23T17:47:46.412+02:00 DEBUG 7688 --- [           main] o.s.jdbc.datasource.init.ScriptUtils     : 0 returned as update count for SQL: CREATE TABLE "school_classes" ( id BIGSERIAL PRIMARY KEY, name VARCHAR(255) NOT NULL, description TEXT, content TEXT, auto_approve BOOLEAN DEFAULT FALSE, teacher_id BIGINT NOT NULL, signup_deadline TIMESTAMP, CONSTRAINT fk_school_classes_teacher FOREIGN KEY (teacher_id) REFERENCES "users"(id) )
2025-04-23T17:47:46.413+02:00 DEBUG 7688 --- [           main] o.s.jdbc.datasource.init.ScriptUtils     : 0 returned as update count for SQL: CREATE TABLE "lessons" ( id BIGSERIAL PRIMARY KEY, school_class_id BIGINT NOT NULL, title VARCHAR(255) NOT NULL, description TEXT, content TEXT NOT NULL, attachment BYTEA, attachment_filename VARCHAR(255), attachment_content_type VARCHAR(100), solution_required BOOLEAN, solution_due_date TIMESTAMP, CONSTRAINT fk_lessons_school_class FOREIGN KEY (school_class_id) REFERENCES "school_classes"(id) )
2025-04-23T17:47:46.413+02:00 DEBUG 7688 --- [           main] o.s.jdbc.datasource.init.ScriptUtils     : 0 returned as update count for SQL: CREATE TABLE "lesson_tasks" ( id BIGSERIAL PRIMARY KEY, lesson_id BIGINT NOT NULL CONSTRAINT fk_lesson_tasks_lesson REFERENCES "lessons"(id) ON DELETE CASCADE, title VARCHAR(255) NOT NULL, description TEXT, due_date TIMESTAMP, solution_required BOOLEAN NOT NULL DEFAULT FALSE )
2025-04-23T17:47:46.413+02:00 DEBUG 7688 --- [           main] o.s.jdbc.datasource.init.ScriptUtils     : 0 returned as update count for SQL: CREATE TABLE "task_submissions" ( id SERIAL PRIMARY KEY, lesson_task_id BIGINT NOT NULL, user_id BIGINT NOT NULL, solution_text TEXT, solution_file BYTEA, solution_filename VARCHAR(255), solution_content_type VARCHAR(255), submitted_date TIMESTAMP WITHOUT TIME ZONE, grade NUMERIC, teacher_comments TEXT )
2025-04-23T17:47:46.415+02:00 DEBUG 7688 --- [           main] o.s.jdbc.datasource.init.ScriptUtils     : 0 returned as update count for SQL: CREATE TABLE "app_statistics" ( id BIGINT PRIMARY KEY AUTO_INCREMENT, stat_name VARCHAR(100), stat_value BIGINT, timestamp TIMESTAMP )
2025-04-23T17:47:46.415+02:00 DEBUG 7688 --- [           main] o.s.jdbc.datasource.init.ScriptUtils     : 0 returned as update count for SQL: CREATE TABLE "posts" ( id BIGINT PRIMARY KEY AUTO_INCREMENT, title VARCHAR(255), author VARCHAR(255), content TEXT, view_count INT DEFAULT 0, thumbnail BLOB, avg_rating FLOAT, attachment BLOB, thumbnail_filename VARCHAR(255), attachment_filename VARCHAR(255), thumbnail_content_type VARCHAR(255), attachment_content_type VARCHAR(255) )
2025-04-23T17:47:46.415+02:00 DEBUG 7688 --- [           main] o.s.jdbc.datasource.init.ScriptUtils     : 0 returned as update count for SQL: CREATE TABLE IF NOT EXISTS "school_classes" ( id BIGINT PRIMARY KEY AUTO_INCREMENT, name VARCHAR(100), description VARCHAR(500), content TEXT, auto_approve BOOLEAN, teacher_id BIGINT, signup_deadline TIMESTAMP )
2025-04-23T17:47:46.415+02:00 DEBUG 7688 --- [           main] o.s.jdbc.datasource.init.ScriptUtils     : 0 returned as update count for SQL: CREATE TABLE IF NOT EXISTS "comments" ( id BIGINT PRIMARY KEY AUTO_INCREMENT, post_id BIGINT NOT NULL, username VARCHAR(100) NOT NULL, text TEXT NOT NULL, likes INT DEFAULT 0, created_date TIMESTAMP )
2025-04-23T17:47:46.415+02:00 DEBUG 7688 --- [           main] o.s.jdbc.datasource.init.ScriptUtils     : 0 returned as update count for SQL: CREATE TABLE IF NOT EXISTS "comment_likes" ( id BIGINT PRIMARY KEY AUTO_INCREMENT, comment_id BIGINT NOT NULL, username VARCHAR(100) NOT NULL )
2025-04-23T17:47:46.415+02:00 DEBUG 7688 --- [           main] o.s.jdbc.datasource.init.ScriptUtils     : 0 returned as update count for SQL: CREATE TABLE "lesson_ratings" ( id SERIAL PRIMARY KEY, lesson_id BIGINT NOT NULL, user_id BIGINT NOT NULL, rating INTEGER NOT NULL CHECK (rating BETWEEN 1 AND 5), created_date TIMESTAMP NOT NULL, CONSTRAINT fk_lesson FOREIGN KEY (lesson_id) REFERENCES "lessons"(id) )
2025-04-23T17:47:46.415+02:00 DEBUG 7688 --- [           main] o.s.jdbc.datasource.init.ScriptUtils     : Executed SQL script from class path resource [test-schema.sql] in 5 ms.
2025-04-23T17:47:46.416+02:00 DEBUG 7688 --- [           main] o.s.jdbc.core.JdbcTemplate               : Executing SQL update [DELETE FROM "task_submissions"]
2025-04-23T17:47:46.417+02:00 DEBUG 7688 --- [           main] o.s.jdbc.core.JdbcTemplate               : Executing SQL update [DELETE FROM "lesson_tasks"]
2025-04-23T17:47:46.417+02:00 DEBUG 7688 --- [           main] o.s.jdbc.core.JdbcTemplate               : Executing SQL update [DELETE FROM "lessons"]
2025-04-23T17:47:46.417+02:00 DEBUG 7688 --- [           main] o.s.jdbc.core.JdbcTemplate               : Executing SQL update [DELETE FROM "class_signups"]
2025-04-23T17:47:46.417+02:00 DEBUG 7688 --- [           main] o.s.jdbc.core.JdbcTemplate               : Executing SQL update [DELETE FROM "posts"]
2025-04-23T17:47:46.417+02:00 DEBUG 7688 --- [           main] o.s.jdbc.core.JdbcTemplate               : Executing SQL update [DELETE FROM "users"]
2025-04-23T17:47:46.417+02:00 DEBUG 7688 --- [           main] o.s.jdbc.core.JdbcTemplate               : Executing SQL update [DELETE FROM "school_classes"]
2025-04-23T17:47:46.417+02:00 DEBUG 7688 --- [           main] o.s.jdbc.core.JdbcTemplate               : Executing SQL update and returning generated keys
2025-04-23T17:47:46.417+02:00 DEBUG 7688 --- [           main] o.s.jdbc.core.JdbcTemplate               : Executing prepared SQL statement [INSERT INTO "users" ("EMAIL", "FIRST_NAME", "LAST_NAME", "PASSWORD", "ROLE", "STUDENT_CLASS", "USERNAME") VALUES (?, ?, ?, ?, ?, ?, ?)]
2025-04-23T17:47:46.419+02:00 DEBUG 7688 --- [           main] o.s.jdbc.core.JdbcTemplate               : Executing SQL update and returning generated keys
2025-04-23T17:47:46.419+02:00 DEBUG 7688 --- [           main] o.s.jdbc.core.JdbcTemplate               : Executing prepared SQL statement [INSERT INTO "users" ("EMAIL", "FIRST_NAME", "LAST_NAME", "PASSWORD", "ROLE", "STUDENT_CLASS", "USERNAME") VALUES (?, ?, ?, ?, ?, ?, ?)]
2025-04-23T17:47:46.420+02:00 DEBUG 7688 --- [           main] o.s.jdbc.core.JdbcTemplate               : Executing SQL update and returning generated keys
2025-04-23T17:47:46.420+02:00 DEBUG 7688 --- [           main] o.s.jdbc.core.JdbcTemplate               : Executing prepared SQL statement [INSERT INTO "school_classes" ("AUTO_APPROVE", "CONTENT", "DESCRIPTION", "NAME", "SIGNUP_DEADLINE", "TEACHER_ID") VALUES (?, ?, ?, ?, ?, ?)]
2025-04-23T17:47:46.421+02:00 DEBUG 7688 --- [           main] o.s.jdbc.core.JdbcTemplate               : Executing SQL update and returning generated keys
2025-04-23T17:47:46.421+02:00 DEBUG 7688 --- [           main] o.s.jdbc.core.JdbcTemplate               : Executing prepared SQL statement [INSERT INTO "school_classes" ("AUTO_APPROVE", "CONTENT", "DESCRIPTION", "NAME", "SIGNUP_DEADLINE", "TEACHER_ID") VALUES (?, ?, ?, ?, ?, ?)]
2025-04-23T17:47:46.421+02:00 DEBUG 7688 --- [           main] o.s.jdbc.core.JdbcTemplate               : Executing SQL update and returning generated keys
2025-04-23T17:47:46.421+02:00 DEBUG 7688 --- [           main] o.s.jdbc.core.JdbcTemplate               : Executing prepared SQL statement [INSERT INTO "lessons" ("ATTACHMENT", "ATTACHMENT_CONTENT_TYPE", "ATTACHMENT_FILENAME", "CONTENT", "DESCRIPTION", "SCHOOL_CLASS_ID", "SOLUTION_DUE_DATE", "SOLUTION_REQUIRED", "TITLE") VALUES (?, ?, ?, ?, ?, ?, ?, ?, ?)]
2025-04-23T17:47:46.421+02:00 DEBUG 7688 --- [           main] o.s.jdbc.core.JdbcTemplate               : Executing SQL update and returning generated keys
2025-04-23T17:47:46.421+02:00 DEBUG 7688 --- [           main] o.s.jdbc.core.JdbcTemplate               : Executing prepared SQL statement [INSERT INTO "lesson_tasks" ("DESCRIPTION", "DUE_DATE", "LESSON_ID", "SOLUTION_REQUIRED", "TITLE") VALUES (?, ?, ?, ?, ?)]
2025-04-23T17:47:46.422+02:00 DEBUG 7688 --- [           main] o.s.jdbc.core.JdbcTemplate               : Executing SQL update and returning generated keys
2025-04-23T17:47:46.422+02:00 DEBUG 7688 --- [           main] o.s.jdbc.core.JdbcTemplate               : Executing prepared SQL statement [INSERT INTO "task_submissions" ("GRADE", "LESSON_TASK_ID", "SOLUTION_CONTENT_TYPE", "SOLUTION_FILE", "SOLUTION_FILENAME", "SOLUTION_TEXT", "SUBMITTED_DATE", "TEACHER_COMMENTS", "USER_ID") VALUES (?, ?, ?, ?, ?, ?, ?, ?, ?)]
2025-04-23T17:47:46.422+02:00 DEBUG 7688 --- [           main] o.s.jdbc.core.JdbcTemplate               : Executing SQL update and returning generated keys
2025-04-23T17:47:46.422+02:00 DEBUG 7688 --- [           main] o.s.jdbc.core.JdbcTemplate               : Executing prepared SQL statement [INSERT INTO "posts" ("ATTACHMENT", "ATTACHMENT_CONTENT_TYPE", "ATTACHMENT_FILENAME", "AUTHOR", "AVG_RATING", "CONTENT", "THUMBNAIL", "THUMBNAIL_CONTENT_TYPE", "THUMBNAIL_FILENAME", "TITLE", "VIEW_COUNT") VALUES (?, ?, ?, ?, ?, ?, ?, ?, ?, ?, ?)]
2025-04-23T17:47:46.423+02:00 DEBUG 7688 --- [           main] w.c.HttpSessionSecurityContextRepository : Created HttpSession as SecurityContext is non-default
2025-04-23T17:47:46.423+02:00 DEBUG 7688 --- [           main] w.c.HttpSessionSecurityContextRepository : Stored SecurityContextImpl [Authentication=UsernamePasswordAuthenticationToken [Principal=org.springframework.security.core.userdetails.User [Username=t, Password=[PROTECTED], Enabled=true, AccountNonExpired=true, CredentialsNonExpired=true, AccountNonLocked=true, Granted Authorities=[ROLE_TEACHER]], Credentials=[PROTECTED], Authenticated=true, Details=null, Granted Authorities=[ROLE_TEACHER]]] to HttpSession [org.springframework.mock.web.MockHttpSession@1a8251ba]
2025-04-23T17:47:46.423+02:00 DEBUG 7688 --- [           main] o.s.security.web.FilterChainProxy        : Securing GET /teacher
2025-04-23T17:47:46.423+02:00 DEBUG 7688 --- [           main] w.c.HttpSessionSecurityContextRepository : Retrieved SecurityContextImpl [Authentication=UsernamePasswordAuthenticationToken [Principal=org.springframework.security.core.userdetails.User [Username=t, Password=[PROTECTED], Enabled=true, AccountNonExpired=true, CredentialsNonExpired=true, AccountNonLocked=true, Granted Authorities=[ROLE_TEACHER]], Credentials=[PROTECTED], Authenticated=true, Details=null, Granted Authorities=[ROLE_TEACHER]]]
2025-04-23T17:47:46.423+02:00 DEBUG 7688 --- [           main] o.s.security.web.FilterChainProxy        : Secured GET /teacher
2025-04-23T17:47:46.424+02:00 DEBUG 7688 --- [           main] o.s.jdbc.core.JdbcTemplate               : Executing prepared SQL query
2025-04-23T17:47:46.424+02:00 DEBUG 7688 --- [           main] o.s.jdbc.core.JdbcTemplate               : Executing prepared SQL statement [SELECT "users"."ID" AS "ID", "users"."ROLE" AS "ROLE", "users"."EMAIL" AS "EMAIL", "users"."LAST_NAME" AS "LAST_NAME", "users"."PASSWORD" AS "PASSWORD", "users"."USERNAME" AS "USERNAME", "users"."FIRST_NAME" AS "FIRST_NAME", "users"."STUDENT_CLASS" AS "STUDENT_CLASS" FROM "users" WHERE "users"."USERNAME" = ?]
2025-04-23T17:47:46.425+02:00 DEBUG 7688 --- [           main] o.s.jdbc.core.JdbcTemplate               : Executing prepared SQL query
2025-04-23T17:47:46.425+02:00 DEBUG 7688 --- [           main] o.s.jdbc.core.JdbcTemplate               : Executing prepared SQL statement [SELECT "users"."ID" AS "ID", "users"."ROLE" AS "ROLE", "users"."EMAIL" AS "EMAIL", "users"."LAST_NAME" AS "LAST_NAME", "users"."PASSWORD" AS "PASSWORD", "users"."USERNAME" AS "USERNAME", "users"."FIRST_NAME" AS "FIRST_NAME", "users"."STUDENT_CLASS" AS "STUDENT_CLASS" FROM "users" WHERE "users"."USERNAME" = ?]
2025-04-23T17:47:46.429+02:00  WARN 7688 --- [           main] actStandardFragmentInsertionTagProcessor : [THYMELEAF][main][teacherDashboard] Deprecated unwrapped fragment expression "common :: footer" found in template teacherDashboard, line 25, col 6. Please use the complete syntax of fragment expressions instead ("~{common :: footer}"). The old, unwrapped syntax for fragment expressions will be removed in future versions of Thymeleaf.
2025-04-23T17:47:46.430+02:00 DEBUG 7688 --- [           main] w.c.HttpSessionSecurityContextRepository : Created HttpSession as SecurityContext is non-default
2025-04-23T17:47:46.430+02:00 DEBUG 7688 --- [           main] w.c.HttpSessionSecurityContextRepository : Stored SecurityContextImpl [Authentication=UsernamePasswordAuthenticationToken [Principal=org.springframework.security.core.userdetails.User [Username=t, Password=[PROTECTED], Enabled=true, AccountNonExpired=true, CredentialsNonExpired=true, AccountNonLocked=true, Granted Authorities=[ROLE_TEACHER]], Credentials=[PROTECTED], Authenticated=true, Details=null, Granted Authorities=[ROLE_TEACHER]]] to HttpSession [org.springframework.mock.web.MockHttpSession@1c8a2bec]
2025-04-23T17:47:46.431+02:00 DEBUG 7688 --- [           main] o.s.security.web.FilterChainProxy        : Securing GET /teacher/availableClasses
2025-04-23T17:47:46.431+02:00 DEBUG 7688 --- [           main] w.c.HttpSessionSecurityContextRepository : Retrieved SecurityContextImpl [Authentication=UsernamePasswordAuthenticationToken [Principal=org.springframework.security.core.userdetails.User [Username=t, Password=[PROTECTED], Enabled=true, AccountNonExpired=true, CredentialsNonExpired=true, AccountNonLocked=true, Granted Authorities=[ROLE_TEACHER]], Credentials=[PROTECTED], Authenticated=true, Details=null, Granted Authorities=[ROLE_TEACHER]]]
2025-04-23T17:47:46.431+02:00 DEBUG 7688 --- [           main] o.s.security.web.FilterChainProxy        : Secured GET /teacher/availableClasses
2025-04-23T17:47:46.432+02:00 DEBUG 7688 --- [           main] o.s.jdbc.core.JdbcTemplate               : Executing prepared SQL query
2025-04-23T17:47:46.432+02:00 DEBUG 7688 --- [           main] o.s.jdbc.core.JdbcTemplate               : Executing prepared SQL statement [SELECT "users"."ID" AS "ID", "users"."ROLE" AS "ROLE", "users"."EMAIL" AS "EMAIL", "users"."LAST_NAME" AS "LAST_NAME", "users"."PASSWORD" AS "PASSWORD", "users"."USERNAME" AS "USERNAME", "users"."FIRST_NAME" AS "FIRST_NAME", "users"."STUDENT_CLASS" AS "STUDENT_CLASS" FROM "users" WHERE "users"."USERNAME" = ?]
2025-04-23T17:47:46.433+02:00 DEBUG 7688 --- [           main] o.s.jdbc.core.JdbcTemplate               : Executing prepared SQL query
2025-04-23T17:47:46.433+02:00 DEBUG 7688 --- [           main] o.s.jdbc.core.JdbcTemplate               : Executing prepared SQL statement [SELECT "school_classes"."ID" AS "ID", "school_classes"."NAME" AS "NAME", "school_classes"."CONTENT" AS "CONTENT", "school_classes"."TEACHER_ID" AS "TEACHER_ID", "school_classes"."AUTO_APPROVE" AS "AUTO_APPROVE", "school_classes"."DESCRIPTION" AS "DESCRIPTION", "school_classes"."SIGNUP_DEADLINE" AS "SIGNUP_DEADLINE" FROM "school_classes" WHERE "school_classes"."TEACHER_ID" IS NULL]
2025-04-23T17:47:46.439+02:00  WARN 7688 --- [           main] actStandardFragmentInsertionTagProcessor : [THYMELEAF][main][teacherAvailableClasses] Deprecated unwrapped fragment expression "common :: footer" found in template teacherAvailableClasses, line 32, col 6. Please use the complete syntax of fragment expressions instead ("~{common :: footer}"). The old, unwrapped syntax for fragment expressions will be removed in future versions of Thymeleaf.
2025-04-23T17:47:46.441+02:00 DEBUG 7688 --- [           main] w.c.HttpSessionSecurityContextRepository : Created HttpSession as SecurityContext is non-default
2025-04-23T17:47:46.441+02:00 DEBUG 7688 --- [           main] w.c.HttpSessionSecurityContextRepository : Stored SecurityContextImpl [Authentication=UsernamePasswordAuthenticationToken [Principal=org.springframework.security.core.userdetails.User [Username=t, Password=[PROTECTED], Enabled=true, AccountNonExpired=true, CredentialsNonExpired=true, AccountNonLocked=true, Granted Authorities=[ROLE_TEACHER]], Credentials=[PROTECTED], Authenticated=true, Details=null, Granted Authorities=[ROLE_TEACHER]]] to HttpSession [org.springframework.mock.web.MockHttpSession@261d8a9c]
2025-04-23T17:47:46.441+02:00 DEBUG 7688 --- [           main] o.s.security.web.FilterChainProxy        : Securing POST /teacher/availableClasses/1/assign
2025-04-23T17:47:46.441+02:00 DEBUG 7688 --- [           main] w.c.HttpSessionSecurityContextRepository : Retrieved SecurityContextImpl [Authentication=UsernamePasswordAuthenticationToken [Principal=org.springframework.security.core.userdetails.User [Username=t, Password=[PROTECTED], Enabled=true, AccountNonExpired=true, CredentialsNonExpired=true, AccountNonLocked=true, Granted Authorities=[ROLE_TEACHER]], Credentials=[PROTECTED], Authenticated=true, Details=null, Granted Authorities=[ROLE_TEACHER]]]
2025-04-23T17:47:46.441+02:00 DEBUG 7688 --- [           main] o.s.security.web.FilterChainProxy        : Secured POST /teacher/availableClasses/1/assign
2025-04-23T17:47:46.442+02:00 DEBUG 7688 --- [           main] o.s.jdbc.core.JdbcTemplate               : Executing prepared SQL query
2025-04-23T17:47:46.442+02:00 DEBUG 7688 --- [           main] o.s.jdbc.core.JdbcTemplate               : Executing prepared SQL statement [SELECT "users"."ID" AS "ID", "users"."ROLE" AS "ROLE", "users"."EMAIL" AS "EMAIL", "users"."LAST_NAME" AS "LAST_NAME", "users"."PASSWORD" AS "PASSWORD", "users"."USERNAME" AS "USERNAME", "users"."FIRST_NAME" AS "FIRST_NAME", "users"."STUDENT_CLASS" AS "STUDENT_CLASS" FROM "users" WHERE "users"."USERNAME" = ?]
2025-04-23T17:47:46.443+02:00 DEBUG 7688 --- [           main] o.s.jdbc.core.JdbcTemplate               : Executing prepared SQL query
2025-04-23T17:47:46.443+02:00 DEBUG 7688 --- [           main] o.s.jdbc.core.JdbcTemplate               : Executing prepared SQL statement [SELECT "users"."ID" AS "ID", "users"."ROLE" AS "ROLE", "users"."EMAIL" AS "EMAIL", "users"."LAST_NAME" AS "LAST_NAME", "users"."PASSWORD" AS "PASSWORD", "users"."USERNAME" AS "USERNAME", "users"."FIRST_NAME" AS "FIRST_NAME", "users"."STUDENT_CLASS" AS "STUDENT_CLASS" FROM "users" WHERE "users"."USERNAME" = ?]
2025-04-23T17:47:46.443+02:00 DEBUG 7688 --- [           main] o.s.jdbc.core.JdbcTemplate               : Executing prepared SQL query
2025-04-23T17:47:46.443+02:00 DEBUG 7688 --- [           main] o.s.jdbc.core.JdbcTemplate               : Executing prepared SQL statement [SELECT "school_classes"."ID" AS "ID", "school_classes"."NAME" AS "NAME", "school_classes"."CONTENT" AS "CONTENT", "school_classes"."TEACHER_ID" AS "TEACHER_ID", "school_classes"."AUTO_APPROVE" AS "AUTO_APPROVE", "school_classes"."DESCRIPTION" AS "DESCRIPTION", "school_classes"."SIGNUP_DEADLINE" AS "SIGNUP_DEADLINE" FROM "school_classes" WHERE "school_classes"."ID" = ?]
2025-04-23T17:47:46.444+02:00 DEBUG 7688 --- [           main] w.c.HttpSessionSecurityContextRepository : Created HttpSession as SecurityContext is non-default
2025-04-23T17:47:46.444+02:00 DEBUG 7688 --- [           main] w.c.HttpSessionSecurityContextRepository : Stored SecurityContextImpl [Authentication=UsernamePasswordAuthenticationToken [Principal=org.springframework.security.core.userdetails.User [Username=t, Password=[PROTECTED], Enabled=true, AccountNonExpired=true, CredentialsNonExpired=true, AccountNonLocked=true, Granted Authorities=[ROLE_TEACHER]], Credentials=[PROTECTED], Authenticated=true, Details=null, Granted Authorities=[ROLE_TEACHER]]] to HttpSession [org.springframework.mock.web.MockHttpSession@e43189c]
2025-04-23T17:47:46.444+02:00 DEBUG 7688 --- [           main] o.s.security.web.FilterChainProxy        : Securing GET /teacher/classes
2025-04-23T17:47:46.444+02:00 DEBUG 7688 --- [           main] w.c.HttpSessionSecurityContextRepository : Retrieved SecurityContextImpl [Authentication=UsernamePasswordAuthenticationToken [Principal=org.springframework.security.core.userdetails.User [Username=t, Password=[PROTECTED], Enabled=true, AccountNonExpired=true, CredentialsNonExpired=true, AccountNonLocked=true, Granted Authorities=[ROLE_TEACHER]], Credentials=[PROTECTED], Authenticated=true, Details=null, Granted Authorities=[ROLE_TEACHER]]]
2025-04-23T17:47:46.444+02:00 DEBUG 7688 --- [           main] o.s.security.web.FilterChainProxy        : Secured GET /teacher/classes
2025-04-23T17:47:46.444+02:00 DEBUG 7688 --- [           main] o.s.jdbc.core.JdbcTemplate               : Executing prepared SQL query
2025-04-23T17:47:46.444+02:00 DEBUG 7688 --- [           main] o.s.jdbc.core.JdbcTemplate               : Executing prepared SQL statement [SELECT "users"."ID" AS "ID", "users"."ROLE" AS "ROLE", "users"."EMAIL" AS "EMAIL", "users"."LAST_NAME" AS "LAST_NAME", "users"."PASSWORD" AS "PASSWORD", "users"."USERNAME" AS "USERNAME", "users"."FIRST_NAME" AS "FIRST_NAME", "users"."STUDENT_CLASS" AS "STUDENT_CLASS" FROM "users" WHERE "users"."USERNAME" = ?]
2025-04-23T17:47:46.445+02:00 DEBUG 7688 --- [           main] o.s.jdbc.core.JdbcTemplate               : Executing prepared SQL query
2025-04-23T17:47:46.445+02:00 DEBUG 7688 --- [           main] o.s.jdbc.core.JdbcTemplate               : Executing prepared SQL statement [SELECT "users"."ID" AS "ID", "users"."ROLE" AS "ROLE", "users"."EMAIL" AS "EMAIL", "users"."LAST_NAME" AS "LAST_NAME", "users"."PASSWORD" AS "PASSWORD", "users"."USERNAME" AS "USERNAME", "users"."FIRST_NAME" AS "FIRST_NAME", "users"."STUDENT_CLASS" AS "STUDENT_CLASS" FROM "users" WHERE "users"."USERNAME" = ?]
2025-04-23T17:47:46.446+02:00 DEBUG 7688 --- [           main] o.s.jdbc.core.JdbcTemplate               : Executing prepared SQL query
2025-04-23T17:47:46.446+02:00 DEBUG 7688 --- [           main] o.s.jdbc.core.JdbcTemplate               : Executing prepared SQL statement [SELECT "school_classes"."ID" AS "ID", "school_classes"."NAME" AS "NAME", "school_classes"."CONTENT" AS "CONTENT", "school_classes"."TEACHER_ID" AS "TEACHER_ID", "school_classes"."AUTO_APPROVE" AS "AUTO_APPROVE", "school_classes"."DESCRIPTION" AS "DESCRIPTION", "school_classes"."SIGNUP_DEADLINE" AS "SIGNUP_DEADLINE" FROM "school_classes" WHERE "school_classes"."TEACHER_ID" = ?]
2025-04-23T17:47:46.454+02:00  WARN 7688 --- [           main] actStandardFragmentInsertionTagProcessor : [THYMELEAF][main][teacherClasses] Deprecated unwrapped fragment expression "common :: footer" found in template teacherClasses, line 49, col 6. Please use the complete syntax of fragment expressions instead ("~{common :: footer}"). The old, unwrapped syntax for fragment expressions will be removed in future versions of Thymeleaf.
]]></system-out>
  </testcase>
  <testcase name="postControllerEndpoints" classname="com.example.demo.integration.TeacherIntegrationTests" time="0.072">
    <system-out><![CDATA[2025-04-23T17:47:46.458+02:00 DEBUG 7688 --- [           main] o.s.jdbc.datasource.init.ScriptUtils     : Executing SQL script from class path resource [test-schema.sql]
2025-04-23T17:47:46.459+02:00 DEBUG 7688 --- [           main] o.s.jdbc.datasource.init.ScriptUtils     : 0 returned as update count for SQL: DROP TABLE IF EXISTS "comment_likes"
2025-04-23T17:47:46.459+02:00 DEBUG 7688 --- [           main] o.s.jdbc.datasource.init.ScriptUtils     : 0 returned as update count for SQL: DROP TABLE IF EXISTS "comments"
2025-04-23T17:47:46.460+02:00 DEBUG 7688 --- [           main] o.s.jdbc.datasource.init.ScriptUtils     : 0 returned as update count for SQL: DROP TABLE IF EXISTS "posts"
2025-04-23T17:47:46.460+02:00 DEBUG 7688 --- [           main] o.s.jdbc.datasource.init.ScriptUtils     : 0 returned as update count for SQL: DROP TABLE IF EXISTS "app_statistics"
2025-04-23T17:47:46.460+02:00 DEBUG 7688 --- [           main] o.s.jdbc.datasource.init.ScriptUtils     : 0 returned as update count for SQL: DROP TABLE IF EXISTS "task_submissions"
2025-04-23T17:47:46.460+02:00 DEBUG 7688 --- [           main] o.s.jdbc.datasource.init.ScriptUtils     : 0 returned as update count for SQL: DROP TABLE IF EXISTS "lesson_ratings"
2025-04-23T17:47:46.460+02:00 DEBUG 7688 --- [           main] o.s.jdbc.datasource.init.ScriptUtils     : 0 returned as update count for SQL: DROP TABLE IF EXISTS "lesson_tasks"
2025-04-23T17:47:46.460+02:00 DEBUG 7688 --- [           main] o.s.jdbc.datasource.init.ScriptUtils     : 0 returned as update count for SQL: DROP TABLE IF EXISTS "lessons"
2025-04-23T17:47:46.460+02:00 DEBUG 7688 --- [           main] o.s.jdbc.datasource.init.ScriptUtils     : 0 returned as update count for SQL: DROP TABLE IF EXISTS "class_signups"
2025-04-23T17:47:46.460+02:00 DEBUG 7688 --- [           main] o.s.jdbc.datasource.init.ScriptUtils     : 0 returned as update count for SQL: DROP TABLE IF EXISTS "school_classes"
2025-04-23T17:47:46.460+02:00 DEBUG 7688 --- [           main] o.s.jdbc.datasource.init.ScriptUtils     : 0 returned as update count for SQL: DROP TABLE IF EXISTS "users"
2025-04-23T17:47:46.460+02:00 DEBUG 7688 --- [           main] o.s.jdbc.datasource.init.ScriptUtils     : 0 returned as update count for SQL: CREATE TABLE "users" ( id BIGINT PRIMARY KEY AUTO_INCREMENT, username VARCHAR(100) UNIQUE NOT NULL, password VARCHAR(255) NOT NULL, role VARCHAR(20), first_name VARCHAR(100), last_name VARCHAR(100), email VARCHAR(200), student_class BIGINT )
2025-04-23T17:47:46.462+02:00 DEBUG 7688 --- [           main] o.s.jdbc.datasource.init.ScriptUtils     : 0 returned as update count for SQL: CREATE TABLE "class_signups" ( id BIGINT PRIMARY KEY AUTO_INCREMENT, user_id BIGINT NOT NULL, status VARCHAR(50), created_date TIMESTAMP, school_class_id BIGINT )
2025-04-23T17:47:46.463+02:00 DEBUG 7688 --- [           main] o.s.jdbc.datasource.init.ScriptUtils     : 0 returned as update count for SQL: CREATE TABLE "school_classes" ( id BIGSERIAL PRIMARY KEY, name VARCHAR(255) NOT NULL, description TEXT, content TEXT, auto_approve BOOLEAN DEFAULT FALSE, teacher_id BIGINT NOT NULL, signup_deadline TIMESTAMP, CONSTRAINT fk_school_classes_teacher FOREIGN KEY (teacher_id) REFERENCES "users"(id) )
2025-04-23T17:47:46.466+02:00 DEBUG 7688 --- [           main] o.s.jdbc.datasource.init.ScriptUtils     : 0 returned as update count for SQL: CREATE TABLE "lessons" ( id BIGSERIAL PRIMARY KEY, school_class_id BIGINT NOT NULL, title VARCHAR(255) NOT NULL, description TEXT, content TEXT NOT NULL, attachment BYTEA, attachment_filename VARCHAR(255), attachment_content_type VARCHAR(100), solution_required BOOLEAN, solution_due_date TIMESTAMP, CONSTRAINT fk_lessons_school_class FOREIGN KEY (school_class_id) REFERENCES "school_classes"(id) )
2025-04-23T17:47:46.467+02:00 DEBUG 7688 --- [           main] o.s.jdbc.datasource.init.ScriptUtils     : 0 returned as update count for SQL: CREATE TABLE "lesson_tasks" ( id BIGSERIAL PRIMARY KEY, lesson_id BIGINT NOT NULL CONSTRAINT fk_lesson_tasks_lesson REFERENCES "lessons"(id) ON DELETE CASCADE, title VARCHAR(255) NOT NULL, description TEXT, due_date TIMESTAMP, solution_required BOOLEAN NOT NULL DEFAULT FALSE )
2025-04-23T17:47:46.467+02:00 DEBUG 7688 --- [           main] o.s.jdbc.datasource.init.ScriptUtils     : 0 returned as update count for SQL: CREATE TABLE "task_submissions" ( id SERIAL PRIMARY KEY, lesson_task_id BIGINT NOT NULL, user_id BIGINT NOT NULL, solution_text TEXT, solution_file BYTEA, solution_filename VARCHAR(255), solution_content_type VARCHAR(255), submitted_date TIMESTAMP WITHOUT TIME ZONE, grade NUMERIC, teacher_comments TEXT )
2025-04-23T17:47:46.467+02:00 DEBUG 7688 --- [           main] o.s.jdbc.datasource.init.ScriptUtils     : 0 returned as update count for SQL: CREATE TABLE "app_statistics" ( id BIGINT PRIMARY KEY AUTO_INCREMENT, stat_name VARCHAR(100), stat_value BIGINT, timestamp TIMESTAMP )
2025-04-23T17:47:46.468+02:00 DEBUG 7688 --- [           main] o.s.jdbc.datasource.init.ScriptUtils     : 0 returned as update count for SQL: CREATE TABLE "posts" ( id BIGINT PRIMARY KEY AUTO_INCREMENT, title VARCHAR(255), author VARCHAR(255), content TEXT, view_count INT DEFAULT 0, thumbnail BLOB, avg_rating FLOAT, attachment BLOB, thumbnail_filename VARCHAR(255), attachment_filename VARCHAR(255), thumbnail_content_type VARCHAR(255), attachment_content_type VARCHAR(255) )
2025-04-23T17:47:46.468+02:00 DEBUG 7688 --- [           main] o.s.jdbc.datasource.init.ScriptUtils     : 0 returned as update count for SQL: CREATE TABLE IF NOT EXISTS "school_classes" ( id BIGINT PRIMARY KEY AUTO_INCREMENT, name VARCHAR(100), description VARCHAR(500), content TEXT, auto_approve BOOLEAN, teacher_id BIGINT, signup_deadline TIMESTAMP )
2025-04-23T17:47:46.468+02:00 DEBUG 7688 --- [           main] o.s.jdbc.datasource.init.ScriptUtils     : 0 returned as update count for SQL: CREATE TABLE IF NOT EXISTS "comments" ( id BIGINT PRIMARY KEY AUTO_INCREMENT, post_id BIGINT NOT NULL, username VARCHAR(100) NOT NULL, text TEXT NOT NULL, likes INT DEFAULT 0, created_date TIMESTAMP )
2025-04-23T17:47:46.468+02:00 DEBUG 7688 --- [           main] o.s.jdbc.datasource.init.ScriptUtils     : 0 returned as update count for SQL: CREATE TABLE IF NOT EXISTS "comment_likes" ( id BIGINT PRIMARY KEY AUTO_INCREMENT, comment_id BIGINT NOT NULL, username VARCHAR(100) NOT NULL )
2025-04-23T17:47:46.469+02:00 DEBUG 7688 --- [           main] o.s.jdbc.datasource.init.ScriptUtils     : 0 returned as update count for SQL: CREATE TABLE "lesson_ratings" ( id SERIAL PRIMARY KEY, lesson_id BIGINT NOT NULL, user_id BIGINT NOT NULL, rating INTEGER NOT NULL CHECK (rating BETWEEN 1 AND 5), created_date TIMESTAMP NOT NULL, CONSTRAINT fk_lesson FOREIGN KEY (lesson_id) REFERENCES "lessons"(id) )
2025-04-23T17:47:46.469+02:00 DEBUG 7688 --- [           main] o.s.jdbc.datasource.init.ScriptUtils     : Executed SQL script from class path resource [test-schema.sql] in 11 ms.
2025-04-23T17:47:46.472+02:00 DEBUG 7688 --- [           main] o.s.jdbc.core.JdbcTemplate               : Executing SQL update [DELETE FROM "task_submissions"]
2025-04-23T17:47:46.472+02:00 DEBUG 7688 --- [           main] o.s.jdbc.core.JdbcTemplate               : Executing SQL update [DELETE FROM "lesson_tasks"]
2025-04-23T17:47:46.472+02:00 DEBUG 7688 --- [           main] o.s.jdbc.core.JdbcTemplate               : Executing SQL update [DELETE FROM "lessons"]
2025-04-23T17:47:46.473+02:00 DEBUG 7688 --- [           main] o.s.jdbc.core.JdbcTemplate               : Executing SQL update [DELETE FROM "class_signups"]
2025-04-23T17:47:46.473+02:00 DEBUG 7688 --- [           main] o.s.jdbc.core.JdbcTemplate               : Executing SQL update [DELETE FROM "posts"]
2025-04-23T17:47:46.473+02:00 DEBUG 7688 --- [           main] o.s.jdbc.core.JdbcTemplate               : Executing SQL update [DELETE FROM "users"]
2025-04-23T17:47:46.473+02:00 DEBUG 7688 --- [           main] o.s.jdbc.core.JdbcTemplate               : Executing SQL update [DELETE FROM "school_classes"]
2025-04-23T17:47:46.474+02:00 DEBUG 7688 --- [           main] o.s.jdbc.core.JdbcTemplate               : Executing SQL update and returning generated keys
2025-04-23T17:47:46.474+02:00 DEBUG 7688 --- [           main] o.s.jdbc.core.JdbcTemplate               : Executing prepared SQL statement [INSERT INTO "users" ("EMAIL", "FIRST_NAME", "LAST_NAME", "PASSWORD", "ROLE", "STUDENT_CLASS", "USERNAME") VALUES (?, ?, ?, ?, ?, ?, ?)]
2025-04-23T17:47:46.475+02:00 DEBUG 7688 --- [           main] o.s.jdbc.core.JdbcTemplate               : Executing SQL update and returning generated keys
2025-04-23T17:47:46.475+02:00 DEBUG 7688 --- [           main] o.s.jdbc.core.JdbcTemplate               : Executing prepared SQL statement [INSERT INTO "users" ("EMAIL", "FIRST_NAME", "LAST_NAME", "PASSWORD", "ROLE", "STUDENT_CLASS", "USERNAME") VALUES (?, ?, ?, ?, ?, ?, ?)]
2025-04-23T17:47:46.475+02:00 DEBUG 7688 --- [           main] o.s.jdbc.core.JdbcTemplate               : Executing SQL update and returning generated keys
2025-04-23T17:47:46.475+02:00 DEBUG 7688 --- [           main] o.s.jdbc.core.JdbcTemplate               : Executing prepared SQL statement [INSERT INTO "school_classes" ("AUTO_APPROVE", "CONTENT", "DESCRIPTION", "NAME", "SIGNUP_DEADLINE", "TEACHER_ID") VALUES (?, ?, ?, ?, ?, ?)]
2025-04-23T17:47:46.477+02:00 DEBUG 7688 --- [           main] o.s.jdbc.core.JdbcTemplate               : Executing SQL update and returning generated keys
2025-04-23T17:47:46.477+02:00 DEBUG 7688 --- [           main] o.s.jdbc.core.JdbcTemplate               : Executing prepared SQL statement [INSERT INTO "school_classes" ("AUTO_APPROVE", "CONTENT", "DESCRIPTION", "NAME", "SIGNUP_DEADLINE", "TEACHER_ID") VALUES (?, ?, ?, ?, ?, ?)]
2025-04-23T17:47:46.478+02:00 DEBUG 7688 --- [           main] o.s.jdbc.core.JdbcTemplate               : Executing SQL update and returning generated keys
2025-04-23T17:47:46.478+02:00 DEBUG 7688 --- [           main] o.s.jdbc.core.JdbcTemplate               : Executing prepared SQL statement [INSERT INTO "lessons" ("ATTACHMENT", "ATTACHMENT_CONTENT_TYPE", "ATTACHMENT_FILENAME", "CONTENT", "DESCRIPTION", "SCHOOL_CLASS_ID", "SOLUTION_DUE_DATE", "SOLUTION_REQUIRED", "TITLE") VALUES (?, ?, ?, ?, ?, ?, ?, ?, ?)]
2025-04-23T17:47:46.479+02:00 DEBUG 7688 --- [           main] o.s.jdbc.core.JdbcTemplate               : Executing SQL update and returning generated keys
2025-04-23T17:47:46.479+02:00 DEBUG 7688 --- [           main] o.s.jdbc.core.JdbcTemplate               : Executing prepared SQL statement [INSERT INTO "lesson_tasks" ("DESCRIPTION", "DUE_DATE", "LESSON_ID", "SOLUTION_REQUIRED", "TITLE") VALUES (?, ?, ?, ?, ?)]
2025-04-23T17:47:46.480+02:00 DEBUG 7688 --- [           main] o.s.jdbc.core.JdbcTemplate               : Executing SQL update and returning generated keys
2025-04-23T17:47:46.480+02:00 DEBUG 7688 --- [           main] o.s.jdbc.core.JdbcTemplate               : Executing prepared SQL statement [INSERT INTO "task_submissions" ("GRADE", "LESSON_TASK_ID", "SOLUTION_CONTENT_TYPE", "SOLUTION_FILE", "SOLUTION_FILENAME", "SOLUTION_TEXT", "SUBMITTED_DATE", "TEACHER_COMMENTS", "USER_ID") VALUES (?, ?, ?, ?, ?, ?, ?, ?, ?)]
2025-04-23T17:47:46.481+02:00 DEBUG 7688 --- [           main] o.s.jdbc.core.JdbcTemplate               : Executing SQL update and returning generated keys
2025-04-23T17:47:46.481+02:00 DEBUG 7688 --- [           main] o.s.jdbc.core.JdbcTemplate               : Executing prepared SQL statement [INSERT INTO "posts" ("ATTACHMENT", "ATTACHMENT_CONTENT_TYPE", "ATTACHMENT_FILENAME", "AUTHOR", "AVG_RATING", "CONTENT", "THUMBNAIL", "THUMBNAIL_CONTENT_TYPE", "THUMBNAIL_FILENAME", "TITLE", "VIEW_COUNT") VALUES (?, ?, ?, ?, ?, ?, ?, ?, ?, ?, ?)]
2025-04-23T17:47:46.482+02:00 DEBUG 7688 --- [           main] w.c.HttpSessionSecurityContextRepository : Created HttpSession as SecurityContext is non-default
2025-04-23T17:47:46.482+02:00 DEBUG 7688 --- [           main] w.c.HttpSessionSecurityContextRepository : Stored SecurityContextImpl [Authentication=UsernamePasswordAuthenticationToken [Principal=org.springframework.security.core.userdetails.User [Username=t, Password=[PROTECTED], Enabled=true, AccountNonExpired=true, CredentialsNonExpired=true, AccountNonLocked=true, Granted Authorities=[ROLE_TEACHER]], Credentials=[PROTECTED], Authenticated=true, Details=null, Granted Authorities=[ROLE_TEACHER]]] to HttpSession [org.springframework.mock.web.MockHttpSession@1b7708d9]
2025-04-23T17:47:46.483+02:00 DEBUG 7688 --- [           main] o.s.security.web.FilterChainProxy        : Securing GET /teacher/posts
2025-04-23T17:47:46.483+02:00 DEBUG 7688 --- [           main] w.c.HttpSessionSecurityContextRepository : Retrieved SecurityContextImpl [Authentication=UsernamePasswordAuthenticationToken [Principal=org.springframework.security.core.userdetails.User [Username=t, Password=[PROTECTED], Enabled=true, AccountNonExpired=true, CredentialsNonExpired=true, AccountNonLocked=true, Granted Authorities=[ROLE_TEACHER]], Credentials=[PROTECTED], Authenticated=true, Details=null, Granted Authorities=[ROLE_TEACHER]]]
2025-04-23T17:47:46.483+02:00 DEBUG 7688 --- [           main] o.s.security.web.FilterChainProxy        : Secured GET /teacher/posts
2025-04-23T17:47:46.484+02:00 DEBUG 7688 --- [           main] o.s.jdbc.core.JdbcTemplate               : Executing prepared SQL query
2025-04-23T17:47:46.484+02:00 DEBUG 7688 --- [           main] o.s.jdbc.core.JdbcTemplate               : Executing prepared SQL statement [SELECT "users"."ID" AS "ID", "users"."ROLE" AS "ROLE", "users"."EMAIL" AS "EMAIL", "users"."LAST_NAME" AS "LAST_NAME", "users"."PASSWORD" AS "PASSWORD", "users"."USERNAME" AS "USERNAME", "users"."FIRST_NAME" AS "FIRST_NAME", "users"."STUDENT_CLASS" AS "STUDENT_CLASS" FROM "users" WHERE "users"."USERNAME" = ?]
2025-04-23T17:47:46.485+02:00 DEBUG 7688 --- [           main] o.s.jdbc.core.JdbcTemplate               : Executing prepared SQL query
2025-04-23T17:47:46.485+02:00 DEBUG 7688 --- [           main] o.s.jdbc.core.JdbcTemplate               : Executing prepared SQL statement [SELECT "users"."ID" AS "ID", "users"."ROLE" AS "ROLE", "users"."EMAIL" AS "EMAIL", "users"."LAST_NAME" AS "LAST_NAME", "users"."PASSWORD" AS "PASSWORD", "users"."USERNAME" AS "USERNAME", "users"."FIRST_NAME" AS "FIRST_NAME", "users"."STUDENT_CLASS" AS "STUDENT_CLASS" FROM "users" WHERE "users"."USERNAME" = ?]
2025-04-23T17:47:46.487+02:00 DEBUG 7688 --- [           main] o.s.jdbc.core.JdbcTemplate               : Executing prepared SQL query
2025-04-23T17:47:46.487+02:00 DEBUG 7688 --- [           main] o.s.jdbc.core.JdbcTemplate               : Executing prepared SQL statement [SELECT "posts"."ID" AS "ID", "posts"."TITLE" AS "TITLE", "posts"."AUTHOR" AS "AUTHOR", "posts"."CONTENT" AS "CONTENT", "posts"."VIEW_COUNT" AS "VIEW_COUNT", "posts"."THUMBNAIL" AS "THUMBNAIL", "posts"."AVG_RATING" AS "AVG_RATING", "posts"."ATTACHMENT" AS "ATTACHMENT", "posts"."THUMBNAIL_FILENAME" AS "THUMBNAIL_FILENAME", "posts"."ATTACHMENT_FILENAME" AS "ATTACHMENT_FILENAME", "posts"."THUMBNAIL_CONTENT_TYPE" AS "THUMBNAIL_CONTENT_TYPE", "posts"."ATTACHMENT_CONTENT_TYPE" AS "ATTACHMENT_CONTENT_TYPE" FROM "posts" WHERE "posts"."AUTHOR" = ?]
2025-04-23T17:47:46.495+02:00  WARN 7688 --- [           main] actStandardFragmentInsertionTagProcessor : [THYMELEAF][main][teacherPosts] Deprecated unwrapped fragment expression "common :: footer" found in template teacherPosts, line 32, col 6. Please use the complete syntax of fragment expressions instead ("~{common :: footer}"). The old, unwrapped syntax for fragment expressions will be removed in future versions of Thymeleaf.
2025-04-23T17:47:46.497+02:00 DEBUG 7688 --- [           main] w.c.HttpSessionSecurityContextRepository : Created HttpSession as SecurityContext is non-default
2025-04-23T17:47:46.497+02:00 DEBUG 7688 --- [           main] w.c.HttpSessionSecurityContextRepository : Stored SecurityContextImpl [Authentication=UsernamePasswordAuthenticationToken [Principal=org.springframework.security.core.userdetails.User [Username=t, Password=[PROTECTED], Enabled=true, AccountNonExpired=true, CredentialsNonExpired=true, AccountNonLocked=true, Granted Authorities=[ROLE_TEACHER]], Credentials=[PROTECTED], Authenticated=true, Details=null, Granted Authorities=[ROLE_TEACHER]]] to HttpSession [org.springframework.mock.web.MockHttpSession@7491ccdf]
2025-04-23T17:47:46.497+02:00 DEBUG 7688 --- [           main] o.s.security.web.FilterChainProxy        : Securing GET /teacher/posts/new
2025-04-23T17:47:46.497+02:00 DEBUG 7688 --- [           main] w.c.HttpSessionSecurityContextRepository : Retrieved SecurityContextImpl [Authentication=UsernamePasswordAuthenticationToken [Principal=org.springframework.security.core.userdetails.User [Username=t, Password=[PROTECTED], Enabled=true, AccountNonExpired=true, CredentialsNonExpired=true, AccountNonLocked=true, Granted Authorities=[ROLE_TEACHER]], Credentials=[PROTECTED], Authenticated=true, Details=null, Granted Authorities=[ROLE_TEACHER]]]
2025-04-23T17:47:46.497+02:00 DEBUG 7688 --- [           main] o.s.security.web.FilterChainProxy        : Secured GET /teacher/posts/new
2025-04-23T17:47:46.499+02:00 DEBUG 7688 --- [           main] o.s.jdbc.core.JdbcTemplate               : Executing prepared SQL query
2025-04-23T17:47:46.499+02:00 DEBUG 7688 --- [           main] o.s.jdbc.core.JdbcTemplate               : Executing prepared SQL statement [SELECT "users"."ID" AS "ID", "users"."ROLE" AS "ROLE", "users"."EMAIL" AS "EMAIL", "users"."LAST_NAME" AS "LAST_NAME", "users"."PASSWORD" AS "PASSWORD", "users"."USERNAME" AS "USERNAME", "users"."FIRST_NAME" AS "FIRST_NAME", "users"."STUDENT_CLASS" AS "STUDENT_CLASS" FROM "users" WHERE "users"."USERNAME" = ?]
2025-04-23T17:47:46.504+02:00  WARN 7688 --- [           main] actStandardFragmentInsertionTagProcessor : [THYMELEAF][main][teacherPostForm] Deprecated unwrapped fragment expression "common :: footer" found in template teacherPostForm, line 41, col 6. Please use the complete syntax of fragment expressions instead ("~{common :: footer}"). The old, unwrapped syntax for fragment expressions will be removed in future versions of Thymeleaf.
2025-04-23T17:47:46.506+02:00 DEBUG 7688 --- [           main] w.c.HttpSessionSecurityContextRepository : Created HttpSession as SecurityContext is non-default
2025-04-23T17:47:46.506+02:00 DEBUG 7688 --- [           main] w.c.HttpSessionSecurityContextRepository : Stored SecurityContextImpl [Authentication=UsernamePasswordAuthenticationToken [Principal=org.springframework.security.core.userdetails.User [Username=t, Password=[PROTECTED], Enabled=true, AccountNonExpired=true, CredentialsNonExpired=true, AccountNonLocked=true, Granted Authorities=[ROLE_TEACHER]], Credentials=[PROTECTED], Authenticated=true, Details=null, Granted Authorities=[ROLE_TEACHER]]] to HttpSession [org.springframework.mock.web.MockHttpSession@e0eecbe]
2025-04-23T17:47:46.506+02:00 DEBUG 7688 --- [           main] o.s.security.web.FilterChainProxy        : Securing POST /teacher/posts/new
2025-04-23T17:47:46.506+02:00 DEBUG 7688 --- [           main] w.c.HttpSessionSecurityContextRepository : Retrieved SecurityContextImpl [Authentication=UsernamePasswordAuthenticationToken [Principal=org.springframework.security.core.userdetails.User [Username=t, Password=[PROTECTED], Enabled=true, AccountNonExpired=true, CredentialsNonExpired=true, AccountNonLocked=true, Granted Authorities=[ROLE_TEACHER]], Credentials=[PROTECTED], Authenticated=true, Details=null, Granted Authorities=[ROLE_TEACHER]]]
2025-04-23T17:47:46.506+02:00 DEBUG 7688 --- [           main] o.s.security.web.FilterChainProxy        : Secured POST /teacher/posts/new
2025-04-23T17:47:46.506+02:00 DEBUG 7688 --- [           main] o.s.jdbc.core.JdbcTemplate               : Executing prepared SQL query
2025-04-23T17:47:46.506+02:00 DEBUG 7688 --- [           main] o.s.jdbc.core.JdbcTemplate               : Executing prepared SQL statement [SELECT "users"."ID" AS "ID", "users"."ROLE" AS "ROLE", "users"."EMAIL" AS "EMAIL", "users"."LAST_NAME" AS "LAST_NAME", "users"."PASSWORD" AS "PASSWORD", "users"."USERNAME" AS "USERNAME", "users"."FIRST_NAME" AS "FIRST_NAME", "users"."STUDENT_CLASS" AS "STUDENT_CLASS" FROM "users" WHERE "users"."USERNAME" = ?]
2025-04-23T17:47:46.508+02:00 DEBUG 7688 --- [           main] o.s.jdbc.core.JdbcTemplate               : Executing SQL update and returning generated keys
2025-04-23T17:47:46.508+02:00 DEBUG 7688 --- [           main] o.s.jdbc.core.JdbcTemplate               : Executing prepared SQL statement [INSERT INTO "posts" ("ATTACHMENT", "ATTACHMENT_CONTENT_TYPE", "ATTACHMENT_FILENAME", "AUTHOR", "AVG_RATING", "CONTENT", "THUMBNAIL", "THUMBNAIL_CONTENT_TYPE", "THUMBNAIL_FILENAME", "TITLE", "VIEW_COUNT") VALUES (?, ?, ?, ?, ?, ?, ?, ?, ?, ?, ?)]
2025-04-23T17:47:46.510+02:00 DEBUG 7688 --- [           main] o.s.jdbc.core.JdbcTemplate               : Executing prepared SQL query
2025-04-23T17:47:46.510+02:00 DEBUG 7688 --- [           main] o.s.jdbc.core.JdbcTemplate               : Executing prepared SQL statement [SELECT "posts"."ID" AS "ID", "posts"."TITLE" AS "TITLE", "posts"."AUTHOR" AS "AUTHOR", "posts"."CONTENT" AS "CONTENT", "posts"."VIEW_COUNT" AS "VIEW_COUNT", "posts"."THUMBNAIL" AS "THUMBNAIL", "posts"."AVG_RATING" AS "AVG_RATING", "posts"."ATTACHMENT" AS "ATTACHMENT", "posts"."THUMBNAIL_FILENAME" AS "THUMBNAIL_FILENAME", "posts"."ATTACHMENT_FILENAME" AS "ATTACHMENT_FILENAME", "posts"."THUMBNAIL_CONTENT_TYPE" AS "THUMBNAIL_CONTENT_TYPE", "posts"."ATTACHMENT_CONTENT_TYPE" AS "ATTACHMENT_CONTENT_TYPE" FROM "posts" WHERE "posts"."AUTHOR" = ?]
2025-04-23T17:47:46.510+02:00 DEBUG 7688 --- [           main] w.c.HttpSessionSecurityContextRepository : Created HttpSession as SecurityContext is non-default
2025-04-23T17:47:46.510+02:00 DEBUG 7688 --- [           main] w.c.HttpSessionSecurityContextRepository : Stored SecurityContextImpl [Authentication=UsernamePasswordAuthenticationToken [Principal=org.springframework.security.core.userdetails.User [Username=t, Password=[PROTECTED], Enabled=true, AccountNonExpired=true, CredentialsNonExpired=true, AccountNonLocked=true, Granted Authorities=[ROLE_TEACHER]], Credentials=[PROTECTED], Authenticated=true, Details=null, Granted Authorities=[ROLE_TEACHER]]] to HttpSession [org.springframework.mock.web.MockHttpSession@71a7e67]
2025-04-23T17:47:46.511+02:00 DEBUG 7688 --- [           main] o.s.security.web.FilterChainProxy        : Securing GET /teacher/posts/1/edit
2025-04-23T17:47:46.511+02:00 DEBUG 7688 --- [           main] w.c.HttpSessionSecurityContextRepository : Retrieved SecurityContextImpl [Authentication=UsernamePasswordAuthenticationToken [Principal=org.springframework.security.core.userdetails.User [Username=t, Password=[PROTECTED], Enabled=true, AccountNonExpired=true, CredentialsNonExpired=true, AccountNonLocked=true, Granted Authorities=[ROLE_TEACHER]], Credentials=[PROTECTED], Authenticated=true, Details=null, Granted Authorities=[ROLE_TEACHER]]]
2025-04-23T17:47:46.511+02:00 DEBUG 7688 --- [           main] o.s.security.web.FilterChainProxy        : Secured GET /teacher/posts/1/edit
2025-04-23T17:47:46.512+02:00 DEBUG 7688 --- [           main] o.s.jdbc.core.JdbcTemplate               : Executing prepared SQL query
2025-04-23T17:47:46.512+02:00 DEBUG 7688 --- [           main] o.s.jdbc.core.JdbcTemplate               : Executing prepared SQL statement [SELECT "users"."ID" AS "ID", "users"."ROLE" AS "ROLE", "users"."EMAIL" AS "EMAIL", "users"."LAST_NAME" AS "LAST_NAME", "users"."PASSWORD" AS "PASSWORD", "users"."USERNAME" AS "USERNAME", "users"."FIRST_NAME" AS "FIRST_NAME", "users"."STUDENT_CLASS" AS "STUDENT_CLASS" FROM "users" WHERE "users"."USERNAME" = ?]
2025-04-23T17:47:46.514+02:00 DEBUG 7688 --- [           main] o.s.jdbc.core.JdbcTemplate               : Executing prepared SQL query
2025-04-23T17:47:46.514+02:00 DEBUG 7688 --- [           main] o.s.jdbc.core.JdbcTemplate               : Executing prepared SQL statement [SELECT "posts"."ID" AS "ID", "posts"."TITLE" AS "TITLE", "posts"."AUTHOR" AS "AUTHOR", "posts"."CONTENT" AS "CONTENT", "posts"."VIEW_COUNT" AS "VIEW_COUNT", "posts"."THUMBNAIL" AS "THUMBNAIL", "posts"."AVG_RATING" AS "AVG_RATING", "posts"."ATTACHMENT" AS "ATTACHMENT", "posts"."THUMBNAIL_FILENAME" AS "THUMBNAIL_FILENAME", "posts"."ATTACHMENT_FILENAME" AS "ATTACHMENT_FILENAME", "posts"."THUMBNAIL_CONTENT_TYPE" AS "THUMBNAIL_CONTENT_TYPE", "posts"."ATTACHMENT_CONTENT_TYPE" AS "ATTACHMENT_CONTENT_TYPE" FROM "posts" WHERE "posts"."ID" = ?]
2025-04-23T17:47:46.518+02:00  WARN 7688 --- [           main] actStandardFragmentInsertionTagProcessor : [THYMELEAF][main][teacherPostForm] Deprecated unwrapped fragment expression "common :: footer" found in template teacherPostForm, line 41, col 6. Please use the complete syntax of fragment expressions instead ("~{common :: footer}"). The old, unwrapped syntax for fragment expressions will be removed in future versions of Thymeleaf.
2025-04-23T17:47:46.519+02:00 DEBUG 7688 --- [           main] w.c.HttpSessionSecurityContextRepository : Created HttpSession as SecurityContext is non-default
2025-04-23T17:47:46.519+02:00 DEBUG 7688 --- [           main] w.c.HttpSessionSecurityContextRepository : Stored SecurityContextImpl [Authentication=UsernamePasswordAuthenticationToken [Principal=org.springframework.security.core.userdetails.User [Username=t, Password=[PROTECTED], Enabled=true, AccountNonExpired=true, CredentialsNonExpired=true, AccountNonLocked=true, Granted Authorities=[ROLE_TEACHER]], Credentials=[PROTECTED], Authenticated=true, Details=null, Granted Authorities=[ROLE_TEACHER]]] to HttpSession [org.springframework.mock.web.MockHttpSession@3e26080c]
2025-04-23T17:47:46.519+02:00 DEBUG 7688 --- [           main] o.s.security.web.FilterChainProxy        : Securing POST /teacher/posts/1/edit
2025-04-23T17:47:46.519+02:00 DEBUG 7688 --- [           main] w.c.HttpSessionSecurityContextRepository : Retrieved SecurityContextImpl [Authentication=UsernamePasswordAuthenticationToken [Principal=org.springframework.security.core.userdetails.User [Username=t, Password=[PROTECTED], Enabled=true, AccountNonExpired=true, CredentialsNonExpired=true, AccountNonLocked=true, Granted Authorities=[ROLE_TEACHER]], Credentials=[PROTECTED], Authenticated=true, Details=null, Granted Authorities=[ROLE_TEACHER]]]
2025-04-23T17:47:46.519+02:00 DEBUG 7688 --- [           main] o.s.security.web.FilterChainProxy        : Secured POST /teacher/posts/1/edit
2025-04-23T17:47:46.520+02:00 DEBUG 7688 --- [           main] o.s.jdbc.core.JdbcTemplate               : Executing prepared SQL query
2025-04-23T17:47:46.520+02:00 DEBUG 7688 --- [           main] o.s.jdbc.core.JdbcTemplate               : Executing prepared SQL statement [SELECT "users"."ID" AS "ID", "users"."ROLE" AS "ROLE", "users"."EMAIL" AS "EMAIL", "users"."LAST_NAME" AS "LAST_NAME", "users"."PASSWORD" AS "PASSWORD", "users"."USERNAME" AS "USERNAME", "users"."FIRST_NAME" AS "FIRST_NAME", "users"."STUDENT_CLASS" AS "STUDENT_CLASS" FROM "users" WHERE "users"."USERNAME" = ?]
2025-04-23T17:47:46.526+02:00 DEBUG 7688 --- [           main] o.s.jdbc.core.JdbcTemplate               : Executing prepared SQL update
2025-04-23T17:47:46.526+02:00 DEBUG 7688 --- [           main] o.s.jdbc.core.JdbcTemplate               : Executing prepared SQL statement [UPDATE "posts" SET "TITLE" = ?, "CONTENT" = ?, "ATTACHMENT" = ?, "ATTACHMENT_FILENAME" = ?, "ATTACHMENT_CONTENT_TYPE" = ?, "AUTHOR" = ?, "VIEW_COUNT" = ?, "THUMBNAIL" = ?, "THUMBNAIL_FILENAME" = ?, "THUMBNAIL_CONTENT_TYPE" = ?, "AVG_RATING" = ? WHERE "posts"."ID" = ?]
]]></system-out>
  </testcase>
  <testcase name="classDetailsAndStudentApproval" classname="com.example.demo.integration.TeacherIntegrationTests" time="0.045">
    <system-out><![CDATA[2025-04-23T17:47:46.530+02:00 DEBUG 7688 --- [           main] o.s.jdbc.datasource.init.ScriptUtils     : Executing SQL script from class path resource [test-schema.sql]
2025-04-23T17:47:46.531+02:00 DEBUG 7688 --- [           main] o.s.jdbc.datasource.init.ScriptUtils     : 0 returned as update count for SQL: DROP TABLE IF EXISTS "comment_likes"
2025-04-23T17:47:46.531+02:00 DEBUG 7688 --- [           main] o.s.jdbc.datasource.init.ScriptUtils     : 0 returned as update count for SQL: DROP TABLE IF EXISTS "comments"
2025-04-23T17:47:46.531+02:00 DEBUG 7688 --- [           main] o.s.jdbc.datasource.init.ScriptUtils     : 0 returned as update count for SQL: DROP TABLE IF EXISTS "posts"
2025-04-23T17:47:46.531+02:00 DEBUG 7688 --- [           main] o.s.jdbc.datasource.init.ScriptUtils     : 0 returned as update count for SQL: DROP TABLE IF EXISTS "app_statistics"
2025-04-23T17:47:46.531+02:00 DEBUG 7688 --- [           main] o.s.jdbc.datasource.init.ScriptUtils     : 0 returned as update count for SQL: DROP TABLE IF EXISTS "task_submissions"
2025-04-23T17:47:46.531+02:00 DEBUG 7688 --- [           main] o.s.jdbc.datasource.init.ScriptUtils     : 0 returned as update count for SQL: DROP TABLE IF EXISTS "lesson_ratings"
2025-04-23T17:47:46.531+02:00 DEBUG 7688 --- [           main] o.s.jdbc.datasource.init.ScriptUtils     : 0 returned as update count for SQL: DROP TABLE IF EXISTS "lesson_tasks"
2025-04-23T17:47:46.531+02:00 DEBUG 7688 --- [           main] o.s.jdbc.datasource.init.ScriptUtils     : 0 returned as update count for SQL: DROP TABLE IF EXISTS "lessons"
2025-04-23T17:47:46.531+02:00 DEBUG 7688 --- [           main] o.s.jdbc.datasource.init.ScriptUtils     : 0 returned as update count for SQL: DROP TABLE IF EXISTS "class_signups"
2025-04-23T17:47:46.531+02:00 DEBUG 7688 --- [           main] o.s.jdbc.datasource.init.ScriptUtils     : 0 returned as update count for SQL: DROP TABLE IF EXISTS "school_classes"
2025-04-23T17:47:46.531+02:00 DEBUG 7688 --- [           main] o.s.jdbc.datasource.init.ScriptUtils     : 0 returned as update count for SQL: DROP TABLE IF EXISTS "users"
2025-04-23T17:47:46.533+02:00 DEBUG 7688 --- [           main] o.s.jdbc.datasource.init.ScriptUtils     : 0 returned as update count for SQL: CREATE TABLE "users" ( id BIGINT PRIMARY KEY AUTO_INCREMENT, username VARCHAR(100) UNIQUE NOT NULL, password VARCHAR(255) NOT NULL, role VARCHAR(20), first_name VARCHAR(100), last_name VARCHAR(100), email VARCHAR(200), student_class BIGINT )
2025-04-23T17:47:46.533+02:00 DEBUG 7688 --- [           main] o.s.jdbc.datasource.init.ScriptUtils     : 0 returned as update count for SQL: CREATE TABLE "class_signups" ( id BIGINT PRIMARY KEY AUTO_INCREMENT, user_id BIGINT NOT NULL, status VARCHAR(50), created_date TIMESTAMP, school_class_id BIGINT )
2025-04-23T17:47:46.534+02:00 DEBUG 7688 --- [           main] o.s.jdbc.datasource.init.ScriptUtils     : 0 returned as update count for SQL: CREATE TABLE "school_classes" ( id BIGSERIAL PRIMARY KEY, name VARCHAR(255) NOT NULL, description TEXT, content TEXT, auto_approve BOOLEAN DEFAULT FALSE, teacher_id BIGINT NOT NULL, signup_deadline TIMESTAMP, CONSTRAINT fk_school_classes_teacher FOREIGN KEY (teacher_id) REFERENCES "users"(id) )
2025-04-23T17:47:46.534+02:00 DEBUG 7688 --- [           main] o.s.jdbc.datasource.init.ScriptUtils     : 0 returned as update count for SQL: CREATE TABLE "lessons" ( id BIGSERIAL PRIMARY KEY, school_class_id BIGINT NOT NULL, title VARCHAR(255) NOT NULL, description TEXT, content TEXT NOT NULL, attachment BYTEA, attachment_filename VARCHAR(255), attachment_content_type VARCHAR(100), solution_required BOOLEAN, solution_due_date TIMESTAMP, CONSTRAINT fk_lessons_school_class FOREIGN KEY (school_class_id) REFERENCES "school_classes"(id) )
2025-04-23T17:47:46.534+02:00 DEBUG 7688 --- [           main] o.s.jdbc.datasource.init.ScriptUtils     : 0 returned as update count for SQL: CREATE TABLE "lesson_tasks" ( id BIGSERIAL PRIMARY KEY, lesson_id BIGINT NOT NULL CONSTRAINT fk_lesson_tasks_lesson REFERENCES "lessons"(id) ON DELETE CASCADE, title VARCHAR(255) NOT NULL, description TEXT, due_date TIMESTAMP, solution_required BOOLEAN NOT NULL DEFAULT FALSE )
2025-04-23T17:47:46.534+02:00 DEBUG 7688 --- [           main] o.s.jdbc.datasource.init.ScriptUtils     : 0 returned as update count for SQL: CREATE TABLE "task_submissions" ( id SERIAL PRIMARY KEY, lesson_task_id BIGINT NOT NULL, user_id BIGINT NOT NULL, solution_text TEXT, solution_file BYTEA, solution_filename VARCHAR(255), solution_content_type VARCHAR(255), submitted_date TIMESTAMP WITHOUT TIME ZONE, grade NUMERIC, teacher_comments TEXT )
2025-04-23T17:47:46.534+02:00 DEBUG 7688 --- [           main] o.s.jdbc.datasource.init.ScriptUtils     : 0 returned as update count for SQL: CREATE TABLE "app_statistics" ( id BIGINT PRIMARY KEY AUTO_INCREMENT, stat_name VARCHAR(100), stat_value BIGINT, timestamp TIMESTAMP )
2025-04-23T17:47:46.535+02:00 DEBUG 7688 --- [           main] o.s.jdbc.datasource.init.ScriptUtils     : 0 returned as update count for SQL: CREATE TABLE "posts" ( id BIGINT PRIMARY KEY AUTO_INCREMENT, title VARCHAR(255), author VARCHAR(255), content TEXT, view_count INT DEFAULT 0, thumbnail BLOB, avg_rating FLOAT, attachment BLOB, thumbnail_filename VARCHAR(255), attachment_filename VARCHAR(255), thumbnail_content_type VARCHAR(255), attachment_content_type VARCHAR(255) )
2025-04-23T17:47:46.535+02:00 DEBUG 7688 --- [           main] o.s.jdbc.datasource.init.ScriptUtils     : 0 returned as update count for SQL: CREATE TABLE IF NOT EXISTS "school_classes" ( id BIGINT PRIMARY KEY AUTO_INCREMENT, name VARCHAR(100), description VARCHAR(500), content TEXT, auto_approve BOOLEAN, teacher_id BIGINT, signup_deadline TIMESTAMP )
2025-04-23T17:47:46.536+02:00 DEBUG 7688 --- [           main] o.s.jdbc.datasource.init.ScriptUtils     : 0 returned as update count for SQL: CREATE TABLE IF NOT EXISTS "comments" ( id BIGINT PRIMARY KEY AUTO_INCREMENT, post_id BIGINT NOT NULL, username VARCHAR(100) NOT NULL, text TEXT NOT NULL, likes INT DEFAULT 0, created_date TIMESTAMP )
2025-04-23T17:47:46.536+02:00 DEBUG 7688 --- [           main] o.s.jdbc.datasource.init.ScriptUtils     : 0 returned as update count for SQL: CREATE TABLE IF NOT EXISTS "comment_likes" ( id BIGINT PRIMARY KEY AUTO_INCREMENT, comment_id BIGINT NOT NULL, username VARCHAR(100) NOT NULL )
2025-04-23T17:47:46.536+02:00 DEBUG 7688 --- [           main] o.s.jdbc.datasource.init.ScriptUtils     : 0 returned as update count for SQL: CREATE TABLE "lesson_ratings" ( id SERIAL PRIMARY KEY, lesson_id BIGINT NOT NULL, user_id BIGINT NOT NULL, rating INTEGER NOT NULL CHECK (rating BETWEEN 1 AND 5), created_date TIMESTAMP NOT NULL, CONSTRAINT fk_lesson FOREIGN KEY (lesson_id) REFERENCES "lessons"(id) )
2025-04-23T17:47:46.536+02:00 DEBUG 7688 --- [           main] o.s.jdbc.datasource.init.ScriptUtils     : Executed SQL script from class path resource [test-schema.sql] in 6 ms.
2025-04-23T17:47:46.537+02:00 DEBUG 7688 --- [           main] o.s.jdbc.core.JdbcTemplate               : Executing SQL update [DELETE FROM "task_submissions"]
2025-04-23T17:47:46.537+02:00 DEBUG 7688 --- [           main] o.s.jdbc.core.JdbcTemplate               : Executing SQL update [DELETE FROM "lesson_tasks"]
2025-04-23T17:47:46.537+02:00 DEBUG 7688 --- [           main] o.s.jdbc.core.JdbcTemplate               : Executing SQL update [DELETE FROM "lessons"]
2025-04-23T17:47:46.538+02:00 DEBUG 7688 --- [           main] o.s.jdbc.core.JdbcTemplate               : Executing SQL update [DELETE FROM "class_signups"]
2025-04-23T17:47:46.538+02:00 DEBUG 7688 --- [           main] o.s.jdbc.core.JdbcTemplate               : Executing SQL update [DELETE FROM "posts"]
2025-04-23T17:47:46.538+02:00 DEBUG 7688 --- [           main] o.s.jdbc.core.JdbcTemplate               : Executing SQL update [DELETE FROM "users"]
2025-04-23T17:47:46.538+02:00 DEBUG 7688 --- [           main] o.s.jdbc.core.JdbcTemplate               : Executing SQL update [DELETE FROM "school_classes"]
2025-04-23T17:47:46.538+02:00 DEBUG 7688 --- [           main] o.s.jdbc.core.JdbcTemplate               : Executing SQL update and returning generated keys
2025-04-23T17:47:46.538+02:00 DEBUG 7688 --- [           main] o.s.jdbc.core.JdbcTemplate               : Executing prepared SQL statement [INSERT INTO "users" ("EMAIL", "FIRST_NAME", "LAST_NAME", "PASSWORD", "ROLE", "STUDENT_CLASS", "USERNAME") VALUES (?, ?, ?, ?, ?, ?, ?)]
2025-04-23T17:47:46.539+02:00 DEBUG 7688 --- [           main] o.s.jdbc.core.JdbcTemplate               : Executing SQL update and returning generated keys
2025-04-23T17:47:46.539+02:00 DEBUG 7688 --- [           main] o.s.jdbc.core.JdbcTemplate               : Executing prepared SQL statement [INSERT INTO "users" ("EMAIL", "FIRST_NAME", "LAST_NAME", "PASSWORD", "ROLE", "STUDENT_CLASS", "USERNAME") VALUES (?, ?, ?, ?, ?, ?, ?)]
2025-04-23T17:47:46.542+02:00 DEBUG 7688 --- [           main] o.s.jdbc.core.JdbcTemplate               : Executing SQL update and returning generated keys
2025-04-23T17:47:46.542+02:00 DEBUG 7688 --- [           main] o.s.jdbc.core.JdbcTemplate               : Executing prepared SQL statement [INSERT INTO "school_classes" ("AUTO_APPROVE", "CONTENT", "DESCRIPTION", "NAME", "SIGNUP_DEADLINE", "TEACHER_ID") VALUES (?, ?, ?, ?, ?, ?)]
2025-04-23T17:47:46.543+02:00 DEBUG 7688 --- [           main] o.s.jdbc.core.JdbcTemplate               : Executing SQL update and returning generated keys
2025-04-23T17:47:46.543+02:00 DEBUG 7688 --- [           main] o.s.jdbc.core.JdbcTemplate               : Executing prepared SQL statement [INSERT INTO "school_classes" ("AUTO_APPROVE", "CONTENT", "DESCRIPTION", "NAME", "SIGNUP_DEADLINE", "TEACHER_ID") VALUES (?, ?, ?, ?, ?, ?)]
2025-04-23T17:47:46.544+02:00 DEBUG 7688 --- [           main] o.s.jdbc.core.JdbcTemplate               : Executing SQL update and returning generated keys
2025-04-23T17:47:46.544+02:00 DEBUG 7688 --- [           main] o.s.jdbc.core.JdbcTemplate               : Executing prepared SQL statement [INSERT INTO "lessons" ("ATTACHMENT", "ATTACHMENT_CONTENT_TYPE", "ATTACHMENT_FILENAME", "CONTENT", "DESCRIPTION", "SCHOOL_CLASS_ID", "SOLUTION_DUE_DATE", "SOLUTION_REQUIRED", "TITLE") VALUES (?, ?, ?, ?, ?, ?, ?, ?, ?)]
2025-04-23T17:47:46.544+02:00 DEBUG 7688 --- [           main] o.s.jdbc.core.JdbcTemplate               : Executing SQL update and returning generated keys
2025-04-23T17:47:46.544+02:00 DEBUG 7688 --- [           main] o.s.jdbc.core.JdbcTemplate               : Executing prepared SQL statement [INSERT INTO "lesson_tasks" ("DESCRIPTION", "DUE_DATE", "LESSON_ID", "SOLUTION_REQUIRED", "TITLE") VALUES (?, ?, ?, ?, ?)]
2025-04-23T17:47:46.545+02:00 DEBUG 7688 --- [           main] o.s.jdbc.core.JdbcTemplate               : Executing SQL update and returning generated keys
2025-04-23T17:47:46.545+02:00 DEBUG 7688 --- [           main] o.s.jdbc.core.JdbcTemplate               : Executing prepared SQL statement [INSERT INTO "task_submissions" ("GRADE", "LESSON_TASK_ID", "SOLUTION_CONTENT_TYPE", "SOLUTION_FILE", "SOLUTION_FILENAME", "SOLUTION_TEXT", "SUBMITTED_DATE", "TEACHER_COMMENTS", "USER_ID") VALUES (?, ?, ?, ?, ?, ?, ?, ?, ?)]
2025-04-23T17:47:46.546+02:00 DEBUG 7688 --- [           main] o.s.jdbc.core.JdbcTemplate               : Executing SQL update and returning generated keys
2025-04-23T17:47:46.546+02:00 DEBUG 7688 --- [           main] o.s.jdbc.core.JdbcTemplate               : Executing prepared SQL statement [INSERT INTO "posts" ("ATTACHMENT", "ATTACHMENT_CONTENT_TYPE", "ATTACHMENT_FILENAME", "AUTHOR", "AVG_RATING", "CONTENT", "THUMBNAIL", "THUMBNAIL_CONTENT_TYPE", "THUMBNAIL_FILENAME", "TITLE", "VIEW_COUNT") VALUES (?, ?, ?, ?, ?, ?, ?, ?, ?, ?, ?)]
2025-04-23T17:47:46.547+02:00 DEBUG 7688 --- [           main] w.c.HttpSessionSecurityContextRepository : Created HttpSession as SecurityContext is non-default
2025-04-23T17:47:46.547+02:00 DEBUG 7688 --- [           main] w.c.HttpSessionSecurityContextRepository : Stored SecurityContextImpl [Authentication=UsernamePasswordAuthenticationToken [Principal=org.springframework.security.core.userdetails.User [Username=t, Password=[PROTECTED], Enabled=true, AccountNonExpired=true, CredentialsNonExpired=true, AccountNonLocked=true, Granted Authorities=[ROLE_TEACHER]], Credentials=[PROTECTED], Authenticated=true, Details=null, Granted Authorities=[ROLE_TEACHER]]] to HttpSession [org.springframework.mock.web.MockHttpSession@3b89f41a]
2025-04-23T17:47:46.547+02:00 DEBUG 7688 --- [           main] o.s.security.web.FilterChainProxy        : Securing GET /teacher/classes/2/students
2025-04-23T17:47:46.547+02:00 DEBUG 7688 --- [           main] w.c.HttpSessionSecurityContextRepository : Retrieved SecurityContextImpl [Authentication=UsernamePasswordAuthenticationToken [Principal=org.springframework.security.core.userdetails.User [Username=t, Password=[PROTECTED], Enabled=true, AccountNonExpired=true, CredentialsNonExpired=true, AccountNonLocked=true, Granted Authorities=[ROLE_TEACHER]], Credentials=[PROTECTED], Authenticated=true, Details=null, Granted Authorities=[ROLE_TEACHER]]]
2025-04-23T17:47:46.547+02:00 DEBUG 7688 --- [           main] o.s.security.web.FilterChainProxy        : Secured GET /teacher/classes/2/students
2025-04-23T17:47:46.548+02:00 DEBUG 7688 --- [           main] o.s.jdbc.core.JdbcTemplate               : Executing prepared SQL query
2025-04-23T17:47:46.548+02:00 DEBUG 7688 --- [           main] o.s.jdbc.core.JdbcTemplate               : Executing prepared SQL statement [SELECT "users"."ID" AS "ID", "users"."ROLE" AS "ROLE", "users"."EMAIL" AS "EMAIL", "users"."LAST_NAME" AS "LAST_NAME", "users"."PASSWORD" AS "PASSWORD", "users"."USERNAME" AS "USERNAME", "users"."FIRST_NAME" AS "FIRST_NAME", "users"."STUDENT_CLASS" AS "STUDENT_CLASS" FROM "users" WHERE "users"."USERNAME" = ?]
2025-04-23T17:47:46.549+02:00 DEBUG 7688 --- [           main] o.s.jdbc.core.JdbcTemplate               : Executing prepared SQL query
2025-04-23T17:47:46.549+02:00 DEBUG 7688 --- [           main] o.s.jdbc.core.JdbcTemplate               : Executing prepared SQL statement [SELECT "school_classes"."ID" AS "ID", "school_classes"."NAME" AS "NAME", "school_classes"."CONTENT" AS "CONTENT", "school_classes"."TEACHER_ID" AS "TEACHER_ID", "school_classes"."AUTO_APPROVE" AS "AUTO_APPROVE", "school_classes"."DESCRIPTION" AS "DESCRIPTION", "school_classes"."SIGNUP_DEADLINE" AS "SIGNUP_DEADLINE" FROM "school_classes" WHERE "school_classes"."ID" = ?]
2025-04-23T17:47:46.550+02:00 DEBUG 7688 --- [           main] o.s.jdbc.core.JdbcTemplate               : Executing prepared SQL query
2025-04-23T17:47:46.550+02:00 DEBUG 7688 --- [           main] o.s.jdbc.core.JdbcTemplate               : Executing prepared SQL statement [SELECT "users"."ID" AS "ID", "users"."ROLE" AS "ROLE", "users"."EMAIL" AS "EMAIL", "users"."LAST_NAME" AS "LAST_NAME", "users"."PASSWORD" AS "PASSWORD", "users"."USERNAME" AS "USERNAME", "users"."FIRST_NAME" AS "FIRST_NAME", "users"."STUDENT_CLASS" AS "STUDENT_CLASS" FROM "users" WHERE "users"."USERNAME" = ?]
2025-04-23T17:47:46.551+02:00 DEBUG 7688 --- [           main] o.s.jdbc.core.JdbcTemplate               : Executing prepared SQL query
2025-04-23T17:47:46.551+02:00 DEBUG 7688 --- [           main] o.s.jdbc.core.JdbcTemplate               : Executing prepared SQL statement [SELECT "class_signups"."ID" AS "ID", "class_signups"."USER_ID" AS "USER_ID", "class_signups"."STATUS" AS "STATUS", "class_signups"."CREATED_DATE" AS "CREATED_DATE", "class_signups"."SCHOOL_CLASS_ID" AS "SCHOOL_CLASS_ID" FROM "class_signups" WHERE "class_signups"."SCHOOL_CLASS_ID" = ?]
2025-04-23T17:47:46.551+02:00 DEBUG 7688 --- [           main] o.s.jdbc.core.JdbcTemplate               : Executing prepared SQL query
2025-04-23T17:47:46.551+02:00 DEBUG 7688 --- [           main] o.s.jdbc.core.JdbcTemplate               : Executing prepared SQL statement [SELECT "lessons"."ID" AS "ID", "lessons"."TITLE" AS "TITLE", "lessons"."CONTENT" AS "CONTENT", "lessons"."ATTACHMENT" AS "ATTACHMENT", "lessons"."DESCRIPTION" AS "DESCRIPTION", "lessons"."SCHOOL_CLASS_ID" AS "SCHOOL_CLASS_ID", "lessons"."SOLUTION_DUE_DATE" AS "SOLUTION_DUE_DATE", "lessons"."SOLUTION_REQUIRED" AS "SOLUTION_REQUIRED", "lessons"."ATTACHMENT_FILENAME" AS "ATTACHMENT_FILENAME", "lessons"."ATTACHMENT_CONTENT_TYPE" AS "ATTACHMENT_CONTENT_TYPE" FROM "lessons" WHERE "lessons"."SCHOOL_CLASS_ID" = ?]
2025-04-23T17:47:46.557+02:00  WARN 7688 --- [           main] actStandardFragmentInsertionTagProcessor : [THYMELEAF][main][teacherClassStudents] Deprecated unwrapped fragment expression "common :: footer" found in template teacherClassStudents, line 53, col 6. Please use the complete syntax of fragment expressions instead ("~{common :: footer}"). The old, unwrapped syntax for fragment expressions will be removed in future versions of Thymeleaf.
2025-04-23T17:47:46.559+02:00 DEBUG 7688 --- [           main] o.s.jdbc.core.JdbcTemplate               : Executing SQL update and returning generated keys
2025-04-23T17:47:46.559+02:00 DEBUG 7688 --- [           main] o.s.jdbc.core.JdbcTemplate               : Executing prepared SQL statement [INSERT INTO "class_signups" ("CREATED_DATE", "SCHOOL_CLASS_ID", "STATUS", "USER_ID") VALUES (?, ?, ?, ?)]
2025-04-23T17:47:46.560+02:00 DEBUG 7688 --- [           main] w.c.HttpSessionSecurityContextRepository : Created HttpSession as SecurityContext is non-default
2025-04-23T17:47:46.560+02:00 DEBUG 7688 --- [           main] w.c.HttpSessionSecurityContextRepository : Stored SecurityContextImpl [Authentication=UsernamePasswordAuthenticationToken [Principal=org.springframework.security.core.userdetails.User [Username=t, Password=[PROTECTED], Enabled=true, AccountNonExpired=true, CredentialsNonExpired=true, AccountNonLocked=true, Granted Authorities=[ROLE_TEACHER]], Credentials=[PROTECTED], Authenticated=true, Details=null, Granted Authorities=[ROLE_TEACHER]]] to HttpSession [org.springframework.mock.web.MockHttpSession@3cac962e]
2025-04-23T17:47:46.561+02:00 DEBUG 7688 --- [           main] o.s.security.web.FilterChainProxy        : Securing POST /teacher/classes/2/students/1/approve
2025-04-23T17:47:46.561+02:00 DEBUG 7688 --- [           main] w.c.HttpSessionSecurityContextRepository : Retrieved SecurityContextImpl [Authentication=UsernamePasswordAuthenticationToken [Principal=org.springframework.security.core.userdetails.User [Username=t, Password=[PROTECTED], Enabled=true, AccountNonExpired=true, CredentialsNonExpired=true, AccountNonLocked=true, Granted Authorities=[ROLE_TEACHER]], Credentials=[PROTECTED], Authenticated=true, Details=null, Granted Authorities=[ROLE_TEACHER]]]
2025-04-23T17:47:46.561+02:00 DEBUG 7688 --- [           main] o.s.security.web.FilterChainProxy        : Secured POST /teacher/classes/2/students/1/approve
2025-04-23T17:47:46.563+02:00 DEBUG 7688 --- [           main] o.s.jdbc.core.JdbcTemplate               : Executing prepared SQL query
2025-04-23T17:47:46.563+02:00 DEBUG 7688 --- [           main] o.s.jdbc.core.JdbcTemplate               : Executing prepared SQL statement [SELECT "users"."ID" AS "ID", "users"."ROLE" AS "ROLE", "users"."EMAIL" AS "EMAIL", "users"."LAST_NAME" AS "LAST_NAME", "users"."PASSWORD" AS "PASSWORD", "users"."USERNAME" AS "USERNAME", "users"."FIRST_NAME" AS "FIRST_NAME", "users"."STUDENT_CLASS" AS "STUDENT_CLASS" FROM "users" WHERE "users"."USERNAME" = ?]
2025-04-23T17:47:46.565+02:00 DEBUG 7688 --- [           main] o.s.jdbc.core.JdbcTemplate               : Executing prepared SQL query
2025-04-23T17:47:46.565+02:00 DEBUG 7688 --- [           main] o.s.jdbc.core.JdbcTemplate               : Executing prepared SQL statement [SELECT "class_signups"."ID" AS "ID", "class_signups"."USER_ID" AS "USER_ID", "class_signups"."STATUS" AS "STATUS", "class_signups"."CREATED_DATE" AS "CREATED_DATE", "class_signups"."SCHOOL_CLASS_ID" AS "SCHOOL_CLASS_ID" FROM "class_signups" WHERE "class_signups"."ID" = ?]
2025-04-23T17:47:46.567+02:00 DEBUG 7688 --- [           main] o.s.jdbc.core.JdbcTemplate               : Executing prepared SQL update
2025-04-23T17:47:46.567+02:00 DEBUG 7688 --- [           main] o.s.jdbc.core.JdbcTemplate               : Executing prepared SQL statement [DELETE FROM "class_signups" WHERE "class_signups"."ID" = ?]
2025-04-23T17:47:46.569+02:00 DEBUG 7688 --- [           main] w.c.HttpSessionSecurityContextRepository : Created HttpSession as SecurityContext is non-default
2025-04-23T17:47:46.569+02:00 DEBUG 7688 --- [           main] w.c.HttpSessionSecurityContextRepository : Stored SecurityContextImpl [Authentication=UsernamePasswordAuthenticationToken [Principal=org.springframework.security.core.userdetails.User [Username=t, Password=[PROTECTED], Enabled=true, AccountNonExpired=true, CredentialsNonExpired=true, AccountNonLocked=true, Granted Authorities=[ROLE_TEACHER]], Credentials=[PROTECTED], Authenticated=true, Details=null, Granted Authorities=[ROLE_TEACHER]]] to HttpSession [org.springframework.mock.web.MockHttpSession@44556fbd]
2025-04-23T17:47:46.570+02:00 DEBUG 7688 --- [           main] o.s.security.web.FilterChainProxy        : Securing POST /teacher/classes/2/students/1/reject
2025-04-23T17:47:46.570+02:00 DEBUG 7688 --- [           main] w.c.HttpSessionSecurityContextRepository : Retrieved SecurityContextImpl [Authentication=UsernamePasswordAuthenticationToken [Principal=org.springframework.security.core.userdetails.User [Username=t, Password=[PROTECTED], Enabled=true, AccountNonExpired=true, CredentialsNonExpired=true, AccountNonLocked=true, Granted Authorities=[ROLE_TEACHER]], Credentials=[PROTECTED], Authenticated=true, Details=null, Granted Authorities=[ROLE_TEACHER]]]
2025-04-23T17:47:46.570+02:00 DEBUG 7688 --- [           main] o.s.security.web.FilterChainProxy        : Secured POST /teacher/classes/2/students/1/reject
2025-04-23T17:47:46.570+02:00 DEBUG 7688 --- [           main] o.s.jdbc.core.JdbcTemplate               : Executing prepared SQL query
2025-04-23T17:47:46.570+02:00 DEBUG 7688 --- [           main] o.s.jdbc.core.JdbcTemplate               : Executing prepared SQL statement [SELECT "users"."ID" AS "ID", "users"."ROLE" AS "ROLE", "users"."EMAIL" AS "EMAIL", "users"."LAST_NAME" AS "LAST_NAME", "users"."PASSWORD" AS "PASSWORD", "users"."USERNAME" AS "USERNAME", "users"."FIRST_NAME" AS "FIRST_NAME", "users"."STUDENT_CLASS" AS "STUDENT_CLASS" FROM "users" WHERE "users"."USERNAME" = ?]
2025-04-23T17:47:46.572+02:00 DEBUG 7688 --- [           main] o.s.jdbc.core.JdbcTemplate               : Executing prepared SQL query
2025-04-23T17:47:46.572+02:00 DEBUG 7688 --- [           main] o.s.jdbc.core.JdbcTemplate               : Executing prepared SQL statement [SELECT "class_signups"."ID" AS "ID", "class_signups"."USER_ID" AS "USER_ID", "class_signups"."STATUS" AS "STATUS", "class_signups"."CREATED_DATE" AS "CREATED_DATE", "class_signups"."SCHOOL_CLASS_ID" AS "SCHOOL_CLASS_ID" FROM "class_signups" WHERE "class_signups"."ID" = ?]
]]></system-out>
  </testcase>
</testsuite>