<?xml version="1.0" encoding="UTF-8"?>
<testsuite xmlns:xsi="http://www.w3.org/2001/XMLSchema-instance" xsi:noNamespaceSchemaLocation="https://maven.apache.org/surefire/maven-surefire-plugin/xsd/surefire-test-report.xsd" version="3.0.2" name="com.example.demo.integration.AuthControllerIntegrationTest" time="0.663" tests="4" errors="0" skipped="0" failures="0">
  <properties>
    <property name="java.specification.version" value="23"/>
    <property name="sun.cpu.isalist" value="amd64"/>
    <property name="sun.jnu.encoding" value="Cp1250"/>
    <property name="java.class.path" value="C:\Users\jakub\OneDrive\Pulpit\bachleor\Bachleor\demo\target\test-classes;C:\Users\jakub\OneDrive\Pulpit\bachleor\Bachleor\demo\target\classes;C:\Users\jakub\.m2\repository\org\springframework\boot\spring-boot-starter-web\3.4.1\spring-boot-starter-web-3.4.1.jar;C:\Users\jakub\.m2\repository\org\springframework\boot\spring-boot-starter\3.4.1\spring-boot-starter-3.4.1.jar;C:\Users\jakub\.m2\repository\org\springframework\boot\spring-boot\3.4.1\spring-boot-3.4.1.jar;C:\Users\jakub\.m2\repository\org\springframework\boot\spring-boot-autoconfigure\3.4.1\spring-boot-autoconfigure-3.4.1.jar;C:\Users\jakub\.m2\repository\org\springframework\boot\spring-boot-starter-logging\3.4.1\spring-boot-starter-logging-3.4.1.jar;C:\Users\jakub\.m2\repository\ch\qos\logback\logback-classic\1.5.12\logback-classic-1.5.12.jar;C:\Users\jakub\.m2\repository\ch\qos\logback\logback-core\1.5.12\logback-core-1.5.12.jar;C:\Users\jakub\.m2\repository\org\apache\logging\log4j\log4j-to-slf4j\2.24.3\log4j-to-slf4j-2.24.3.jar;C:\Users\jakub\.m2\repository\org\apache\logging\log4j\log4j-api\2.24.3\log4j-api-2.24.3.jar;C:\Users\jakub\.m2\repository\org\slf4j\jul-to-slf4j\2.0.16\jul-to-slf4j-2.0.16.jar;C:\Users\jakub\.m2\repository\jakarta\annotation\jakarta.annotation-api\2.1.1\jakarta.annotation-api-2.1.1.jar;C:\Users\jakub\.m2\repository\org\yaml\snakeyaml\2.3\snakeyaml-2.3.jar;C:\Users\jakub\.m2\repository\org\springframework\boot\spring-boot-starter-json\3.4.1\spring-boot-starter-json-3.4.1.jar;C:\Users\jakub\.m2\repository\com\fasterxml\jackson\core\jackson-databind\2.18.2\jackson-databind-2.18.2.jar;C:\Users\jakub\.m2\repository\com\fasterxml\jackson\core\jackson-annotations\2.18.2\jackson-annotations-2.18.2.jar;C:\Users\jakub\.m2\repository\com\fasterxml\jackson\core\jackson-core\2.18.2\jackson-core-2.18.2.jar;C:\Users\jakub\.m2\repository\com\fasterxml\jackson\datatype\jackson-datatype-jdk8\2.18.2\jackson-datatype-jdk8-2.18.2.jar;C:\Users\jakub\.m2\repository\com\fasterxml\jackson\datatype\jackson-datatype-jsr310\2.18.2\jackson-datatype-jsr310-2.18.2.jar;C:\Users\jakub\.m2\repository\com\fasterxml\jackson\module\jackson-module-parameter-names\2.18.2\jackson-module-parameter-names-2.18.2.jar;C:\Users\jakub\.m2\repository\org\springframework\boot\spring-boot-starter-tomcat\3.4.1\spring-boot-starter-tomcat-3.4.1.jar;C:\Users\jakub\.m2\repository\org\apache\tomcat\embed\tomcat-embed-core\10.1.34\tomcat-embed-core-10.1.34.jar;C:\Users\jakub\.m2\repository\org\apache\tomcat\embed\tomcat-embed-websocket\10.1.34\tomcat-embed-websocket-10.1.34.jar;C:\Users\jakub\.m2\repository\org\springframework\spring-web\6.2.1\spring-web-6.2.1.jar;C:\Users\jakub\.m2\repository\io\micrometer\micrometer-observation\1.14.2\micrometer-observation-1.14.2.jar;C:\Users\jakub\.m2\repository\io\micrometer\micrometer-commons\1.14.2\micrometer-commons-1.14.2.jar;C:\Users\jakub\.m2\repository\org\springframework\spring-webmvc\6.2.1\spring-webmvc-6.2.1.jar;C:\Users\jakub\.m2\repository\org\springframework\spring-expression\6.2.1\spring-expression-6.2.1.jar;C:\Users\jakub\.m2\repository\org\springframework\boot\spring-boot-starter-thymeleaf\3.4.1\spring-boot-starter-thymeleaf-3.4.1.jar;C:\Users\jakub\.m2\repository\org\thymeleaf\thymeleaf-spring6\3.1.3.RELEASE\thymeleaf-spring6-3.1.3.RELEASE.jar;C:\Users\jakub\.m2\repository\org\springframework\boot\spring-boot-starter-data-jdbc\3.4.1\spring-boot-starter-data-jdbc-3.4.1.jar;C:\Users\jakub\.m2\repository\org\springframework\boot\spring-boot-starter-jdbc\3.4.1\spring-boot-starter-jdbc-3.4.1.jar;C:\Users\jakub\.m2\repository\com\zaxxer\HikariCP\5.1.0\HikariCP-5.1.0.jar;C:\Users\jakub\.m2\repository\org\springframework\data\spring-data-jdbc\3.4.1\spring-data-jdbc-3.4.1.jar;C:\Users\jakub\.m2\repository\org\springframework\data\spring-data-relational\3.4.1\spring-data-relational-3.4.1.jar;C:\Users\jakub\.m2\repository\org\springframework\data\spring-data-commons\3.4.1\spring-data-commons-3.4.1.jar;C:\Users\jakub\.m2\repository\org\springframework\spring-tx\6.2.1\spring-tx-6.2.1.jar;C:\Users\jakub\.m2\repository\org\springframework\spring-beans\6.2.1\spring-beans-6.2.1.jar;C:\Users\jakub\.m2\repository\org\springframework\spring-core\6.2.1\spring-core-6.2.1.jar;C:\Users\jakub\.m2\repository\org\springframework\spring-jcl\6.2.1\spring-jcl-6.2.1.jar;C:\Users\jakub\.m2\repository\org\springframework\boot\spring-boot-starter-security\3.4.1\spring-boot-starter-security-3.4.1.jar;C:\Users\jakub\.m2\repository\org\springframework\spring-aop\6.2.1\spring-aop-6.2.1.jar;C:\Users\jakub\.m2\repository\org\springframework\security\spring-security-config\6.4.2\spring-security-config-6.4.2.jar;C:\Users\jakub\.m2\repository\org\springframework\security\spring-security-web\6.4.2\spring-security-web-6.4.2.jar;C:\Users\jakub\.m2\repository\org\thymeleaf\extras\thymeleaf-extras-java8time\3.0.4.RELEASE\thymeleaf-extras-java8time-3.0.4.RELEASE.jar;C:\Users\jakub\.m2\repository\org\thymeleaf\thymeleaf\3.1.3.RELEASE\thymeleaf-3.1.3.RELEASE.jar;C:\Users\jakub\.m2\repository\ognl\ognl\3.3.4\ognl-3.3.4.jar;C:\Users\jakub\.m2\repository\org\javassist\javassist\3.29.0-GA\javassist-3.29.0-GA.jar;C:\Users\jakub\.m2\repository\org\attoparser\attoparser\2.0.7.RELEASE\attoparser-2.0.7.RELEASE.jar;C:\Users\jakub\.m2\repository\org\unbescape\unbescape\1.1.6.RELEASE\unbescape-1.1.6.RELEASE.jar;C:\Users\jakub\.m2\repository\org\slf4j\slf4j-api\2.0.16\slf4j-api-2.0.16.jar;C:\Users\jakub\.m2\repository\org\postgresql\postgresql\42.7.4\postgresql-42.7.4.jar;C:\Users\jakub\.m2\repository\org\checkerframework\checker-qual\3.42.0\checker-qual-3.42.0.jar;C:\Users\jakub\.m2\repository\org\springframework\boot\spring-boot-starter-validation\3.4.1\spring-boot-starter-validation-3.4.1.jar;C:\Users\jakub\.m2\repository\org\apache\tomcat\embed\tomcat-embed-el\10.1.34\tomcat-embed-el-10.1.34.jar;C:\Users\jakub\.m2\repository\org\hibernate\validator\hibernate-validator\8.0.2.Final\hibernate-validator-8.0.2.Final.jar;C:\Users\jakub\.m2\repository\jakarta\validation\jakarta.validation-api\3.0.2\jakarta.validation-api-3.0.2.jar;C:\Users\jakub\.m2\repository\org\jboss\logging\jboss-logging\3.6.1.Final\jboss-logging-3.6.1.Final.jar;C:\Users\jakub\.m2\repository\com\fasterxml\classmate\1.7.0\classmate-1.7.0.jar;C:\Users\jakub\.m2\repository\com\h2database\h2\2.3.232\h2-2.3.232.jar;C:\Users\jakub\.m2\repository\org\springframework\session\spring-session-jdbc\3.4.1\spring-session-jdbc-3.4.1.jar;C:\Users\jakub\.m2\repository\org\springframework\session\spring-session-core\3.4.1\spring-session-core-3.4.1.jar;C:\Users\jakub\.m2\repository\org\springframework\spring-context\6.2.1\spring-context-6.2.1.jar;C:\Users\jakub\.m2\repository\org\springframework\spring-jdbc\6.2.1\spring-jdbc-6.2.1.jar;C:\Users\jakub\.m2\repository\org\springframework\boot\spring-boot-starter-test\3.4.1\spring-boot-starter-test-3.4.1.jar;C:\Users\jakub\.m2\repository\org\springframework\boot\spring-boot-test\3.4.1\spring-boot-test-3.4.1.jar;C:\Users\jakub\.m2\repository\org\springframework\boot\spring-boot-test-autoconfigure\3.4.1\spring-boot-test-autoconfigure-3.4.1.jar;C:\Users\jakub\.m2\repository\com\jayway\jsonpath\json-path\2.9.0\json-path-2.9.0.jar;C:\Users\jakub\.m2\repository\jakarta\xml\bind\jakarta.xml.bind-api\4.0.2\jakarta.xml.bind-api-4.0.2.jar;C:\Users\jakub\.m2\repository\jakarta\activation\jakarta.activation-api\2.1.3\jakarta.activation-api-2.1.3.jar;C:\Users\jakub\.m2\repository\net\minidev\json-smart\2.5.1\json-smart-2.5.1.jar;C:\Users\jakub\.m2\repository\net\minidev\accessors-smart\2.5.1\accessors-smart-2.5.1.jar;C:\Users\jakub\.m2\repository\org\ow2\asm\asm\9.6\asm-9.6.jar;C:\Users\jakub\.m2\repository\org\assertj\assertj-core\3.26.3\assertj-core-3.26.3.jar;C:\Users\jakub\.m2\repository\net\bytebuddy\byte-buddy\1.15.11\byte-buddy-1.15.11.jar;C:\Users\jakub\.m2\repository\org\awaitility\awaitility\4.2.2\awaitility-4.2.2.jar;C:\Users\jakub\.m2\repository\org\hamcrest\hamcrest\2.2\hamcrest-2.2.jar;C:\Users\jakub\.m2\repository\org\mockito\mockito-core\5.14.2\mockito-core-5.14.2.jar;C:\Users\jakub\.m2\repository\net\bytebuddy\byte-buddy-agent\1.15.11\byte-buddy-agent-1.15.11.jar;C:\Users\jakub\.m2\repository\org\objenesis\objenesis\3.3\objenesis-3.3.jar;C:\Users\jakub\.m2\repository\org\mockito\mockito-junit-jupiter\5.14.2\mockito-junit-jupiter-5.14.2.jar;C:\Users\jakub\.m2\repository\org\junit\jupiter\junit-jupiter-api\5.11.4\junit-jupiter-api-5.11.4.jar;C:\Users\jakub\.m2\repository\org\opentest4j\opentest4j\1.3.0\opentest4j-1.3.0.jar;C:\Users\jakub\.m2\repository\org\junit\platform\junit-platform-commons\1.11.4\junit-platform-commons-1.11.4.jar;C:\Users\jakub\.m2\repository\org\apiguardian\apiguardian-api\1.1.2\apiguardian-api-1.1.2.jar;C:\Users\jakub\.m2\repository\org\skyscreamer\jsonassert\1.5.3\jsonassert-1.5.3.jar;C:\Users\jakub\.m2\repository\com\vaadin\external\google\android-json\0.0.20131108.vaadin1\android-json-0.0.20131108.vaadin1.jar;C:\Users\jakub\.m2\repository\org\springframework\spring-test\6.2.1\spring-test-6.2.1.jar;C:\Users\jakub\.m2\repository\org\xmlunit\xmlunit-core\2.10.0\xmlunit-core-2.10.0.jar;C:\Users\jakub\.m2\repository\org\thymeleaf\extras\thymeleaf-extras-springsecurity5\3.1.3.RELEASE\thymeleaf-extras-springsecurity5-3.1.3.RELEASE.jar;C:\Users\jakub\.m2\repository\org\thymeleaf\thymeleaf-spring5\3.1.3.RELEASE\thymeleaf-spring5-3.1.3.RELEASE.jar;C:\Users\jakub\.m2\repository\junit\junit\4.13.2\junit-4.13.2.jar;C:\Users\jakub\.m2\repository\org\hamcrest\hamcrest-core\2.2\hamcrest-core-2.2.jar;C:\Users\jakub\.m2\repository\org\apache\maven\plugins\maven-surefire-plugin\3.5.2\maven-surefire-plugin-3.5.2.jar;C:\Users\jakub\.m2\repository\org\apache\maven\surefire\surefire-api\3.5.2\surefire-api-3.5.2.jar;C:\Users\jakub\.m2\repository\org\apache\maven\surefire\surefire-logger-api\3.5.2\surefire-logger-api-3.5.2.jar;C:\Users\jakub\.m2\repository\org\apache\maven\surefire\surefire-shared-utils\3.5.2\surefire-shared-utils-3.5.2.jar;C:\Users\jakub\.m2\repository\org\apache\maven\surefire\surefire-extensions-api\3.5.2\surefire-extensions-api-3.5.2.jar;C:\Users\jakub\.m2\repository\org\apache\maven\surefire\maven-surefire-common\3.5.2\maven-surefire-common-3.5.2.jar;C:\Users\jakub\.m2\repository\org\apache\maven\surefire\surefire-booter\3.5.2\surefire-booter-3.5.2.jar;C:\Users\jakub\.m2\repository\org\apache\maven\surefire\surefire-extensions-spi\3.5.2\surefire-extensions-spi-3.5.2.jar;C:\Users\jakub\.m2\repository\org\apache\maven\resolver\maven-resolver-util\1.4.1\maven-resolver-util-1.4.1.jar;C:\Users\jakub\.m2\repository\org\apache\maven\resolver\maven-resolver-api\1.4.1\maven-resolver-api-1.4.1.jar;C:\Users\jakub\.m2\repository\org\apache\maven\shared\maven-common-artifact-filters\3.4.0\maven-common-artifact-filters-3.4.0.jar;C:\Users\jakub\.m2\repository\org\codehaus\plexus\plexus-java\1.3.0\plexus-java-1.3.0.jar;C:\Users\jakub\.m2\repository\com\thoughtworks\qdox\qdox\2.1.0\qdox-2.1.0.jar;C:\Users\jakub\.m2\repository\org\springframework\security\spring-security-test\6.4.2\spring-security-test-6.4.2.jar;C:\Users\jakub\.m2\repository\org\springframework\security\spring-security-core\6.4.2\spring-security-core-6.4.2.jar;C:\Users\jakub\.m2\repository\org\springframework\security\spring-security-crypto\6.4.2\spring-security-crypto-6.4.2.jar;"/>
    <property name="java.vm.vendor" value="Oracle Corporation"/>
    <property name="sun.arch.data.model" value="64"/>
    <property name="user.variant" value=""/>
    <property name="catalina.useNaming" value="false"/>
    <property name="java.vendor.url" value="https://java.oracle.com/"/>
    <property name="user.timezone" value="Europe/Warsaw"/>
    <property name="org.jboss.logging.provider" value="slf4j"/>
    <property name="user.country.format" value="US"/>
    <property name="os.name" value="Windows 11"/>
    <property name="java.vm.specification.version" value="23"/>
    <property name="sun.java.launcher" value="SUN_STANDARD"/>
    <property name="user.country" value="PL"/>
    <property name="sun.boot.library.path" value="C:\Program Files\Java\jdk-23\bin"/>
    <property name="sun.java.command" value="C:\Users\jakub\AppData\Local\Temp\surefire5131119952607637419\surefirebooter-20250423174738957_3.jar C:\Users\jakub\AppData\Local\Temp\surefire5131119952607637419 2025-04-23T17-47-38_851-jvmRun1 surefire-20250423174738957_1tmp surefire_0-20250423174738957_2tmp"/>
    <property name="jdk.debug" value="release"/>
    <property name="surefire.test.class.path" value="C:\Users\jakub\OneDrive\Pulpit\bachleor\Bachleor\demo\target\test-classes;C:\Users\jakub\OneDrive\Pulpit\bachleor\Bachleor\demo\target\classes;C:\Users\jakub\.m2\repository\org\springframework\boot\spring-boot-starter-web\3.4.1\spring-boot-starter-web-3.4.1.jar;C:\Users\jakub\.m2\repository\org\springframework\boot\spring-boot-starter\3.4.1\spring-boot-starter-3.4.1.jar;C:\Users\jakub\.m2\repository\org\springframework\boot\spring-boot\3.4.1\spring-boot-3.4.1.jar;C:\Users\jakub\.m2\repository\org\springframework\boot\spring-boot-autoconfigure\3.4.1\spring-boot-autoconfigure-3.4.1.jar;C:\Users\jakub\.m2\repository\org\springframework\boot\spring-boot-starter-logging\3.4.1\spring-boot-starter-logging-3.4.1.jar;C:\Users\jakub\.m2\repository\ch\qos\logback\logback-classic\1.5.12\logback-classic-1.5.12.jar;C:\Users\jakub\.m2\repository\ch\qos\logback\logback-core\1.5.12\logback-core-1.5.12.jar;C:\Users\jakub\.m2\repository\org\apache\logging\log4j\log4j-to-slf4j\2.24.3\log4j-to-slf4j-2.24.3.jar;C:\Users\jakub\.m2\repository\org\apache\logging\log4j\log4j-api\2.24.3\log4j-api-2.24.3.jar;C:\Users\jakub\.m2\repository\org\slf4j\jul-to-slf4j\2.0.16\jul-to-slf4j-2.0.16.jar;C:\Users\jakub\.m2\repository\jakarta\annotation\jakarta.annotation-api\2.1.1\jakarta.annotation-api-2.1.1.jar;C:\Users\jakub\.m2\repository\org\yaml\snakeyaml\2.3\snakeyaml-2.3.jar;C:\Users\jakub\.m2\repository\org\springframework\boot\spring-boot-starter-json\3.4.1\spring-boot-starter-json-3.4.1.jar;C:\Users\jakub\.m2\repository\com\fasterxml\jackson\core\jackson-databind\2.18.2\jackson-databind-2.18.2.jar;C:\Users\jakub\.m2\repository\com\fasterxml\jackson\core\jackson-annotations\2.18.2\jackson-annotations-2.18.2.jar;C:\Users\jakub\.m2\repository\com\fasterxml\jackson\core\jackson-core\2.18.2\jackson-core-2.18.2.jar;C:\Users\jakub\.m2\repository\com\fasterxml\jackson\datatype\jackson-datatype-jdk8\2.18.2\jackson-datatype-jdk8-2.18.2.jar;C:\Users\jakub\.m2\repository\com\fasterxml\jackson\datatype\jackson-datatype-jsr310\2.18.2\jackson-datatype-jsr310-2.18.2.jar;C:\Users\jakub\.m2\repository\com\fasterxml\jackson\module\jackson-module-parameter-names\2.18.2\jackson-module-parameter-names-2.18.2.jar;C:\Users\jakub\.m2\repository\org\springframework\boot\spring-boot-starter-tomcat\3.4.1\spring-boot-starter-tomcat-3.4.1.jar;C:\Users\jakub\.m2\repository\org\apache\tomcat\embed\tomcat-embed-core\10.1.34\tomcat-embed-core-10.1.34.jar;C:\Users\jakub\.m2\repository\org\apache\tomcat\embed\tomcat-embed-websocket\10.1.34\tomcat-embed-websocket-10.1.34.jar;C:\Users\jakub\.m2\repository\org\springframework\spring-web\6.2.1\spring-web-6.2.1.jar;C:\Users\jakub\.m2\repository\io\micrometer\micrometer-observation\1.14.2\micrometer-observation-1.14.2.jar;C:\Users\jakub\.m2\repository\io\micrometer\micrometer-commons\1.14.2\micrometer-commons-1.14.2.jar;C:\Users\jakub\.m2\repository\org\springframework\spring-webmvc\6.2.1\spring-webmvc-6.2.1.jar;C:\Users\jakub\.m2\repository\org\springframework\spring-expression\6.2.1\spring-expression-6.2.1.jar;C:\Users\jakub\.m2\repository\org\springframework\boot\spring-boot-starter-thymeleaf\3.4.1\spring-boot-starter-thymeleaf-3.4.1.jar;C:\Users\jakub\.m2\repository\org\thymeleaf\thymeleaf-spring6\3.1.3.RELEASE\thymeleaf-spring6-3.1.3.RELEASE.jar;C:\Users\jakub\.m2\repository\org\springframework\boot\spring-boot-starter-data-jdbc\3.4.1\spring-boot-starter-data-jdbc-3.4.1.jar;C:\Users\jakub\.m2\repository\org\springframework\boot\spring-boot-starter-jdbc\3.4.1\spring-boot-starter-jdbc-3.4.1.jar;C:\Users\jakub\.m2\repository\com\zaxxer\HikariCP\5.1.0\HikariCP-5.1.0.jar;C:\Users\jakub\.m2\repository\org\springframework\data\spring-data-jdbc\3.4.1\spring-data-jdbc-3.4.1.jar;C:\Users\jakub\.m2\repository\org\springframework\data\spring-data-relational\3.4.1\spring-data-relational-3.4.1.jar;C:\Users\jakub\.m2\repository\org\springframework\data\spring-data-commons\3.4.1\spring-data-commons-3.4.1.jar;C:\Users\jakub\.m2\repository\org\springframework\spring-tx\6.2.1\spring-tx-6.2.1.jar;C:\Users\jakub\.m2\repository\org\springframework\spring-beans\6.2.1\spring-beans-6.2.1.jar;C:\Users\jakub\.m2\repository\org\springframework\spring-core\6.2.1\spring-core-6.2.1.jar;C:\Users\jakub\.m2\repository\org\springframework\spring-jcl\6.2.1\spring-jcl-6.2.1.jar;C:\Users\jakub\.m2\repository\org\springframework\boot\spring-boot-starter-security\3.4.1\spring-boot-starter-security-3.4.1.jar;C:\Users\jakub\.m2\repository\org\springframework\spring-aop\6.2.1\spring-aop-6.2.1.jar;C:\Users\jakub\.m2\repository\org\springframework\security\spring-security-config\6.4.2\spring-security-config-6.4.2.jar;C:\Users\jakub\.m2\repository\org\springframework\security\spring-security-web\6.4.2\spring-security-web-6.4.2.jar;C:\Users\jakub\.m2\repository\org\thymeleaf\extras\thymeleaf-extras-java8time\3.0.4.RELEASE\thymeleaf-extras-java8time-3.0.4.RELEASE.jar;C:\Users\jakub\.m2\repository\org\thymeleaf\thymeleaf\3.1.3.RELEASE\thymeleaf-3.1.3.RELEASE.jar;C:\Users\jakub\.m2\repository\ognl\ognl\3.3.4\ognl-3.3.4.jar;C:\Users\jakub\.m2\repository\org\javassist\javassist\3.29.0-GA\javassist-3.29.0-GA.jar;C:\Users\jakub\.m2\repository\org\attoparser\attoparser\2.0.7.RELEASE\attoparser-2.0.7.RELEASE.jar;C:\Users\jakub\.m2\repository\org\unbescape\unbescape\1.1.6.RELEASE\unbescape-1.1.6.RELEASE.jar;C:\Users\jakub\.m2\repository\org\slf4j\slf4j-api\2.0.16\slf4j-api-2.0.16.jar;C:\Users\jakub\.m2\repository\org\postgresql\postgresql\42.7.4\postgresql-42.7.4.jar;C:\Users\jakub\.m2\repository\org\checkerframework\checker-qual\3.42.0\checker-qual-3.42.0.jar;C:\Users\jakub\.m2\repository\org\springframework\boot\spring-boot-starter-validation\3.4.1\spring-boot-starter-validation-3.4.1.jar;C:\Users\jakub\.m2\repository\org\apache\tomcat\embed\tomcat-embed-el\10.1.34\tomcat-embed-el-10.1.34.jar;C:\Users\jakub\.m2\repository\org\hibernate\validator\hibernate-validator\8.0.2.Final\hibernate-validator-8.0.2.Final.jar;C:\Users\jakub\.m2\repository\jakarta\validation\jakarta.validation-api\3.0.2\jakarta.validation-api-3.0.2.jar;C:\Users\jakub\.m2\repository\org\jboss\logging\jboss-logging\3.6.1.Final\jboss-logging-3.6.1.Final.jar;C:\Users\jakub\.m2\repository\com\fasterxml\classmate\1.7.0\classmate-1.7.0.jar;C:\Users\jakub\.m2\repository\com\h2database\h2\2.3.232\h2-2.3.232.jar;C:\Users\jakub\.m2\repository\org\springframework\session\spring-session-jdbc\3.4.1\spring-session-jdbc-3.4.1.jar;C:\Users\jakub\.m2\repository\org\springframework\session\spring-session-core\3.4.1\spring-session-core-3.4.1.jar;C:\Users\jakub\.m2\repository\org\springframework\spring-context\6.2.1\spring-context-6.2.1.jar;C:\Users\jakub\.m2\repository\org\springframework\spring-jdbc\6.2.1\spring-jdbc-6.2.1.jar;C:\Users\jakub\.m2\repository\org\springframework\boot\spring-boot-starter-test\3.4.1\spring-boot-starter-test-3.4.1.jar;C:\Users\jakub\.m2\repository\org\springframework\boot\spring-boot-test\3.4.1\spring-boot-test-3.4.1.jar;C:\Users\jakub\.m2\repository\org\springframework\boot\spring-boot-test-autoconfigure\3.4.1\spring-boot-test-autoconfigure-3.4.1.jar;C:\Users\jakub\.m2\repository\com\jayway\jsonpath\json-path\2.9.0\json-path-2.9.0.jar;C:\Users\jakub\.m2\repository\jakarta\xml\bind\jakarta.xml.bind-api\4.0.2\jakarta.xml.bind-api-4.0.2.jar;C:\Users\jakub\.m2\repository\jakarta\activation\jakarta.activation-api\2.1.3\jakarta.activation-api-2.1.3.jar;C:\Users\jakub\.m2\repository\net\minidev\json-smart\2.5.1\json-smart-2.5.1.jar;C:\Users\jakub\.m2\repository\net\minidev\accessors-smart\2.5.1\accessors-smart-2.5.1.jar;C:\Users\jakub\.m2\repository\org\ow2\asm\asm\9.6\asm-9.6.jar;C:\Users\jakub\.m2\repository\org\assertj\assertj-core\3.26.3\assertj-core-3.26.3.jar;C:\Users\jakub\.m2\repository\net\bytebuddy\byte-buddy\1.15.11\byte-buddy-1.15.11.jar;C:\Users\jakub\.m2\repository\org\awaitility\awaitility\4.2.2\awaitility-4.2.2.jar;C:\Users\jakub\.m2\repository\org\hamcrest\hamcrest\2.2\hamcrest-2.2.jar;C:\Users\jakub\.m2\repository\org\mockito\mockito-core\5.14.2\mockito-core-5.14.2.jar;C:\Users\jakub\.m2\repository\net\bytebuddy\byte-buddy-agent\1.15.11\byte-buddy-agent-1.15.11.jar;C:\Users\jakub\.m2\repository\org\objenesis\objenesis\3.3\objenesis-3.3.jar;C:\Users\jakub\.m2\repository\org\mockito\mockito-junit-jupiter\5.14.2\mockito-junit-jupiter-5.14.2.jar;C:\Users\jakub\.m2\repository\org\junit\jupiter\junit-jupiter-api\5.11.4\junit-jupiter-api-5.11.4.jar;C:\Users\jakub\.m2\repository\org\opentest4j\opentest4j\1.3.0\opentest4j-1.3.0.jar;C:\Users\jakub\.m2\repository\org\junit\platform\junit-platform-commons\1.11.4\junit-platform-commons-1.11.4.jar;C:\Users\jakub\.m2\repository\org\apiguardian\apiguardian-api\1.1.2\apiguardian-api-1.1.2.jar;C:\Users\jakub\.m2\repository\org\skyscreamer\jsonassert\1.5.3\jsonassert-1.5.3.jar;C:\Users\jakub\.m2\repository\com\vaadin\external\google\android-json\0.0.20131108.vaadin1\android-json-0.0.20131108.vaadin1.jar;C:\Users\jakub\.m2\repository\org\springframework\spring-test\6.2.1\spring-test-6.2.1.jar;C:\Users\jakub\.m2\repository\org\xmlunit\xmlunit-core\2.10.0\xmlunit-core-2.10.0.jar;C:\Users\jakub\.m2\repository\org\thymeleaf\extras\thymeleaf-extras-springsecurity5\3.1.3.RELEASE\thymeleaf-extras-springsecurity5-3.1.3.RELEASE.jar;C:\Users\jakub\.m2\repository\org\thymeleaf\thymeleaf-spring5\3.1.3.RELEASE\thymeleaf-spring5-3.1.3.RELEASE.jar;C:\Users\jakub\.m2\repository\junit\junit\4.13.2\junit-4.13.2.jar;C:\Users\jakub\.m2\repository\org\hamcrest\hamcrest-core\2.2\hamcrest-core-2.2.jar;C:\Users\jakub\.m2\repository\org\apache\maven\plugins\maven-surefire-plugin\3.5.2\maven-surefire-plugin-3.5.2.jar;C:\Users\jakub\.m2\repository\org\apache\maven\surefire\surefire-api\3.5.2\surefire-api-3.5.2.jar;C:\Users\jakub\.m2\repository\org\apache\maven\surefire\surefire-logger-api\3.5.2\surefire-logger-api-3.5.2.jar;C:\Users\jakub\.m2\repository\org\apache\maven\surefire\surefire-shared-utils\3.5.2\surefire-shared-utils-3.5.2.jar;C:\Users\jakub\.m2\repository\org\apache\maven\surefire\surefire-extensions-api\3.5.2\surefire-extensions-api-3.5.2.jar;C:\Users\jakub\.m2\repository\org\apache\maven\surefire\maven-surefire-common\3.5.2\maven-surefire-common-3.5.2.jar;C:\Users\jakub\.m2\repository\org\apache\maven\surefire\surefire-booter\3.5.2\surefire-booter-3.5.2.jar;C:\Users\jakub\.m2\repository\org\apache\maven\surefire\surefire-extensions-spi\3.5.2\surefire-extensions-spi-3.5.2.jar;C:\Users\jakub\.m2\repository\org\apache\maven\resolver\maven-resolver-util\1.4.1\maven-resolver-util-1.4.1.jar;C:\Users\jakub\.m2\repository\org\apache\maven\resolver\maven-resolver-api\1.4.1\maven-resolver-api-1.4.1.jar;C:\Users\jakub\.m2\repository\org\apache\maven\shared\maven-common-artifact-filters\3.4.0\maven-common-artifact-filters-3.4.0.jar;C:\Users\jakub\.m2\repository\org\codehaus\plexus\plexus-java\1.3.0\plexus-java-1.3.0.jar;C:\Users\jakub\.m2\repository\com\thoughtworks\qdox\qdox\2.1.0\qdox-2.1.0.jar;C:\Users\jakub\.m2\repository\org\springframework\security\spring-security-test\6.4.2\spring-security-test-6.4.2.jar;C:\Users\jakub\.m2\repository\org\springframework\security\spring-security-core\6.4.2\spring-security-core-6.4.2.jar;C:\Users\jakub\.m2\repository\org\springframework\security\spring-security-crypto\6.4.2\spring-security-crypto-6.4.2.jar;"/>
    <property name="sun.cpu.endian" value="little"/>
    <property name="user.home" value="C:\Users\jakub"/>
    <property name="user.language" value="pl"/>
    <property name="java.specification.vendor" value="Oracle Corporation"/>
    <property name="java.version.date" value="2024-10-15"/>
    <property name="java.home" value="C:\Program Files\Java\jdk-23"/>
    <property name="file.separator" value="\"/>
    <property name="basedir" value="C:\Users\jakub\OneDrive\Pulpit\bachleor\Bachleor\demo"/>
    <property name="java.vm.compressedOopsMode" value="Zero based"/>
    <property name="line.separator" value="&#10;"/>
    <property name="java.vm.specification.vendor" value="Oracle Corporation"/>
    <property name="java.specification.name" value="Java Platform API Specification"/>
    <property name="FILE_LOG_CHARSET" value="UTF-8"/>
    <property name="java.awt.headless" value="true"/>
    <property name="surefire.real.class.path" value="C:\Users\jakub\AppData\Local\Temp\surefire5131119952607637419\surefirebooter-20250423174738957_3.jar"/>
    <property name="user.script" value=""/>
    <property name="sun.management.compiler" value="HotSpot 64-Bit Tiered Compilers"/>
    <property name="java.runtime.version" value="23.0.1+11-39"/>
    <property name="user.name" value="jakub"/>
    <property name="stdout.encoding" value="Cp1250"/>
    <property name="path.separator" value=";"/>
    <property name="os.version" value="10.0"/>
    <property name="java.runtime.name" value="Java(TM) SE Runtime Environment"/>
    <property name="file.encoding" value="UTF-8"/>
    <property name="java.vm.name" value="Java HotSpot(TM) 64-Bit Server VM"/>
    <property name="localRepository" value="C:\Users\jakub\.m2\repository"/>
    <property name="java.vendor.url.bug" value="https://bugreport.java.com/bugreport/"/>
    <property name="java.io.tmpdir" value="C:\Users\jakub\AppData\Local\Temp\"/>
    <property name="catalina.home" value="C:\Users\jakub\AppData\Local\Temp\tomcat.0.11149483153110566461"/>
    <property name="com.zaxxer.hikari.pool_number" value="4"/>
    <property name="java.version" value="23.0.1"/>
    <property name="user.dir" value="C:\Users\jakub\OneDrive\Pulpit\bachleor\Bachleor\demo"/>
    <property name="os.arch" value="amd64"/>
    <property name="java.vm.specification.name" value="Java Virtual Machine Specification"/>
    <property name="PID" value="7688"/>
    <property name="user.language.format" value="en"/>
    <property name="sun.os.patch.level" value=""/>
    <property name="CONSOLE_LOG_CHARSET" value="UTF-8"/>
    <property name="catalina.base" value="C:\Users\jakub\AppData\Local\Temp\tomcat.0.7913544230840003138"/>
    <property name="native.encoding" value="Cp1250"/>
    <property name="java.library.path" value="C:\Program Files\Java\jdk-23\bin;C:\WINDOWS\Sun\Java\bin;C:\WINDOWS\system32;C:\WINDOWS;C:\app\jakub\product\23ai\dbhomeFree\bin;C:\Program Files (x86)\Razer\ChromaBroadcast\bin;C:\Program Files\Razer\ChromaBroadcast\bin;C:\Program Files\Common Files\Oracle\Java\javapath;C:\Windows\system32;C:\Windows;C:\Windows\System32\Wbem;C:\Windows\System32\WindowsPowerShell\v1.0\;C:\Windows\System32\OpenSSH\;C:\Program Files (x86)\NVIDIA Corporation\PhysX\Common;C:\Program Files\NVIDIA Corporation\NVIDIA NvDLISR;C:\Program Files\Git\cmd;C:\Windows\system32\config\systemprofile\AppData\Local\Microsoft\WindowsApps;;C:\WINDOWS\system32;C:\WINDOWS;C:\WINDOWS\System32\Wbem;C:\WINDOWS\System32\WindowsPowerShell\v1.0\;C:\WINDOWS\System32\OpenSSH\;C:\Program Files\dotnet\;C:\Program Files (x86)\Windows Kits\10\Windows Performance Toolkit\;C:\Program Files\CMake\bin;C:\Program Files\nodejs\;C:\Users\jakub\AppData\Local\pnpm;C:\Users\jakub\AppData\Local\Microsoft\WindowsApps;C:\Users\jakub\AppData\Local\Programs\Microsoft VS Code\bin;C:\Users\jakub\apache-maven-3.9.9\bin;C:\Users\jakub\AppData\Roaming\npm;C:\Users\jakub\OneDrive\Pulpit\opencv\build\x64\vc15\bin;C:\Users\jakub\OneDrive\Pulpit\opencv\build\x64\vc15\lib;;."/>
    <property name="java.vm.info" value="mixed mode, sharing"/>
    <property name="stderr.encoding" value="Cp1250"/>
    <property name="java.vendor" value="Oracle Corporation"/>
    <property name="java.vm.version" value="23.0.1+11-39"/>
    <property name="sun.io.unicode.encoding" value="UnicodeLittle"/>
    <property name="java.class.version" value="67.0"/>
  </properties>
  <testcase name="postRegister_duplicateEmail_showsFormWithEmailError" classname="com.example.demo.integration.AuthControllerIntegrationTest" time="0.169">
    <system-out><![CDATA[2025-04-23T17:47:44.900+02:00  INFO 7688 --- [           main] t.c.s.AnnotationConfigContextLoaderUtils : Could not detect default configuration classes for test class [com.example.demo.integration.AuthControllerIntegrationTest]: AuthControllerIntegrationTest does not declare any static, non-private, non-final, nested classes annotated with @Configuration.
2025-04-23T17:47:44.902+02:00  INFO 7688 --- [           main] .b.t.c.SpringBootTestContextBootstrapper : Found @SpringBootConfiguration com.example.demo.ApplicationToPublishScientificDataApplication for test class com.example.demo.integration.AuthControllerIntegrationTest

  .   ____          _            __ _ _
 /\\ / ___'_ __ _ _(_)_ __  __ _ \ \ \ \
( ( )\___ | '_ | '_| | '_ \/ _` | \ \ \ \
 \\/  ___)| |_)| | | | | || (_| |  ) ) ) )
  '  |____| .__|_| |_|_| |_\__, | / / / /
 =========|_|==============|___/=/_/_/_/

 :: Spring Boot ::                (v3.4.1)

2025-04-23T17:47:44.919+02:00  INFO 7688 --- [           main] c.e.d.i.AuthControllerIntegrationTest    : Starting AuthControllerIntegrationTest using Java 23.0.1 with PID 7688 (started by jakub in C:\Users\jakub\OneDrive\Pulpit\bachleor\Bachleor\demo)
2025-04-23T17:47:44.919+02:00  INFO 7688 --- [           main] c.e.d.i.AuthControllerIntegrationTest    : The following 1 profile is active: "test"
2025-04-23T17:47:45.022+02:00  INFO 7688 --- [           main] .s.d.r.c.RepositoryConfigurationDelegate : Bootstrapping Spring Data JDBC repositories in DEFAULT mode.
2025-04-23T17:47:45.029+02:00  INFO 7688 --- [           main] .s.d.r.c.RepositoryConfigurationDelegate : Finished Spring Data repository scanning in 6 ms. Found 11 JDBC repository interfaces.
2025-04-23T17:47:45.029+02:00  INFO 7688 --- [           main] .s.d.r.c.RepositoryConfigurationDelegate : Bootstrapping Spring Data JDBC repositories in DEFAULT mode.
2025-04-23T17:47:45.033+02:00  INFO 7688 --- [           main] .s.d.r.c.RepositoryConfigurationDelegate : Finished Spring Data repository scanning in 3 ms. Found 2 JDBC repository interfaces.
2025-04-23T17:47:45.068+02:00  INFO 7688 --- [           main] beddedDataSourceBeanFactoryPostProcessor : Replacing 'persistentDataSource' DataSource bean with primary embedded version
2025-04-23T17:47:45.091+02:00  INFO 7688 --- [           main] o.s.b.w.embedded.tomcat.TomcatWebServer  : Tomcat initialized with port 0 (http)
2025-04-23T17:47:45.092+02:00  INFO 7688 --- [           main] o.apache.catalina.core.StandardService   : Starting service [Tomcat]
2025-04-23T17:47:45.092+02:00  INFO 7688 --- [           main] o.apache.catalina.core.StandardEngine    : Starting Servlet engine: [Apache Tomcat/10.1.34]
2025-04-23T17:47:45.113+02:00  INFO 7688 --- [           main] o.a.c.c.C.[Tomcat-3].[localhost].[/]     : Initializing Spring embedded WebApplicationContext
2025-04-23T17:47:45.113+02:00  INFO 7688 --- [           main] w.s.c.ServletWebServerApplicationContext : Root WebApplicationContext: initialization completed in 193 ms
2025-04-23T17:47:45.123+02:00  INFO 7688 --- [           main] o.s.j.d.e.EmbeddedDatabaseFactory        : Starting embedded database: url='jdbc:h2:mem:a85cf633-aa54-4a58-96bc-51a23c47de56;DB_CLOSE_DELAY=-1;DB_CLOSE_ON_EXIT=false', username='sa'
2025-04-23T17:47:45.157+02:00 DEBUG 7688 --- [           main] o.s.jdbc.core.JdbcTemplate               : Executing SQL statement [DROP TABLE IF EXISTS app_statistics;

CREATE TABLE app_statistics (
    id BIGINT AUTO_INCREMENT PRIMARY KEY,
    stat_name VARCHAR(255),
    stat_value BIGINT,
    timestamp TIMESTAMP
);
-- Drop tables if they exist
DROP TABLE IF EXISTS SPRING_SESSION_ATTRIBUTES;
DROP TABLE IF EXISTS SPRING_SESSION;

-- Create SPRING_SESSION table
CREATE TABLE SPRING_SESSION (
    PRIMARY_ID CHAR(36) NOT NULL,
    SESSION_ID CHAR(36) NOT NULL,
    CREATION_TIME BIGINT NOT NULL,
    LAST_ACCESS_TIME BIGINT NOT NULL,
    MAX_INACTIVE_INTERVAL INT NOT NULL,
    EXPIRY_TIME BIGINT NOT NULL,
    PRINCIPAL_NAME VARCHAR(100),
    CONSTRAINT SPRING_SESSION_PK PRIMARY KEY (PRIMARY_ID)
);

-- Create SPRING_SESSION_ATTRIBUTES table
CREATE TABLE SPRING_SESSION_ATTRIBUTES (
    SESSION_PRIMARY_ID CHAR(36) NOT NULL,
    ATTRIBUTE_NAME VARCHAR(200) NOT NULL,
    ATTRIBUTE_BYTES BINARY,
    CONSTRAINT SPRING_SESSION_ATTRIBUTES_PK PRIMARY KEY (SESSION_PRIMARY_ID, ATTRIBUTE_NAME),
    CONSTRAINT SPRING_SESSION_ATTRIBUTES_FK FOREIGN KEY (SESSION_PRIMARY_ID)
        REFERENCES SPRING_SESSION(PRIMARY_ID) ON DELETE CASCADE
);
]
2025-04-23T17:47:45.158+02:00  INFO 7688 --- [           main] com.zaxxer.hikari.HikariDataSource       : HikariPool-4 - Starting...
2025-04-23T17:47:45.158+02:00  INFO 7688 --- [           main] com.zaxxer.hikari.pool.HikariPool        : HikariPool-4 - Added connection conn49: url=jdbc:h2:mem:tempdb user=SA
2025-04-23T17:47:45.158+02:00  INFO 7688 --- [           main] com.zaxxer.hikari.HikariDataSource       : HikariPool-4 - Start completed.
Temporary H2 statistics schema initialized successfully.
2025-04-23T17:47:45.188+02:00  INFO 7688 --- [           main] r$InitializeUserDetailsManagerConfigurer : Global AuthenticationManager configured with UserDetailsService bean with name customUserDetailsService
2025-04-23T17:47:45.193+02:00  INFO 7688 --- [           main] o.s.b.a.w.s.WelcomePageHandlerMapping    : Adding welcome page template: index
2025-04-23T17:47:45.227+02:00 DEBUG 7688 --- [           main] o.s.s.web.DefaultSecurityFilterChain     : Will secure any request with filters: DisableEncodeUrlFilter, WebAsyncManagerIntegrationFilter, SecurityContextHolderFilter, HeaderWriterFilter, CsrfFilter, LogoutFilter, UsernamePasswordAuthenticationFilter, RequestCacheAwareFilter, SecurityContextHolderAwareRequestFilter, AnonymousAuthenticationFilter, ExceptionTranslationFilter, AuthorizationFilter
2025-04-23T17:47:45.258+02:00  INFO 7688 --- [           main] o.s.b.a.h2.H2ConsoleAutoConfiguration    : H2 console available at '/h2-console'. Databases available at 'jdbc:h2:mem:tempdb', 'jdbc:h2:mem:tempdb', 'jdbc:h2:mem:a85cf633-aa54-4a58-96bc-51a23c47de56'
2025-04-23T17:47:45.269+02:00  INFO 7688 --- [           main] o.a.c.c.C.[Tomcat-3].[localhost].[/]     : Initializing Spring TestDispatcherServlet ''
2025-04-23T17:47:45.269+02:00  INFO 7688 --- [           main] o.s.t.web.servlet.TestDispatcherServlet  : Initializing Servlet ''
2025-04-23T17:47:45.269+02:00  INFO 7688 --- [           main] o.s.t.web.servlet.TestDispatcherServlet  : Completed initialization in 0 ms
2025-04-23T17:47:45.278+02:00  INFO 7688 --- [           main] o.s.b.w.embedded.tomcat.TomcatWebServer  : Tomcat started on port 55368 (http) with context path '/'
2025-04-23T17:47:45.281+02:00  INFO 7688 --- [           main] c.e.d.i.AuthControllerIntegrationTest    : Started AuthControllerIntegrationTest in 0.377 seconds (process running for 6.187)
2025-04-23T17:47:45.282+02:00 DEBUG 7688 --- [   scheduling-1] o.s.jdbc.core.JdbcTemplate               : Executing prepared SQL query
2025-04-23T17:47:45.282+02:00 DEBUG 7688 --- [   scheduling-1] o.s.jdbc.core.JdbcTemplate               : Executing prepared SQL statement [SELECT "class_signups"."ID" AS "ID", "class_signups"."USER_ID" AS "USER_ID", "class_signups"."STATUS" AS "STATUS", "class_signups"."CREATED_DATE" AS "CREATED_DATE", "class_signups"."SCHOOL_CLASS_ID" AS "SCHOOL_CLASS_ID" FROM "class_signups" WHERE "class_signups"."STATUS" = ?]
2025-04-23T17:47:45.282+02:00 ERROR 7688 --- [   scheduling-1] o.s.s.s.TaskUtils$LoggingErrorHandler    : Unexpected error occurred in scheduled task

org.springframework.jdbc.BadSqlGrammarException: PreparedStatementCallback; bad SQL grammar [SELECT "class_signups"."ID" AS "ID", "class_signups"."USER_ID" AS "USER_ID", "class_signups"."STATUS" AS "STATUS", "class_signups"."CREATED_DATE" AS "CREATED_DATE", "class_signups"."SCHOOL_CLASS_ID" AS "SCHOOL_CLASS_ID" FROM "class_signups" WHERE "class_signups"."STATUS" = ?]
	at org.springframework.jdbc.support.SQLExceptionSubclassTranslator.doTranslate(SQLExceptionSubclassTranslator.java:103) ~[spring-jdbc-6.2.1.jar:6.2.1]
	at org.springframework.jdbc.support.AbstractFallbackSQLExceptionTranslator.translate(AbstractFallbackSQLExceptionTranslator.java:107) ~[spring-jdbc-6.2.1.jar:6.2.1]
	at org.springframework.jdbc.core.JdbcTemplate.translateException(JdbcTemplate.java:1556) ~[spring-jdbc-6.2.1.jar:6.2.1]
	at org.springframework.jdbc.core.JdbcTemplate.execute(JdbcTemplate.java:677) ~[spring-jdbc-6.2.1.jar:6.2.1]
	at org.springframework.jdbc.core.JdbcTemplate.query(JdbcTemplate.java:723) ~[spring-jdbc-6.2.1.jar:6.2.1]
	at org.springframework.jdbc.core.JdbcTemplate.query(JdbcTemplate.java:748) ~[spring-jdbc-6.2.1.jar:6.2.1]
	at org.springframework.jdbc.core.namedparam.NamedParameterJdbcTemplate.query(NamedParameterJdbcTemplate.java:178) ~[spring-jdbc-6.2.1.jar:6.2.1]
	at org.springframework.data.jdbc.repository.query.AbstractJdbcQuery.lambda$createSingleReadingQueryExecution$3(AbstractJdbcQuery.java:149) ~[spring-data-jdbc-3.4.1.jar:3.4.1]
	at org.springframework.data.jdbc.repository.query.PartTreeJdbcQuery.execute(PartTreeJdbcQuery.java:134) ~[spring-data-jdbc-3.4.1.jar:3.4.1]
	at org.springframework.data.repository.core.support.RepositoryMethodInvoker.doInvoke(RepositoryMethodInvoker.java:170) ~[spring-data-commons-3.4.1.jar:3.4.1]
	at org.springframework.data.repository.core.support.RepositoryMethodInvoker.invoke(RepositoryMethodInvoker.java:158) ~[spring-data-commons-3.4.1.jar:3.4.1]
	at org.springframework.data.repository.core.support.QueryExecutorMethodInterceptor.doInvoke(QueryExecutorMethodInterceptor.java:170) ~[spring-data-commons-3.4.1.jar:3.4.1]
	at org.springframework.data.repository.core.support.QueryExecutorMethodInterceptor.invoke(QueryExecutorMethodInterceptor.java:149) ~[spring-data-commons-3.4.1.jar:3.4.1]
	at org.springframework.aop.framework.ReflectiveMethodInvocation.proceed(ReflectiveMethodInvocation.java:184) ~[spring-aop-6.2.1.jar:6.2.1]
	at org.springframework.transaction.interceptor.TransactionAspectSupport.invokeWithinTransaction(TransactionAspectSupport.java:380) ~[spring-tx-6.2.1.jar:6.2.1]
	at org.springframework.transaction.interceptor.TransactionInterceptor.invoke(TransactionInterceptor.java:119) ~[spring-tx-6.2.1.jar:6.2.1]
	at org.springframework.aop.framework.ReflectiveMethodInvocation.proceed(ReflectiveMethodInvocation.java:184) ~[spring-aop-6.2.1.jar:6.2.1]
	at org.springframework.dao.support.PersistenceExceptionTranslationInterceptor.invoke(PersistenceExceptionTranslationInterceptor.java:138) ~[spring-tx-6.2.1.jar:6.2.1]
	at org.springframework.aop.framework.ReflectiveMethodInvocation.proceed(ReflectiveMethodInvocation.java:184) ~[spring-aop-6.2.1.jar:6.2.1]
	at org.springframework.aop.framework.JdkDynamicAopProxy.invoke(JdkDynamicAopProxy.java:223) ~[spring-aop-6.2.1.jar:6.2.1]
	at jdk.proxy2/jdk.proxy2.$Proxy105.findByStatus(Unknown Source) ~[na:na]
	at com.example.demo.SignUpDeadlineProcessor.processPendingSignUps(SignUpDeadlineProcessor.java:26) ~[classes/:na]
	at java.base/jdk.internal.reflect.DirectMethodHandleAccessor.invoke(DirectMethodHandleAccessor.java:103) ~[na:na]
	at java.base/java.lang.reflect.Method.invoke(Method.java:580) ~[na:na]
	at org.springframework.scheduling.support.ScheduledMethodRunnable.runInternal(ScheduledMethodRunnable.java:130) ~[spring-context-6.2.1.jar:6.2.1]
	at org.springframework.scheduling.support.ScheduledMethodRunnable.lambda$run$2(ScheduledMethodRunnable.java:124) ~[spring-context-6.2.1.jar:6.2.1]
	at io.micrometer.observation.Observation.observe(Observation.java:498) ~[micrometer-observation-1.14.2.jar:1.14.2]
	at org.springframework.scheduling.support.ScheduledMethodRunnable.run(ScheduledMethodRunnable.java:124) ~[spring-context-6.2.1.jar:6.2.1]
	at org.springframework.scheduling.config.Task$OutcomeTrackingRunnable.run(Task.java:85) ~[spring-context-6.2.1.jar:6.2.1]
	at org.springframework.scheduling.support.DelegatingErrorHandlingRunnable.run(DelegatingErrorHandlingRunnable.java:54) ~[spring-context-6.2.1.jar:6.2.1]
	at java.base/java.util.concurrent.Executors$RunnableAdapter.call(Executors.java:572) ~[na:na]
	at java.base/java.util.concurrent.FutureTask.runAndReset(FutureTask.java:358) ~[na:na]
	at java.base/java.util.concurrent.ScheduledThreadPoolExecutor$ScheduledFutureTask.run(ScheduledThreadPoolExecutor.java:305) ~[na:na]
	at java.base/java.util.concurrent.ThreadPoolExecutor.runWorker(ThreadPoolExecutor.java:1144) ~[na:na]
	at java.base/java.util.concurrent.ThreadPoolExecutor$Worker.run(ThreadPoolExecutor.java:642) ~[na:na]
	at java.base/java.lang.Thread.run(Thread.java:1575) ~[na:na]
Caused by: org.h2.jdbc.JdbcSQLSyntaxErrorException: Table "class_signups" not found (this database is empty); SQL statement:
SELECT "class_signups"."ID" AS "ID", "class_signups"."USER_ID" AS "USER_ID", "class_signups"."STATUS" AS "STATUS", "class_signups"."CREATED_DATE" AS "CREATED_DATE", "class_signups"."SCHOOL_CLASS_ID" AS "SCHOOL_CLASS_ID" FROM "class_signups" WHERE "class_signups"."STATUS" = ? [42104-232]
	at org.h2.message.DbException.getJdbcSQLException(DbException.java:514) ~[h2-2.3.232.jar:2.3.232]
	at org.h2.message.DbException.getJdbcSQLException(DbException.java:489) ~[h2-2.3.232.jar:2.3.232]
	at org.h2.message.DbException.get(DbException.java:223) ~[h2-2.3.232.jar:2.3.232]
	at org.h2.message.DbException.get(DbException.java:199) ~[h2-2.3.232.jar:2.3.232]
	at org.h2.command.Parser.getTableOrViewNotFoundDbException(Parser.java:7932) ~[h2-2.3.232.jar:2.3.232]
	at org.h2.command.Parser.getTableOrViewNotFoundDbException(Parser.java:7916) ~[h2-2.3.232.jar:2.3.232]
	at org.h2.command.Parser.readTableOrView(Parser.java:7895) ~[h2-2.3.232.jar:2.3.232]
	at org.h2.command.Parser.readTablePrimary(Parser.java:1769) ~[h2-2.3.232.jar:2.3.232]
	at org.h2.command.Parser.readTableReference(Parser.java:2249) ~[h2-2.3.232.jar:2.3.232]
	at org.h2.command.Parser.parseSelectFromPart(Parser.java:2702) ~[h2-2.3.232.jar:2.3.232]
	at org.h2.command.Parser.parseSelect(Parser.java:2810) ~[h2-2.3.232.jar:2.3.232]
	at org.h2.command.Parser.parseQueryPrimary(Parser.java:2692) ~[h2-2.3.232.jar:2.3.232]
	at org.h2.command.Parser.parseQueryTerm(Parser.java:2547) ~[h2-2.3.232.jar:2.3.232]
	at org.h2.command.Parser.parseQueryExpressionBody(Parser.java:2526) ~[h2-2.3.232.jar:2.3.232]
	at org.h2.command.Parser.parseQueryExpressionBodyAndEndOfQuery(Parser.java:2519) ~[h2-2.3.232.jar:2.3.232]
	at org.h2.command.Parser.parseQueryExpression(Parser.java:2512) ~[h2-2.3.232.jar:2.3.232]
	at org.h2.command.Parser.parseQuery(Parser.java:2479) ~[h2-2.3.232.jar:2.3.232]
	at org.h2.command.Parser.parsePrepared(Parser.java:610) ~[h2-2.3.232.jar:2.3.232]
	at org.h2.command.Parser.parse(Parser.java:581) ~[h2-2.3.232.jar:2.3.232]
	at org.h2.command.Parser.parse(Parser.java:556) ~[h2-2.3.232.jar:2.3.232]
	at org.h2.command.Parser.prepareCommand(Parser.java:484) ~[h2-2.3.232.jar:2.3.232]
	at org.h2.engine.SessionLocal.prepareLocal(SessionLocal.java:645) ~[h2-2.3.232.jar:2.3.232]
	at org.h2.engine.SessionLocal.prepareCommand(SessionLocal.java:561) ~[h2-2.3.232.jar:2.3.232]
	at org.h2.jdbc.JdbcConnection.prepareCommand(JdbcConnection.java:1164) ~[h2-2.3.232.jar:2.3.232]
	at org.h2.jdbc.JdbcPreparedStatement.<init>(JdbcPreparedStatement.java:93) ~[h2-2.3.232.jar:2.3.232]
	at org.h2.jdbc.JdbcConnection.prepareStatement(JdbcConnection.java:315) ~[h2-2.3.232.jar:2.3.232]
	at org.springframework.jdbc.core.PreparedStatementCreatorFactory$PreparedStatementCreatorImpl.createPreparedStatement(PreparedStatementCreatorFactory.java:239) ~[spring-jdbc-6.2.1.jar:6.2.1]
	at org.springframework.jdbc.core.JdbcTemplate.execute(JdbcTemplate.java:656) ~[spring-jdbc-6.2.1.jar:6.2.1]
	... 32 common frames omitted

2025-04-23T17:47:45.283+02:00 DEBUG 7688 --- [           main] o.s.jdbc.datasource.init.ScriptUtils     : Executing SQL script from class path resource [test-schema.sql]
2025-04-23T17:47:45.283+02:00 DEBUG 7688 --- [           main] o.s.jdbc.datasource.init.ScriptUtils     : 0 returned as update count for SQL: DROP TABLE IF EXISTS "comment_likes"
2025-04-23T17:47:45.283+02:00 DEBUG 7688 --- [           main] o.s.jdbc.datasource.init.ScriptUtils     : 0 returned as update count for SQL: DROP TABLE IF EXISTS "comments"
2025-04-23T17:47:45.285+02:00 DEBUG 7688 --- [           main] o.s.jdbc.datasource.init.ScriptUtils     : 0 returned as update count for SQL: DROP TABLE IF EXISTS "posts"
2025-04-23T17:47:45.285+02:00 DEBUG 7688 --- [           main] o.s.jdbc.datasource.init.ScriptUtils     : 0 returned as update count for SQL: DROP TABLE IF EXISTS "app_statistics"
2025-04-23T17:47:45.285+02:00 DEBUG 7688 --- [           main] o.s.jdbc.datasource.init.ScriptUtils     : 0 returned as update count for SQL: DROP TABLE IF EXISTS "task_submissions"
2025-04-23T17:47:45.285+02:00 DEBUG 7688 --- [           main] o.s.jdbc.datasource.init.ScriptUtils     : 0 returned as update count for SQL: DROP TABLE IF EXISTS "lesson_ratings"
2025-04-23T17:47:45.285+02:00 DEBUG 7688 --- [           main] o.s.jdbc.datasource.init.ScriptUtils     : 0 returned as update count for SQL: DROP TABLE IF EXISTS "lesson_tasks"
2025-04-23T17:47:45.285+02:00 DEBUG 7688 --- [           main] o.s.jdbc.datasource.init.ScriptUtils     : 0 returned as update count for SQL: DROP TABLE IF EXISTS "lessons"
2025-04-23T17:47:45.285+02:00 DEBUG 7688 --- [           main] o.s.jdbc.datasource.init.ScriptUtils     : 0 returned as update count for SQL: DROP TABLE IF EXISTS "class_signups"
2025-04-23T17:47:45.285+02:00 DEBUG 7688 --- [           main] o.s.jdbc.datasource.init.ScriptUtils     : 0 returned as update count for SQL: DROP TABLE IF EXISTS "school_classes"
2025-04-23T17:47:45.285+02:00 DEBUG 7688 --- [           main] o.s.jdbc.datasource.init.ScriptUtils     : 0 returned as update count for SQL: DROP TABLE IF EXISTS "users"
2025-04-23T17:47:45.285+02:00 DEBUG 7688 --- [           main] o.s.jdbc.datasource.init.ScriptUtils     : 0 returned as update count for SQL: CREATE TABLE "users" ( id BIGINT PRIMARY KEY AUTO_INCREMENT, username VARCHAR(100) UNIQUE NOT NULL, password VARCHAR(255) NOT NULL, role VARCHAR(20), first_name VARCHAR(100), last_name VARCHAR(100), email VARCHAR(200), student_class BIGINT )
2025-04-23T17:47:45.286+02:00 DEBUG 7688 --- [           main] o.s.jdbc.datasource.init.ScriptUtils     : 0 returned as update count for SQL: CREATE TABLE "class_signups" ( id BIGINT PRIMARY KEY AUTO_INCREMENT, user_id BIGINT NOT NULL, status VARCHAR(50), created_date TIMESTAMP, school_class_id BIGINT )
2025-04-23T17:47:45.287+02:00 DEBUG 7688 --- [           main] o.s.jdbc.datasource.init.ScriptUtils     : 0 returned as update count for SQL: CREATE TABLE "school_classes" ( id BIGSERIAL PRIMARY KEY, name VARCHAR(255) NOT NULL, description TEXT, content TEXT, auto_approve BOOLEAN DEFAULT FALSE, teacher_id BIGINT NOT NULL, signup_deadline TIMESTAMP, CONSTRAINT fk_school_classes_teacher FOREIGN KEY (teacher_id) REFERENCES "users"(id) )
2025-04-23T17:47:45.287+02:00 DEBUG 7688 --- [           main] o.s.jdbc.datasource.init.ScriptUtils     : 0 returned as update count for SQL: CREATE TABLE "lessons" ( id BIGSERIAL PRIMARY KEY, school_class_id BIGINT NOT NULL, title VARCHAR(255) NOT NULL, description TEXT, content TEXT NOT NULL, attachment BYTEA, attachment_filename VARCHAR(255), attachment_content_type VARCHAR(100), solution_required BOOLEAN, solution_due_date TIMESTAMP, CONSTRAINT fk_lessons_school_class FOREIGN KEY (school_class_id) REFERENCES "school_classes"(id) )
2025-04-23T17:47:45.287+02:00 DEBUG 7688 --- [           main] o.s.jdbc.datasource.init.ScriptUtils     : 0 returned as update count for SQL: CREATE TABLE "lesson_tasks" ( id BIGSERIAL PRIMARY KEY, lesson_id BIGINT NOT NULL CONSTRAINT fk_lesson_tasks_lesson REFERENCES "lessons"(id) ON DELETE CASCADE, title VARCHAR(255) NOT NULL, description TEXT, due_date TIMESTAMP, solution_required BOOLEAN NOT NULL DEFAULT FALSE )
2025-04-23T17:47:45.288+02:00 DEBUG 7688 --- [           main] o.s.jdbc.datasource.init.ScriptUtils     : 0 returned as update count for SQL: CREATE TABLE "task_submissions" ( id SERIAL PRIMARY KEY, lesson_task_id BIGINT NOT NULL, user_id BIGINT NOT NULL, solution_text TEXT, solution_file BYTEA, solution_filename VARCHAR(255), solution_content_type VARCHAR(255), submitted_date TIMESTAMP WITHOUT TIME ZONE, grade NUMERIC, teacher_comments TEXT )
2025-04-23T17:47:45.288+02:00 DEBUG 7688 --- [           main] o.s.jdbc.datasource.init.ScriptUtils     : 0 returned as update count for SQL: CREATE TABLE "app_statistics" ( id BIGINT PRIMARY KEY AUTO_INCREMENT, stat_name VARCHAR(100), stat_value BIGINT, timestamp TIMESTAMP )
2025-04-23T17:47:45.288+02:00 DEBUG 7688 --- [           main] o.s.jdbc.datasource.init.ScriptUtils     : 0 returned as update count for SQL: CREATE TABLE "posts" ( id BIGINT PRIMARY KEY AUTO_INCREMENT, title VARCHAR(255), author VARCHAR(255), content TEXT, view_count INT DEFAULT 0, thumbnail BLOB, avg_rating FLOAT, attachment BLOB, thumbnail_filename VARCHAR(255), attachment_filename VARCHAR(255), thumbnail_content_type VARCHAR(255), attachment_content_type VARCHAR(255) )
2025-04-23T17:47:45.288+02:00 DEBUG 7688 --- [           main] o.s.jdbc.datasource.init.ScriptUtils     : 0 returned as update count for SQL: CREATE TABLE IF NOT EXISTS "school_classes" ( id BIGINT PRIMARY KEY AUTO_INCREMENT, name VARCHAR(100), description VARCHAR(500), content TEXT, auto_approve BOOLEAN, teacher_id BIGINT, signup_deadline TIMESTAMP )
2025-04-23T17:47:45.288+02:00 DEBUG 7688 --- [           main] o.s.jdbc.datasource.init.ScriptUtils     : 0 returned as update count for SQL: CREATE TABLE IF NOT EXISTS "comments" ( id BIGINT PRIMARY KEY AUTO_INCREMENT, post_id BIGINT NOT NULL, username VARCHAR(100) NOT NULL, text TEXT NOT NULL, likes INT DEFAULT 0, created_date TIMESTAMP )
2025-04-23T17:47:45.290+02:00 DEBUG 7688 --- [           main] o.s.jdbc.datasource.init.ScriptUtils     : 0 returned as update count for SQL: CREATE TABLE IF NOT EXISTS "comment_likes" ( id BIGINT PRIMARY KEY AUTO_INCREMENT, comment_id BIGINT NOT NULL, username VARCHAR(100) NOT NULL )
2025-04-23T17:47:45.290+02:00 DEBUG 7688 --- [           main] o.s.jdbc.datasource.init.ScriptUtils     : 0 returned as update count for SQL: CREATE TABLE "lesson_ratings" ( id SERIAL PRIMARY KEY, lesson_id BIGINT NOT NULL, user_id BIGINT NOT NULL, rating INTEGER NOT NULL CHECK (rating BETWEEN 1 AND 5), created_date TIMESTAMP NOT NULL, CONSTRAINT fk_lesson FOREIGN KEY (lesson_id) REFERENCES "lessons"(id) )
2025-04-23T17:47:45.290+02:00 DEBUG 7688 --- [           main] o.s.jdbc.datasource.init.ScriptUtils     : Executed SQL script from class path resource [test-schema.sql] in 7 ms.
2025-04-23T17:47:45.292+02:00 DEBUG 7688 --- [           main] o.s.jdbc.core.JdbcTemplate               : Executing SQL update [DELETE FROM "users"]
2025-04-23T17:47:45.362+02:00 DEBUG 7688 --- [           main] o.s.jdbc.core.JdbcTemplate               : Executing SQL update and returning generated keys
2025-04-23T17:47:45.362+02:00 DEBUG 7688 --- [           main] o.s.jdbc.core.JdbcTemplate               : Executing prepared SQL statement [INSERT INTO "users" ("EMAIL", "FIRST_NAME", "LAST_NAME", "PASSWORD", "ROLE", "STUDENT_CLASS", "USERNAME") VALUES (?, ?, ?, ?, ?, ?, ?)]
2025-04-23T17:47:45.363+02:00 DEBUG 7688 --- [           main] o.s.security.web.FilterChainProxy        : Securing POST /perform_register
2025-04-23T17:47:45.377+02:00 DEBUG 7688 --- [           main] o.s.security.web.FilterChainProxy        : Secured POST /perform_register
2025-04-23T17:47:45.378+02:00 DEBUG 7688 --- [           main] o.s.s.w.a.AnonymousAuthenticationFilter  : Set SecurityContextHolder to anonymous SecurityContext
2025-04-23T17:47:45.428+02:00 DEBUG 7688 --- [           main] o.s.jdbc.core.JdbcTemplate               : Executing prepared SQL query
2025-04-23T17:47:45.428+02:00 DEBUG 7688 --- [           main] o.s.jdbc.core.JdbcTemplate               : Executing prepared SQL statement [SELECT "users"."ID" AS "ID", "users"."ROLE" AS "ROLE", "users"."EMAIL" AS "EMAIL", "users"."LAST_NAME" AS "LAST_NAME", "users"."PASSWORD" AS "PASSWORD", "users"."USERNAME" AS "USERNAME", "users"."FIRST_NAME" AS "FIRST_NAME", "users"."STUDENT_CLASS" AS "STUDENT_CLASS" FROM "users" WHERE "users"."USERNAME" = ?]
2025-04-23T17:47:45.429+02:00 DEBUG 7688 --- [           main] o.s.jdbc.core.JdbcTemplate               : Executing prepared SQL query
2025-04-23T17:47:45.429+02:00 DEBUG 7688 --- [           main] o.s.jdbc.core.JdbcTemplate               : Executing prepared SQL statement [SELECT "users"."ID" AS "ID", "users"."ROLE" AS "ROLE", "users"."EMAIL" AS "EMAIL", "users"."LAST_NAME" AS "LAST_NAME", "users"."PASSWORD" AS "PASSWORD", "users"."USERNAME" AS "USERNAME", "users"."FIRST_NAME" AS "FIRST_NAME", "users"."STUDENT_CLASS" AS "STUDENT_CLASS" FROM "users" WHERE "users"."EMAIL" = ?]
2025-04-23T17:47:45.448+02:00 DEBUG 7688 --- [           main] o.s.jdbc.core.JdbcTemplate               : Executing SQL query [SELECT COUNT(*) FROM "users"]
]]></system-out>
  </testcase>
  <testcase name="postRegister_duplicateUsername_showsFormWithUsernameError" classname="com.example.demo.integration.AuthControllerIntegrationTest" time="0.077">
    <system-out><![CDATA[2025-04-23T17:47:45.452+02:00 DEBUG 7688 --- [           main] o.s.jdbc.datasource.init.ScriptUtils     : Executing SQL script from class path resource [test-schema.sql]
2025-04-23T17:47:45.453+02:00 DEBUG 7688 --- [           main] o.s.jdbc.datasource.init.ScriptUtils     : 0 returned as update count for SQL: DROP TABLE IF EXISTS "comment_likes"
2025-04-23T17:47:45.453+02:00 DEBUG 7688 --- [           main] o.s.jdbc.datasource.init.ScriptUtils     : 0 returned as update count for SQL: DROP TABLE IF EXISTS "comments"
2025-04-23T17:47:45.453+02:00 DEBUG 7688 --- [           main] o.s.jdbc.datasource.init.ScriptUtils     : 0 returned as update count for SQL: DROP TABLE IF EXISTS "posts"
2025-04-23T17:47:45.454+02:00 DEBUG 7688 --- [           main] o.s.jdbc.datasource.init.ScriptUtils     : 0 returned as update count for SQL: DROP TABLE IF EXISTS "app_statistics"
2025-04-23T17:47:45.454+02:00 DEBUG 7688 --- [           main] o.s.jdbc.datasource.init.ScriptUtils     : 0 returned as update count for SQL: DROP TABLE IF EXISTS "task_submissions"
2025-04-23T17:47:45.454+02:00 DEBUG 7688 --- [           main] o.s.jdbc.datasource.init.ScriptUtils     : 0 returned as update count for SQL: DROP TABLE IF EXISTS "lesson_ratings"
2025-04-23T17:47:45.454+02:00 DEBUG 7688 --- [           main] o.s.jdbc.datasource.init.ScriptUtils     : 0 returned as update count for SQL: DROP TABLE IF EXISTS "lesson_tasks"
2025-04-23T17:47:45.454+02:00 DEBUG 7688 --- [           main] o.s.jdbc.datasource.init.ScriptUtils     : 0 returned as update count for SQL: DROP TABLE IF EXISTS "lessons"
2025-04-23T17:47:45.454+02:00 DEBUG 7688 --- [           main] o.s.jdbc.datasource.init.ScriptUtils     : 0 returned as update count for SQL: DROP TABLE IF EXISTS "class_signups"
2025-04-23T17:47:45.455+02:00 DEBUG 7688 --- [           main] o.s.jdbc.datasource.init.ScriptUtils     : 0 returned as update count for SQL: DROP TABLE IF EXISTS "school_classes"
2025-04-23T17:47:45.455+02:00 DEBUG 7688 --- [           main] o.s.jdbc.datasource.init.ScriptUtils     : 0 returned as update count for SQL: DROP TABLE IF EXISTS "users"
2025-04-23T17:47:45.456+02:00 DEBUG 7688 --- [           main] o.s.jdbc.datasource.init.ScriptUtils     : 0 returned as update count for SQL: CREATE TABLE "users" ( id BIGINT PRIMARY KEY AUTO_INCREMENT, username VARCHAR(100) UNIQUE NOT NULL, password VARCHAR(255) NOT NULL, role VARCHAR(20), first_name VARCHAR(100), last_name VARCHAR(100), email VARCHAR(200), student_class BIGINT )
2025-04-23T17:47:45.456+02:00 DEBUG 7688 --- [           main] o.s.jdbc.datasource.init.ScriptUtils     : 0 returned as update count for SQL: CREATE TABLE "class_signups" ( id BIGINT PRIMARY KEY AUTO_INCREMENT, user_id BIGINT NOT NULL, status VARCHAR(50), created_date TIMESTAMP, school_class_id BIGINT )
2025-04-23T17:47:45.457+02:00 DEBUG 7688 --- [           main] o.s.jdbc.datasource.init.ScriptUtils     : 0 returned as update count for SQL: CREATE TABLE "school_classes" ( id BIGSERIAL PRIMARY KEY, name VARCHAR(255) NOT NULL, description TEXT, content TEXT, auto_approve BOOLEAN DEFAULT FALSE, teacher_id BIGINT NOT NULL, signup_deadline TIMESTAMP, CONSTRAINT fk_school_classes_teacher FOREIGN KEY (teacher_id) REFERENCES "users"(id) )
2025-04-23T17:47:45.457+02:00 DEBUG 7688 --- [           main] o.s.jdbc.datasource.init.ScriptUtils     : 0 returned as update count for SQL: CREATE TABLE "lessons" ( id BIGSERIAL PRIMARY KEY, school_class_id BIGINT NOT NULL, title VARCHAR(255) NOT NULL, description TEXT, content TEXT NOT NULL, attachment BYTEA, attachment_filename VARCHAR(255), attachment_content_type VARCHAR(100), solution_required BOOLEAN, solution_due_date TIMESTAMP, CONSTRAINT fk_lessons_school_class FOREIGN KEY (school_class_id) REFERENCES "school_classes"(id) )
2025-04-23T17:47:45.458+02:00 DEBUG 7688 --- [           main] o.s.jdbc.datasource.init.ScriptUtils     : 0 returned as update count for SQL: CREATE TABLE "lesson_tasks" ( id BIGSERIAL PRIMARY KEY, lesson_id BIGINT NOT NULL CONSTRAINT fk_lesson_tasks_lesson REFERENCES "lessons"(id) ON DELETE CASCADE, title VARCHAR(255) NOT NULL, description TEXT, due_date TIMESTAMP, solution_required BOOLEAN NOT NULL DEFAULT FALSE )
2025-04-23T17:47:45.458+02:00 DEBUG 7688 --- [           main] o.s.jdbc.datasource.init.ScriptUtils     : 0 returned as update count for SQL: CREATE TABLE "task_submissions" ( id SERIAL PRIMARY KEY, lesson_task_id BIGINT NOT NULL, user_id BIGINT NOT NULL, solution_text TEXT, solution_file BYTEA, solution_filename VARCHAR(255), solution_content_type VARCHAR(255), submitted_date TIMESTAMP WITHOUT TIME ZONE, grade NUMERIC, teacher_comments TEXT )
2025-04-23T17:47:45.458+02:00 DEBUG 7688 --- [           main] o.s.jdbc.datasource.init.ScriptUtils     : 0 returned as update count for SQL: CREATE TABLE "app_statistics" ( id BIGINT PRIMARY KEY AUTO_INCREMENT, stat_name VARCHAR(100), stat_value BIGINT, timestamp TIMESTAMP )
2025-04-23T17:47:45.459+02:00 DEBUG 7688 --- [           main] o.s.jdbc.datasource.init.ScriptUtils     : 0 returned as update count for SQL: CREATE TABLE "posts" ( id BIGINT PRIMARY KEY AUTO_INCREMENT, title VARCHAR(255), author VARCHAR(255), content TEXT, view_count INT DEFAULT 0, thumbnail BLOB, avg_rating FLOAT, attachment BLOB, thumbnail_filename VARCHAR(255), attachment_filename VARCHAR(255), thumbnail_content_type VARCHAR(255), attachment_content_type VARCHAR(255) )
2025-04-23T17:47:45.459+02:00 DEBUG 7688 --- [           main] o.s.jdbc.datasource.init.ScriptUtils     : 0 returned as update count for SQL: CREATE TABLE IF NOT EXISTS "school_classes" ( id BIGINT PRIMARY KEY AUTO_INCREMENT, name VARCHAR(100), description VARCHAR(500), content TEXT, auto_approve BOOLEAN, teacher_id BIGINT, signup_deadline TIMESTAMP )
2025-04-23T17:47:45.459+02:00 DEBUG 7688 --- [           main] o.s.jdbc.datasource.init.ScriptUtils     : 0 returned as update count for SQL: CREATE TABLE IF NOT EXISTS "comments" ( id BIGINT PRIMARY KEY AUTO_INCREMENT, post_id BIGINT NOT NULL, username VARCHAR(100) NOT NULL, text TEXT NOT NULL, likes INT DEFAULT 0, created_date TIMESTAMP )
2025-04-23T17:47:45.459+02:00 DEBUG 7688 --- [           main] o.s.jdbc.datasource.init.ScriptUtils     : 0 returned as update count for SQL: CREATE TABLE IF NOT EXISTS "comment_likes" ( id BIGINT PRIMARY KEY AUTO_INCREMENT, comment_id BIGINT NOT NULL, username VARCHAR(100) NOT NULL )
2025-04-23T17:47:45.460+02:00 DEBUG 7688 --- [           main] o.s.jdbc.datasource.init.ScriptUtils     : 0 returned as update count for SQL: CREATE TABLE "lesson_ratings" ( id SERIAL PRIMARY KEY, lesson_id BIGINT NOT NULL, user_id BIGINT NOT NULL, rating INTEGER NOT NULL CHECK (rating BETWEEN 1 AND 5), created_date TIMESTAMP NOT NULL, CONSTRAINT fk_lesson FOREIGN KEY (lesson_id) REFERENCES "lessons"(id) )
2025-04-23T17:47:45.460+02:00 DEBUG 7688 --- [           main] o.s.jdbc.datasource.init.ScriptUtils     : Executed SQL script from class path resource [test-schema.sql] in 8 ms.
2025-04-23T17:47:45.461+02:00 DEBUG 7688 --- [           main] o.s.jdbc.core.JdbcTemplate               : Executing SQL update [DELETE FROM "users"]
2025-04-23T17:47:45.519+02:00 DEBUG 7688 --- [           main] o.s.jdbc.core.JdbcTemplate               : Executing SQL update and returning generated keys
2025-04-23T17:47:45.519+02:00 DEBUG 7688 --- [           main] o.s.jdbc.core.JdbcTemplate               : Executing prepared SQL statement [INSERT INTO "users" ("EMAIL", "FIRST_NAME", "LAST_NAME", "PASSWORD", "ROLE", "STUDENT_CLASS", "USERNAME") VALUES (?, ?, ?, ?, ?, ?, ?)]
2025-04-23T17:47:45.520+02:00 DEBUG 7688 --- [           main] o.s.security.web.FilterChainProxy        : Securing POST /perform_register
2025-04-23T17:47:45.520+02:00 DEBUG 7688 --- [           main] o.s.security.web.FilterChainProxy        : Secured POST /perform_register
2025-04-23T17:47:45.520+02:00 DEBUG 7688 --- [           main] o.s.s.w.a.AnonymousAuthenticationFilter  : Set SecurityContextHolder to anonymous SecurityContext
2025-04-23T17:47:45.522+02:00 DEBUG 7688 --- [           main] o.s.jdbc.core.JdbcTemplate               : Executing prepared SQL query
2025-04-23T17:47:45.522+02:00 DEBUG 7688 --- [           main] o.s.jdbc.core.JdbcTemplate               : Executing prepared SQL statement [SELECT "users"."ID" AS "ID", "users"."ROLE" AS "ROLE", "users"."EMAIL" AS "EMAIL", "users"."LAST_NAME" AS "LAST_NAME", "users"."PASSWORD" AS "PASSWORD", "users"."USERNAME" AS "USERNAME", "users"."FIRST_NAME" AS "FIRST_NAME", "users"."STUDENT_CLASS" AS "STUDENT_CLASS" FROM "users" WHERE "users"."USERNAME" = ?]
2025-04-23T17:47:45.523+02:00 DEBUG 7688 --- [           main] o.s.jdbc.core.JdbcTemplate               : Executing prepared SQL query
2025-04-23T17:47:45.523+02:00 DEBUG 7688 --- [           main] o.s.jdbc.core.JdbcTemplate               : Executing prepared SQL statement [SELECT "users"."ID" AS "ID", "users"."ROLE" AS "ROLE", "users"."EMAIL" AS "EMAIL", "users"."LAST_NAME" AS "LAST_NAME", "users"."PASSWORD" AS "PASSWORD", "users"."USERNAME" AS "USERNAME", "users"."FIRST_NAME" AS "FIRST_NAME", "users"."STUDENT_CLASS" AS "STUDENT_CLASS" FROM "users" WHERE "users"."EMAIL" = ?]
2025-04-23T17:47:45.527+02:00 DEBUG 7688 --- [           main] o.s.jdbc.core.JdbcTemplate               : Executing SQL query [SELECT COUNT(*) FROM "users"]
]]></system-out>
  </testcase>
  <testcase name="getLoginPage_withErrorParam_setsLoginErrorFlag" classname="com.example.demo.integration.AuthControllerIntegrationTest" time="0.02">
    <system-out><![CDATA[2025-04-23T17:47:45.529+02:00 DEBUG 7688 --- [           main] o.s.jdbc.datasource.init.ScriptUtils     : Executing SQL script from class path resource [test-schema.sql]
2025-04-23T17:47:45.531+02:00 DEBUG 7688 --- [           main] o.s.jdbc.datasource.init.ScriptUtils     : 0 returned as update count for SQL: DROP TABLE IF EXISTS "comment_likes"
2025-04-23T17:47:45.531+02:00 DEBUG 7688 --- [           main] o.s.jdbc.datasource.init.ScriptUtils     : 0 returned as update count for SQL: DROP TABLE IF EXISTS "comments"
2025-04-23T17:47:45.531+02:00 DEBUG 7688 --- [           main] o.s.jdbc.datasource.init.ScriptUtils     : 0 returned as update count for SQL: DROP TABLE IF EXISTS "posts"
2025-04-23T17:47:45.531+02:00 DEBUG 7688 --- [           main] o.s.jdbc.datasource.init.ScriptUtils     : 0 returned as update count for SQL: DROP TABLE IF EXISTS "app_statistics"
2025-04-23T17:47:45.532+02:00 DEBUG 7688 --- [           main] o.s.jdbc.datasource.init.ScriptUtils     : 0 returned as update count for SQL: DROP TABLE IF EXISTS "task_submissions"
2025-04-23T17:47:45.532+02:00 DEBUG 7688 --- [           main] o.s.jdbc.datasource.init.ScriptUtils     : 0 returned as update count for SQL: DROP TABLE IF EXISTS "lesson_ratings"
2025-04-23T17:47:45.532+02:00 DEBUG 7688 --- [           main] o.s.jdbc.datasource.init.ScriptUtils     : 0 returned as update count for SQL: DROP TABLE IF EXISTS "lesson_tasks"
2025-04-23T17:47:45.532+02:00 DEBUG 7688 --- [           main] o.s.jdbc.datasource.init.ScriptUtils     : 0 returned as update count for SQL: DROP TABLE IF EXISTS "lessons"
2025-04-23T17:47:45.532+02:00 DEBUG 7688 --- [           main] o.s.jdbc.datasource.init.ScriptUtils     : 0 returned as update count for SQL: DROP TABLE IF EXISTS "class_signups"
2025-04-23T17:47:45.532+02:00 DEBUG 7688 --- [           main] o.s.jdbc.datasource.init.ScriptUtils     : 0 returned as update count for SQL: DROP TABLE IF EXISTS "school_classes"
2025-04-23T17:47:45.532+02:00 DEBUG 7688 --- [           main] o.s.jdbc.datasource.init.ScriptUtils     : 0 returned as update count for SQL: DROP TABLE IF EXISTS "users"
2025-04-23T17:47:45.533+02:00 DEBUG 7688 --- [           main] o.s.jdbc.datasource.init.ScriptUtils     : 0 returned as update count for SQL: CREATE TABLE "users" ( id BIGINT PRIMARY KEY AUTO_INCREMENT, username VARCHAR(100) UNIQUE NOT NULL, password VARCHAR(255) NOT NULL, role VARCHAR(20), first_name VARCHAR(100), last_name VARCHAR(100), email VARCHAR(200), student_class BIGINT )
2025-04-23T17:47:45.533+02:00 DEBUG 7688 --- [           main] o.s.jdbc.datasource.init.ScriptUtils     : 0 returned as update count for SQL: CREATE TABLE "class_signups" ( id BIGINT PRIMARY KEY AUTO_INCREMENT, user_id BIGINT NOT NULL, status VARCHAR(50), created_date TIMESTAMP, school_class_id BIGINT )
2025-04-23T17:47:45.533+02:00 DEBUG 7688 --- [           main] o.s.jdbc.datasource.init.ScriptUtils     : 0 returned as update count for SQL: CREATE TABLE "school_classes" ( id BIGSERIAL PRIMARY KEY, name VARCHAR(255) NOT NULL, description TEXT, content TEXT, auto_approve BOOLEAN DEFAULT FALSE, teacher_id BIGINT NOT NULL, signup_deadline TIMESTAMP, CONSTRAINT fk_school_classes_teacher FOREIGN KEY (teacher_id) REFERENCES "users"(id) )
2025-04-23T17:47:45.535+02:00 DEBUG 7688 --- [           main] o.s.jdbc.datasource.init.ScriptUtils     : 0 returned as update count for SQL: CREATE TABLE "lessons" ( id BIGSERIAL PRIMARY KEY, school_class_id BIGINT NOT NULL, title VARCHAR(255) NOT NULL, description TEXT, content TEXT NOT NULL, attachment BYTEA, attachment_filename VARCHAR(255), attachment_content_type VARCHAR(100), solution_required BOOLEAN, solution_due_date TIMESTAMP, CONSTRAINT fk_lessons_school_class FOREIGN KEY (school_class_id) REFERENCES "school_classes"(id) )
2025-04-23T17:47:45.536+02:00 DEBUG 7688 --- [           main] o.s.jdbc.datasource.init.ScriptUtils     : 0 returned as update count for SQL: CREATE TABLE "lesson_tasks" ( id BIGSERIAL PRIMARY KEY, lesson_id BIGINT NOT NULL CONSTRAINT fk_lesson_tasks_lesson REFERENCES "lessons"(id) ON DELETE CASCADE, title VARCHAR(255) NOT NULL, description TEXT, due_date TIMESTAMP, solution_required BOOLEAN NOT NULL DEFAULT FALSE )
2025-04-23T17:47:45.536+02:00 DEBUG 7688 --- [           main] o.s.jdbc.datasource.init.ScriptUtils     : 0 returned as update count for SQL: CREATE TABLE "task_submissions" ( id SERIAL PRIMARY KEY, lesson_task_id BIGINT NOT NULL, user_id BIGINT NOT NULL, solution_text TEXT, solution_file BYTEA, solution_filename VARCHAR(255), solution_content_type VARCHAR(255), submitted_date TIMESTAMP WITHOUT TIME ZONE, grade NUMERIC, teacher_comments TEXT )
2025-04-23T17:47:45.536+02:00 DEBUG 7688 --- [           main] o.s.jdbc.datasource.init.ScriptUtils     : 0 returned as update count for SQL: CREATE TABLE "app_statistics" ( id BIGINT PRIMARY KEY AUTO_INCREMENT, stat_name VARCHAR(100), stat_value BIGINT, timestamp TIMESTAMP )
2025-04-23T17:47:45.536+02:00 DEBUG 7688 --- [           main] o.s.jdbc.datasource.init.ScriptUtils     : 0 returned as update count for SQL: CREATE TABLE "posts" ( id BIGINT PRIMARY KEY AUTO_INCREMENT, title VARCHAR(255), author VARCHAR(255), content TEXT, view_count INT DEFAULT 0, thumbnail BLOB, avg_rating FLOAT, attachment BLOB, thumbnail_filename VARCHAR(255), attachment_filename VARCHAR(255), thumbnail_content_type VARCHAR(255), attachment_content_type VARCHAR(255) )
2025-04-23T17:47:45.536+02:00 DEBUG 7688 --- [           main] o.s.jdbc.datasource.init.ScriptUtils     : 0 returned as update count for SQL: CREATE TABLE IF NOT EXISTS "school_classes" ( id BIGINT PRIMARY KEY AUTO_INCREMENT, name VARCHAR(100), description VARCHAR(500), content TEXT, auto_approve BOOLEAN, teacher_id BIGINT, signup_deadline TIMESTAMP )
2025-04-23T17:47:45.536+02:00 DEBUG 7688 --- [           main] o.s.jdbc.datasource.init.ScriptUtils     : 0 returned as update count for SQL: CREATE TABLE IF NOT EXISTS "comments" ( id BIGINT PRIMARY KEY AUTO_INCREMENT, post_id BIGINT NOT NULL, username VARCHAR(100) NOT NULL, text TEXT NOT NULL, likes INT DEFAULT 0, created_date TIMESTAMP )
2025-04-23T17:47:45.537+02:00 DEBUG 7688 --- [           main] o.s.jdbc.datasource.init.ScriptUtils     : 0 returned as update count for SQL: CREATE TABLE IF NOT EXISTS "comment_likes" ( id BIGINT PRIMARY KEY AUTO_INCREMENT, comment_id BIGINT NOT NULL, username VARCHAR(100) NOT NULL )
2025-04-23T17:47:45.537+02:00 DEBUG 7688 --- [           main] o.s.jdbc.datasource.init.ScriptUtils     : 0 returned as update count for SQL: CREATE TABLE "lesson_ratings" ( id SERIAL PRIMARY KEY, lesson_id BIGINT NOT NULL, user_id BIGINT NOT NULL, rating INTEGER NOT NULL CHECK (rating BETWEEN 1 AND 5), created_date TIMESTAMP NOT NULL, CONSTRAINT fk_lesson FOREIGN KEY (lesson_id) REFERENCES "lessons"(id) )
2025-04-23T17:47:45.537+02:00 DEBUG 7688 --- [           main] o.s.jdbc.datasource.init.ScriptUtils     : Executed SQL script from class path resource [test-schema.sql] in 8 ms.
2025-04-23T17:47:45.540+02:00 DEBUG 7688 --- [           main] o.s.jdbc.core.JdbcTemplate               : Executing SQL update [DELETE FROM "users"]
2025-04-23T17:47:45.541+02:00 DEBUG 7688 --- [           main] o.s.security.web.FilterChainProxy        : Securing GET /login
2025-04-23T17:47:45.541+02:00 DEBUG 7688 --- [           main] o.s.security.web.FilterChainProxy        : Secured GET /login
2025-04-23T17:47:45.541+02:00 DEBUG 7688 --- [           main] o.s.s.w.a.AnonymousAuthenticationFilter  : Set SecurityContextHolder to anonymous SecurityContext
2025-04-23T17:47:45.544+02:00  WARN 7688 --- [           main] actStandardFragmentInsertionTagProcessor : [THYMELEAF][main][login] Deprecated unwrapped fragment expression "common :: footer" found in template login, line 30, col 6. Please use the complete syntax of fragment expressions instead ("~{common :: footer}"). The old, unwrapped syntax for fragment expressions will be removed in future versions of Thymeleaf.
]]></system-out>
  </testcase>
  <testcase name="getRegisterPage_returns200AndContainsFormAttribute" classname="com.example.demo.integration.AuthControllerIntegrationTest" time="0.012">
    <system-out><![CDATA[2025-04-23T17:47:45.550+02:00 DEBUG 7688 --- [           main] o.s.jdbc.datasource.init.ScriptUtils     : Executing SQL script from class path resource [test-schema.sql]
2025-04-23T17:47:45.551+02:00 DEBUG 7688 --- [           main] o.s.jdbc.datasource.init.ScriptUtils     : 0 returned as update count for SQL: DROP TABLE IF EXISTS "comment_likes"
2025-04-23T17:47:45.551+02:00 DEBUG 7688 --- [           main] o.s.jdbc.datasource.init.ScriptUtils     : 0 returned as update count for SQL: DROP TABLE IF EXISTS "comments"
2025-04-23T17:47:45.551+02:00 DEBUG 7688 --- [           main] o.s.jdbc.datasource.init.ScriptUtils     : 0 returned as update count for SQL: DROP TABLE IF EXISTS "posts"
2025-04-23T17:47:45.551+02:00 DEBUG 7688 --- [           main] o.s.jdbc.datasource.init.ScriptUtils     : 0 returned as update count for SQL: DROP TABLE IF EXISTS "app_statistics"
2025-04-23T17:47:45.551+02:00 DEBUG 7688 --- [           main] o.s.jdbc.datasource.init.ScriptUtils     : 0 returned as update count for SQL: DROP TABLE IF EXISTS "task_submissions"
2025-04-23T17:47:45.551+02:00 DEBUG 7688 --- [           main] o.s.jdbc.datasource.init.ScriptUtils     : 0 returned as update count for SQL: DROP TABLE IF EXISTS "lesson_ratings"
2025-04-23T17:47:45.551+02:00 DEBUG 7688 --- [           main] o.s.jdbc.datasource.init.ScriptUtils     : 0 returned as update count for SQL: DROP TABLE IF EXISTS "lesson_tasks"
2025-04-23T17:47:45.552+02:00 DEBUG 7688 --- [           main] o.s.jdbc.datasource.init.ScriptUtils     : 0 returned as update count for SQL: DROP TABLE IF EXISTS "lessons"
2025-04-23T17:47:45.552+02:00 DEBUG 7688 --- [           main] o.s.jdbc.datasource.init.ScriptUtils     : 0 returned as update count for SQL: DROP TABLE IF EXISTS "class_signups"
2025-04-23T17:47:45.552+02:00 DEBUG 7688 --- [           main] o.s.jdbc.datasource.init.ScriptUtils     : 0 returned as update count for SQL: DROP TABLE IF EXISTS "school_classes"
2025-04-23T17:47:45.552+02:00 DEBUG 7688 --- [           main] o.s.jdbc.datasource.init.ScriptUtils     : 0 returned as update count for SQL: DROP TABLE IF EXISTS "users"
2025-04-23T17:47:45.552+02:00 DEBUG 7688 --- [           main] o.s.jdbc.datasource.init.ScriptUtils     : 0 returned as update count for SQL: CREATE TABLE "users" ( id BIGINT PRIMARY KEY AUTO_INCREMENT, username VARCHAR(100) UNIQUE NOT NULL, password VARCHAR(255) NOT NULL, role VARCHAR(20), first_name VARCHAR(100), last_name VARCHAR(100), email VARCHAR(200), student_class BIGINT )
2025-04-23T17:47:45.553+02:00 DEBUG 7688 --- [           main] o.s.jdbc.datasource.init.ScriptUtils     : 0 returned as update count for SQL: CREATE TABLE "class_signups" ( id BIGINT PRIMARY KEY AUTO_INCREMENT, user_id BIGINT NOT NULL, status VARCHAR(50), created_date TIMESTAMP, school_class_id BIGINT )
2025-04-23T17:47:45.553+02:00 DEBUG 7688 --- [           main] o.s.jdbc.datasource.init.ScriptUtils     : 0 returned as update count for SQL: CREATE TABLE "school_classes" ( id BIGSERIAL PRIMARY KEY, name VARCHAR(255) NOT NULL, description TEXT, content TEXT, auto_approve BOOLEAN DEFAULT FALSE, teacher_id BIGINT NOT NULL, signup_deadline TIMESTAMP, CONSTRAINT fk_school_classes_teacher FOREIGN KEY (teacher_id) REFERENCES "users"(id) )
2025-04-23T17:47:45.554+02:00 DEBUG 7688 --- [           main] o.s.jdbc.datasource.init.ScriptUtils     : 0 returned as update count for SQL: CREATE TABLE "lessons" ( id BIGSERIAL PRIMARY KEY, school_class_id BIGINT NOT NULL, title VARCHAR(255) NOT NULL, description TEXT, content TEXT NOT NULL, attachment BYTEA, attachment_filename VARCHAR(255), attachment_content_type VARCHAR(100), solution_required BOOLEAN, solution_due_date TIMESTAMP, CONSTRAINT fk_lessons_school_class FOREIGN KEY (school_class_id) REFERENCES "school_classes"(id) )
2025-04-23T17:47:45.554+02:00 DEBUG 7688 --- [           main] o.s.jdbc.datasource.init.ScriptUtils     : 0 returned as update count for SQL: CREATE TABLE "lesson_tasks" ( id BIGSERIAL PRIMARY KEY, lesson_id BIGINT NOT NULL CONSTRAINT fk_lesson_tasks_lesson REFERENCES "lessons"(id) ON DELETE CASCADE, title VARCHAR(255) NOT NULL, description TEXT, due_date TIMESTAMP, solution_required BOOLEAN NOT NULL DEFAULT FALSE )
2025-04-23T17:47:45.554+02:00 DEBUG 7688 --- [           main] o.s.jdbc.datasource.init.ScriptUtils     : 0 returned as update count for SQL: CREATE TABLE "task_submissions" ( id SERIAL PRIMARY KEY, lesson_task_id BIGINT NOT NULL, user_id BIGINT NOT NULL, solution_text TEXT, solution_file BYTEA, solution_filename VARCHAR(255), solution_content_type VARCHAR(255), submitted_date TIMESTAMP WITHOUT TIME ZONE, grade NUMERIC, teacher_comments TEXT )
2025-04-23T17:47:45.555+02:00 DEBUG 7688 --- [           main] o.s.jdbc.datasource.init.ScriptUtils     : 0 returned as update count for SQL: CREATE TABLE "app_statistics" ( id BIGINT PRIMARY KEY AUTO_INCREMENT, stat_name VARCHAR(100), stat_value BIGINT, timestamp TIMESTAMP )
2025-04-23T17:47:45.555+02:00 DEBUG 7688 --- [           main] o.s.jdbc.datasource.init.ScriptUtils     : 0 returned as update count for SQL: CREATE TABLE "posts" ( id BIGINT PRIMARY KEY AUTO_INCREMENT, title VARCHAR(255), author VARCHAR(255), content TEXT, view_count INT DEFAULT 0, thumbnail BLOB, avg_rating FLOAT, attachment BLOB, thumbnail_filename VARCHAR(255), attachment_filename VARCHAR(255), thumbnail_content_type VARCHAR(255), attachment_content_type VARCHAR(255) )
2025-04-23T17:47:45.555+02:00 DEBUG 7688 --- [           main] o.s.jdbc.datasource.init.ScriptUtils     : 0 returned as update count for SQL: CREATE TABLE IF NOT EXISTS "school_classes" ( id BIGINT PRIMARY KEY AUTO_INCREMENT, name VARCHAR(100), description VARCHAR(500), content TEXT, auto_approve BOOLEAN, teacher_id BIGINT, signup_deadline TIMESTAMP )
2025-04-23T17:47:45.555+02:00 DEBUG 7688 --- [           main] o.s.jdbc.datasource.init.ScriptUtils     : 0 returned as update count for SQL: CREATE TABLE IF NOT EXISTS "comments" ( id BIGINT PRIMARY KEY AUTO_INCREMENT, post_id BIGINT NOT NULL, username VARCHAR(100) NOT NULL, text TEXT NOT NULL, likes INT DEFAULT 0, created_date TIMESTAMP )
2025-04-23T17:47:45.555+02:00 DEBUG 7688 --- [           main] o.s.jdbc.datasource.init.ScriptUtils     : 0 returned as update count for SQL: CREATE TABLE IF NOT EXISTS "comment_likes" ( id BIGINT PRIMARY KEY AUTO_INCREMENT, comment_id BIGINT NOT NULL, username VARCHAR(100) NOT NULL )
2025-04-23T17:47:45.555+02:00 DEBUG 7688 --- [           main] o.s.jdbc.datasource.init.ScriptUtils     : 0 returned as update count for SQL: CREATE TABLE "lesson_ratings" ( id SERIAL PRIMARY KEY, lesson_id BIGINT NOT NULL, user_id BIGINT NOT NULL, rating INTEGER NOT NULL CHECK (rating BETWEEN 1 AND 5), created_date TIMESTAMP NOT NULL, CONSTRAINT fk_lesson FOREIGN KEY (lesson_id) REFERENCES "lessons"(id) )
2025-04-23T17:47:45.555+02:00 DEBUG 7688 --- [           main] o.s.jdbc.datasource.init.ScriptUtils     : Executed SQL script from class path resource [test-schema.sql] in 5 ms.
2025-04-23T17:47:45.555+02:00 DEBUG 7688 --- [           main] o.s.jdbc.core.JdbcTemplate               : Executing SQL update [DELETE FROM "users"]
2025-04-23T17:47:45.558+02:00 DEBUG 7688 --- [           main] o.s.security.web.FilterChainProxy        : Securing GET /register
2025-04-23T17:47:45.558+02:00 DEBUG 7688 --- [           main] o.s.security.web.FilterChainProxy        : Secured GET /register
2025-04-23T17:47:45.558+02:00 DEBUG 7688 --- [           main] o.s.s.w.a.AnonymousAuthenticationFilter  : Set SecurityContextHolder to anonymous SecurityContext
]]></system-out>
  </testcase>
</testsuite>